{"/home/runner/work/back-end/back-end/src/core/common/repository/BaseRepository.ts": {"path":"/home/runner/work/back-end/back-end/src/core/common/repository/BaseRepository.ts","statementMap":{"0":{"start":{"line":1,"column":0},"end":{"line":1,"column":75}},"1":{"start":{"line":2,"column":0},"end":{"line":2,"column":52}},"2":{"start":{"line":7,"column":7},"end":{"line":12,"column":null}},"3":{"start":{"line":10,"column":23},"end":{"line":10,"column":62}},"4":{"start":{"line":7,"column":13},"end":{"line":7,"column":27}},"5":{"start":{"line":7,"column":13},"end":{"line":12,"column":null}}},"fnMap":{"0":{"name":"(anonymous_4)","decl":{"start":{"line":8,"column":2},"end":{"line":8,"column":null}},"loc":{"start":{"line":10,"column":62},"end":{"line":11,"column":6}}}},"branchMap":{},"s":{"0":2,"1":2,"2":2,"3":0,"4":2,"5":2},"f":{"0":0},"b":{}}
,"/home/runner/work/back-end/back-end/src/core/common/util/DateUtil.ts": {"path":"/home/runner/work/back-end/back-end/src/core/common/util/DateUtil.ts","statementMap":{"0":{"start":{"line":1,"column":0},"end":{"line":1,"column":33}},"1":{"start":{"line":5,"column":4},"end":{"line":5,"column":40}},"2":{"start":{"line":3,"column":0},"end":{"line":3,"column":13}}},"fnMap":{"0":{"name":"(anonymous_0)","decl":{"start":{"line":4,"column":9},"end":{"line":4,"column":15}},"loc":{"start":{"line":4,"column":78},"end":{"line":6,"column":3}}}},"branchMap":{"0":{"loc":{"start":{"line":4,"column":39},"end":{"line":4,"column":78}},"type":"default-arg","locations":[{"start":{"line":4,"column":57},"end":{"line":4,"column":78}}]}},"s":{"0":1,"1":12,"2":1},"f":{"0":12},"b":{"0":[12]}}
,"/home/runner/work/back-end/back-end/src/core/common/util/FileUtil.ts": {"path":"/home/runner/work/back-end/back-end/src/core/common/util/FileUtil.ts","statementMap":{"0":{"start":{"line":1,"column":0},"end":{"line":1,"column":25}},"1":{"start":{"line":4,"column":4},"end":{"line":4,"column":86}},"2":{"start":{"line":8,"column":4},"end":{"line":8,"column":45}},"3":{"start":{"line":2,"column":0},"end":{"line":2,"column":13}}},"fnMap":{"0":{"name":"(anonymous_0)","decl":{"start":{"line":3,"column":9},"end":{"line":3,"column":15}},"loc":{"start":{"line":3,"column":55},"end":{"line":5,"column":3}}},"1":{"name":"(anonymous_1)","decl":{"start":{"line":7,"column":9},"end":{"line":7,"column":15}},"loc":{"start":{"line":7,"column":36},"end":{"line":9,"column":3}}}},"branchMap":{},"s":{"0":0,"1":0,"2":0,"3":0},"f":{"0":0,"1":0},"b":{}}
,"/home/runner/work/back-end/back-end/src/core/common/util/StringUtil.ts": {"path":"/home/runner/work/back-end/back-end/src/core/common/util/StringUtil.ts","statementMap":{"0":{"start":{"line":3,"column":4},"end":{"line":3,"column":54}},"1":{"start":{"line":1,"column":0},"end":{"line":1,"column":13}}},"fnMap":{"0":{"name":"(anonymous_0)","decl":{"start":{"line":2,"column":9},"end":{"line":2,"column":15}},"loc":{"start":{"line":2,"column":38},"end":{"line":4,"column":3}}}},"branchMap":{},"s":{"0":0,"1":1},"f":{"0":0},"b":{}}
,"/home/runner/work/back-end/back-end/src/core/common/util/UrlUtil.ts": {"path":"/home/runner/work/back-end/back-end/src/core/common/util/UrlUtil.ts","statementMap":{"0":{"start":{"line":1,"column":0},"end":{"line":1,"column":26}},"1":{"start":{"line":2,"column":0},"end":{"line":2,"column":51}},"2":{"start":{"line":3,"column":0},"end":{"line":3,"column":62}},"3":{"start":{"line":8,"column":21},"end":{"line":8,"column":52}},"4":{"start":{"line":10,"column":4},"end":{"line":10,"column":32}},"5":{"start":{"line":14,"column":4},"end":{"line":24,"column":null}},"6":{"start":{"line":15,"column":23},"end":{"line":15,"column":82}},"7":{"start":{"line":17,"column":6},"end":{"line":21,"column":null}},"8":{"start":{"line":18,"column":8},"end":{"line":18,"column":52}},"9":{"start":{"line":20,"column":8},"end":{"line":20,"column":67}},"10":{"start":{"line":23,"column":6},"end":{"line":23,"column":65}},"11":{"start":{"line":5,"column":0},"end":{"line":5,"column":13}}},"fnMap":{"0":{"name":"(anonymous_0)","decl":{"start":{"line":7,"column":9},"end":{"line":7,"column":15}},"loc":{"start":{"line":7,"column":40},"end":{"line":11,"column":3}}},"1":{"name":"(anonymous_1)","decl":{"start":{"line":13,"column":9},"end":{"line":13,"column":15}},"loc":{"start":{"line":13,"column":56},"end":{"line":25,"column":3}}}},"branchMap":{"0":{"loc":{"start":{"line":17,"column":6},"end":{"line":21,"column":null}},"type":"if","locations":[{"start":{"line":17,"column":6},"end":{"line":21,"column":null}},{"start":{"line":19,"column":13},"end":{"line":21,"column":null}}]}},"s":{"0":1,"1":1,"2":1,"3":0,"4":0,"5":0,"6":0,"7":0,"8":0,"9":0,"10":0,"11":1},"f":{"0":0,"1":0},"b":{"0":[0,0]}}
,"/home/runner/work/back-end/back-end/src/core/common/util/converter/ConverterUtil.ts": {"path":"/home/runner/work/back-end/back-end/src/core/common/util/converter/ConverterUtil.ts","statementMap":{"0":{"start":{"line":13,"column":32},"end":{"line":29,"column":6}},"1":{"start":{"line":30,"column":4},"end":{"line":30,"column":18}},"2":{"start":{"line":37,"column":26},"end":{"line":52,"column":6}},"3":{"start":{"line":39,"column":8},"end":{"line":41,"column":16}},"4":{"start":{"line":43,"column":8},"end":{"line":45,"column":16}},"5":{"start":{"line":46,"column":41},"end":{"line":50,"column":8}},"6":{"start":{"line":51,"column":6},"end":{"line":51,"column":20}},"7":{"start":{"line":54,"column":40},"end":{"line":69,"column":6}},"8":{"start":{"line":56,"column":8},"end":{"line":58,"column":16}},"9":{"start":{"line":60,"column":8},"end":{"line":62,"column":16}},"10":{"start":{"line":63,"column":49},"end":{"line":67,"column":8}},"11":{"start":{"line":68,"column":6},"end":{"line":68,"column":20}},"12":{"start":{"line":71,"column":53},"end":{"line":87,"column":6}},"13":{"start":{"line":89,"column":4},"end":{"line":89,"column":18}},"14":{"start":{"line":8,"column":0},"end":{"line":8,"column":13}}},"fnMap":{"0":{"name":"(anonymous_0)","decl":{"start":{"line":9,"column":9},"end":{"line":9,"column":15}},"loc":{"start":{"line":11,"column":19},"end":{"line":31,"column":3}}},"1":{"name":"(anonymous_1)","decl":{"start":{"line":33,"column":9},"end":{"line":33,"column":15}},"loc":{"start":{"line":35,"column":19},"end":{"line":90,"column":3}}},"2":{"name":"(anonymous_2)","decl":{"start":{"line":37,"column":68},"end":{"line":37,"column":69}},"loc":{"start":{"line":37,"column":85},"end":{"line":52,"column":5}}},"3":{"name":"(anonymous_3)","decl":{"start":{"line":54,"column":80},"end":{"line":54,"column":81}},"loc":{"start":{"line":54,"column":97},"end":{"line":69,"column":5}}}},"branchMap":{"0":{"loc":{"start":{"line":27,"column":19},"end":{"line":27,"column":52}},"type":"binary-expr","locations":[{"start":{"line":27,"column":19},"end":{"line":27,"column":46}},{"start":{"line":27,"column":50},"end":{"line":27,"column":52}}]},"1":{"loc":{"start":{"line":28,"column":17},"end":{"line":28,"column":51}},"type":"binary-expr","locations":[{"start":{"line":28,"column":17},"end":{"line":28,"column":42}},{"start":{"line":28,"column":46},"end":{"line":28,"column":51}}]},"2":{"loc":{"start":{"line":39,"column":8},"end":{"line":41,"column":16}},"type":"cond-expr","locations":[{"start":{"line":40,"column":12},"end":{"line":40,"column":58}},{"start":{"line":41,"column":12},"end":{"line":41,"column":16}}]},"3":{"loc":{"start":{"line":43,"column":8},"end":{"line":45,"column":16}},"type":"cond-expr","locations":[{"start":{"line":44,"column":12},"end":{"line":44,"column":67}},{"start":{"line":45,"column":12},"end":{"line":45,"column":16}}]},"4":{"loc":{"start":{"line":56,"column":8},"end":{"line":58,"column":16}},"type":"cond-expr","locations":[{"start":{"line":57,"column":12},"end":{"line":57,"column":58}},{"start":{"line":58,"column":12},"end":{"line":58,"column":16}}]},"5":{"loc":{"start":{"line":60,"column":8},"end":{"line":62,"column":16}},"type":"cond-expr","locations":[{"start":{"line":61,"column":12},"end":{"line":61,"column":64}},{"start":{"line":62,"column":12},"end":{"line":62,"column":16}}]},"6":{"loc":{"start":{"line":83,"column":19},"end":{"line":83,"column":52}},"type":"binary-expr","locations":[{"start":{"line":83,"column":19},"end":{"line":83,"column":46}},{"start":{"line":83,"column":50},"end":{"line":83,"column":52}}]},"7":{"loc":{"start":{"line":85,"column":17},"end":{"line":85,"column":51}},"type":"binary-expr","locations":[{"start":{"line":85,"column":17},"end":{"line":85,"column":42}},{"start":{"line":85,"column":46},"end":{"line":85,"column":51}}]}},"s":{"0":0,"1":0,"2":0,"3":0,"4":0,"5":0,"6":0,"7":0,"8":0,"9":0,"10":0,"11":0,"12":0,"13":0,"14":0},"f":{"0":0,"1":0,"2":0,"3":0},"b":{"0":[0,0],"1":[0,0],"2":[0,0],"3":[0,0],"4":[0,0],"5":[0,0],"6":[0,0],"7":[0,0]}}
,"/home/runner/work/back-end/back-end/src/core/common/util/jwt/JwtUtil.ts": {"path":"/home/runner/work/back-end/back-end/src/core/common/util/jwt/JwtUtil.ts","statementMap":{"0":{"start":{"line":1,"column":0},"end":{"line":1,"column":61}},"1":{"start":{"line":2,"column":0},"end":{"line":2,"column":72}},"2":{"start":{"line":3,"column":0},"end":{"line":3,"column":52}},"3":{"start":{"line":4,"column":0},"end":{"line":4,"column":47}},"4":{"start":{"line":5,"column":0},"end":{"line":5,"column":41}},"5":{"start":{"line":18,"column":0},"end":{"line":18,"column":null}},"6":{"start":{"line":19,"column":2},"end":{"line":19,"column":null}},"7":{"start":{"line":20,"column":2},"end":{"line":20,"column":null}},"8":{"start":{"line":21,"column":2},"end":{"line":21,"column":null}},"9":{"start":{"line":22,"column":2},"end":{"line":22,"column":null}},"10":{"start":{"line":27,"column":7},"end":{"line":51,"column":null}},"11":{"start":{"line":29,"column":22},"end":{"line":29,"column":34}},"12":{"start":{"line":29,"column":54},"end":{"line":29,"column":69}},"13":{"start":{"line":28,"column":10},"end":{"line":28,"column":52}},"14":{"start":{"line":32,"column":4},"end":{"line":35,"column":7}},"15":{"start":{"line":39,"column":4},"end":{"line":49,"column":null}},"16":{"start":{"line":40,"column":22},"end":{"line":42,"column":8}},"17":{"start":{"line":44,"column":6},"end":{"line":44,"column":21}},"18":{"start":{"line":46,"column":6},"end":{"line":48,"column":null}},"19":{"start":{"line":47,"column":8},"end":{"line":47,"column":64}},"20":{"start":{"line":27,"column":13},"end":{"line":27,"column":20}},"21":{"start":{"line":27,"column":13},"end":{"line":51,"column":null}}},"fnMap":{"0":{"name":"(anonymous_2)","decl":{"start":{"line":18,"column":0},"end":{"line":18,"column":12}},"loc":{"start":{"line":18,"column":19},"end":{"line":23,"column":1}}},"1":{"name":"(anonymous_3)","decl":{"start":{"line":29,"column":2},"end":{"line":29,"column":22}},"loc":{"start":{"line":29,"column":82},"end":{"line":29,"column":86}}},"2":{"name":"(anonymous_4)","decl":{"start":{"line":31,"column":2},"end":{"line":31,"column":11}},"loc":{"start":{"line":31,"column":81},"end":{"line":36,"column":3}}},"3":{"name":"(anonymous_5)","decl":{"start":{"line":38,"column":2},"end":{"line":38,"column":8}},"loc":{"start":{"line":38,"column":81},"end":{"line":50,"column":3}}}},"branchMap":{"0":{"loc":{"start":{"line":18,"column":12},"end":{"line":18,"column":null}},"type":"binary-expr","locations":[{"start":{"line":18,"column":12},"end":{"line":18,"column":19}},{"start":{"line":18,"column":19},"end":{"line":18,"column":null}}]},"1":{"loc":{"start":{"line":46,"column":6},"end":{"line":48,"column":null}},"type":"if","locations":[{"start":{"line":46,"column":6},"end":{"line":48,"column":null}}]}},"s":{"0":0,"1":0,"2":0,"3":0,"4":0,"5":0,"6":0,"7":0,"8":0,"9":0,"10":0,"11":0,"12":0,"13":0,"14":0,"15":0,"16":0,"17":0,"18":0,"19":0,"20":0,"21":0},"f":{"0":0,"1":0,"2":0,"3":0},"b":{"0":[0,0],"1":[0]}}
,"/home/runner/work/back-end/back-end/src/core/module/album/AlbumController.ts": {"path":"/home/runner/work/back-end/back-end/src/core/module/album/AlbumController.ts","statementMap":{"0":{"start":{"line":1,"column":0},"end":{"line":1,"column":null}},"1":{"start":{"line":13,"column":0},"end":{"line":13,"column":46}},"2":{"start":{"line":14,"column":0},"end":{"line":14,"column":65}},"3":{"start":{"line":15,"column":0},"end":{"line":15,"column":60}},"4":{"start":{"line":16,"column":0},"end":{"line":16,"column":66}},"5":{"start":{"line":17,"column":0},"end":{"line":17,"column":74}},"6":{"start":{"line":18,"column":0},"end":{"line":18,"column":57}},"7":{"start":{"line":19,"column":0},"end":{"line":19,"column":61}},"8":{"start":{"line":20,"column":0},"end":{"line":20,"column":85}},"9":{"start":{"line":21,"column":0},"end":{"line":21,"column":70}},"10":{"start":{"line":22,"column":0},"end":{"line":22,"column":84}},"11":{"start":{"line":28,"column":7},"end":{"line":96,"column":null}},"12":{"start":{"line":30,"column":21},"end":{"line":30,"column":35}},"13":{"start":{"line":31,"column":21},"end":{"line":31,"column":40}},"14":{"start":{"line":37,"column":4},"end":{"line":37,"column":82}},"15":{"start":{"line":43,"column":4},"end":{"line":43,"column":55}},"16":{"start":{"line":49,"column":4},"end":{"line":49,"column":83}},"17":{"start":{"line":50,"column":4},"end":{"line":50,"column":39}},"18":{"start":{"line":60,"column":4},"end":{"line":60,"column":86}},"19":{"start":{"line":67,"column":4},"end":{"line":67,"column":50}},"20":{"start":{"line":76,"column":4},"end":{"line":76,"column":88}},"21":{"start":{"line":85,"column":4},"end":{"line":85,"column":94}},"22":{"start":{"line":86,"column":4},"end":{"line":86,"column":44}},"23":{"start":{"line":94,"column":4},"end":{"line":94,"column":73}},"24":{"start":{"line":28,"column":13},"end":{"line":28,"column":28}},"25":{"start":{"line":36,"column":8},"end":{"line":38,"column":null}},"26":{"start":{"line":42,"column":8},"end":{"line":44,"column":null}},"27":{"start":{"line":48,"column":8},"end":{"line":51,"column":null}},"28":{"start":{"line":55,"column":8},"end":{"line":61,"column":null}},"29":{"start":{"line":66,"column":8},"end":{"line":68,"column":null}},"30":{"start":{"line":71,"column":2},"end":{"line":77,"column":null}},"31":{"start":{"line":80,"column":8},"end":{"line":87,"column":null}},"32":{"start":{"line":90,"column":2},"end":{"line":95,"column":null}},"33":{"start":{"line":28,"column":13},"end":{"line":96,"column":null}}},"fnMap":{"0":{"name":"(anonymous_4)","decl":{"start":{"line":29,"column":2},"end":{"line":29,"column":null}},"loc":{"start":{"line":31,"column":57},"end":{"line":32,"column":6}}},"1":{"name":"(anonymous_5)","decl":{"start":{"line":36,"column":2},"end":{"line":36,"column":7}},"loc":{"start":{"line":36,"column":96},"end":{"line":38,"column":3}}},"2":{"name":"(anonymous_6)","decl":{"start":{"line":42,"column":2},"end":{"line":42,"column":7}},"loc":{"start":{"line":42,"column":49},"end":{"line":44,"column":3}}},"3":{"name":"(anonymous_7)","decl":{"start":{"line":48,"column":2},"end":{"line":48,"column":7}},"loc":{"start":{"line":48,"column":94},"end":{"line":51,"column":3}}},"4":{"name":"(anonymous_8)","decl":{"start":{"line":55,"column":2},"end":{"line":55,"column":7}},"loc":{"start":{"line":58,"column":40},"end":{"line":61,"column":3}}},"5":{"name":"(anonymous_9)","decl":{"start":{"line":66,"column":2},"end":{"line":66,"column":7}},"loc":{"start":{"line":66,"column":51},"end":{"line":68,"column":3}}},"6":{"name":"(anonymous_10)","decl":{"start":{"line":71,"column":2},"end":{"line":71,"column":17}},"loc":{"start":{"line":74,"column":48},"end":{"line":77,"column":3}}},"7":{"name":"(anonymous_11)","decl":{"start":{"line":80,"column":2},"end":{"line":80,"column":7}},"loc":{"start":{"line":83,"column":50},"end":{"line":87,"column":3}}},"8":{"name":"(anonymous_12)","decl":{"start":{"line":90,"column":2},"end":{"line":90,"column":21}},"loc":{"start":{"line":92,"column":38},"end":{"line":95,"column":3}}}},"branchMap":{},"s":{"0":0,"1":0,"2":0,"3":0,"4":0,"5":0,"6":0,"7":0,"8":0,"9":0,"10":0,"11":0,"12":0,"13":0,"14":0,"15":0,"16":0,"17":0,"18":0,"19":0,"20":0,"21":0,"22":0,"23":0,"24":0,"25":0,"26":0,"27":0,"28":0,"29":0,"30":0,"31":0,"32":0,"33":0},"f":{"0":0,"1":0,"2":0,"3":0,"4":0,"5":0,"6":0,"7":0,"8":0},"b":{}}
,"/home/runner/work/back-end/back-end/src/core/module/album/AlbumRepository.ts": {"path":"/home/runner/work/back-end/back-end/src/core/module/album/AlbumRepository.ts","statementMap":{"0":{"start":{"line":1,"column":0},"end":{"line":1,"column":72}},"1":{"start":{"line":3,"column":0},"end":{"line":3,"column":52}},"2":{"start":{"line":4,"column":0},"end":{"line":4,"column":33}},"3":{"start":{"line":8,"column":19},"end":{"line":8,"column":71}},"4":{"start":{"line":10,"column":4},"end":{"line":10,"column":50}},"5":{"start":{"line":14,"column":4},"end":{"line":16,"column":7}},"6":{"start":{"line":15,"column":33},"end":{"line":15,"column":50}},"7":{"start":{"line":20,"column":4},"end":{"line":20,"column":64}},"8":{"start":{"line":24,"column":4},"end":{"line":26,"column":7}},"9":{"start":{"line":25,"column":32},"end":{"line":25,"column":57}},"10":{"start":{"line":30,"column":4},"end":{"line":30,"column":39}},"11":{"start":{"line":31,"column":4},"end":{"line":31,"column":81}},"12":{"start":{"line":33,"column":4},"end":{"line":33,"column":34}},"13":{"start":{"line":6,"column":0},"end":{"line":6,"column":13}}},"fnMap":{"0":{"name":"(anonymous_0)","decl":{"start":{"line":7,"column":2},"end":{"line":7,"column":7}},"loc":{"start":{"line":7,"column":34},"end":{"line":11,"column":3}}},"1":{"name":"(anonymous_1)","decl":{"start":{"line":13,"column":2},"end":{"line":13,"column":7}},"loc":{"start":{"line":13,"column":26},"end":{"line":17,"column":3}}},"2":{"name":"(anonymous_2)","decl":{"start":{"line":15,"column":13},"end":{"line":15,"column":14}},"loc":{"start":{"line":15,"column":33},"end":{"line":15,"column":50}}},"3":{"name":"(anonymous_3)","decl":{"start":{"line":19,"column":2},"end":{"line":19,"column":7}},"loc":{"start":{"line":19,"column":29},"end":{"line":21,"column":3}}},"4":{"name":"(anonymous_4)","decl":{"start":{"line":23,"column":2},"end":{"line":23,"column":7}},"loc":{"start":{"line":23,"column":35},"end":{"line":27,"column":3}}},"5":{"name":"(anonymous_5)","decl":{"start":{"line":25,"column":13},"end":{"line":25,"column":14}},"loc":{"start":{"line":25,"column":32},"end":{"line":25,"column":57}}},"6":{"name":"(anonymous_6)","decl":{"start":{"line":29,"column":2},"end":{"line":29,"column":7}},"loc":{"start":{"line":29,"column":57},"end":{"line":34,"column":3}}}},"branchMap":{},"s":{"0":0,"1":0,"2":0,"3":0,"4":0,"5":0,"6":0,"7":0,"8":0,"9":0,"10":0,"11":0,"12":0,"13":0},"f":{"0":0,"1":0,"2":0,"3":0,"4":0,"5":0,"6":0},"b":{}}
,"/home/runner/work/back-end/back-end/src/core/module/album/AlbumService.ts": {"path":"/home/runner/work/back-end/back-end/src/core/module/album/AlbumService.ts","statementMap":{"0":{"start":{"line":1,"column":0},"end":{"line":1,"column":64}},"1":{"start":{"line":2,"column":0},"end":{"line":2,"column":52}},"2":{"start":{"line":4,"column":0},"end":{"line":4,"column":68}},"3":{"start":{"line":5,"column":0},"end":{"line":5,"column":64}},"4":{"start":{"line":6,"column":0},"end":{"line":6,"column":56}},"5":{"start":{"line":8,"column":0},"end":{"line":8,"column":61}},"6":{"start":{"line":9,"column":0},"end":{"line":9,"column":70}},"7":{"start":{"line":10,"column":0},"end":{"line":10,"column":82}},"8":{"start":{"line":13,"column":7},"end":{"line":100,"column":null}},"9":{"start":{"line":15,"column":21},"end":{"line":15,"column":38}},"10":{"start":{"line":16,"column":21},"end":{"line":16,"column":37}},"11":{"start":{"line":18,"column":21},"end":{"line":18,"column":40}},"12":{"start":{"line":21,"column":32},"end":{"line":24,"column":6}},"13":{"start":{"line":25,"column":25},"end":{"line":25,"column":69}},"14":{"start":{"line":26,"column":18},"end":{"line":26,"column":69}},"15":{"start":{"line":28,"column":21},"end":{"line":28,"column":59}},"16":{"start":{"line":30,"column":4},"end":{"line":30,"column":29}},"17":{"start":{"line":34,"column":4},"end":{"line":36,"column":null}},"18":{"start":{"line":34,"column":17},"end":{"line":34,"column":18}},"19":{"start":{"line":35,"column":6},"end":{"line":35,"column":52}},"20":{"start":{"line":40,"column":4},"end":{"line":42,"column":null}},"21":{"start":{"line":41,"column":6},"end":{"line":41,"column":54}},"22":{"start":{"line":46,"column":4},"end":{"line":48,"column":null}},"23":{"start":{"line":47,"column":6},"end":{"line":47,"column":55}},"24":{"start":{"line":49,"column":4},"end":{"line":53,"column":null}},"25":{"start":{"line":50,"column":26},"end":{"line":50,"column":85}},"26":{"start":{"line":52,"column":6},"end":{"line":52,"column":69}},"27":{"start":{"line":57,"column":28},"end":{"line":57,"column":75}},"28":{"start":{"line":58,"column":27},"end":{"line":58,"column":29}},"29":{"start":{"line":59,"column":4},"end":{"line":61,"column":null}},"30":{"start":{"line":59,"column":17},"end":{"line":59,"column":18}},"31":{"start":{"line":60,"column":6},"end":{"line":60,"column":81}},"32":{"start":{"line":63,"column":4},"end":{"line":63,"column":26}},"33":{"start":{"line":67,"column":18},"end":{"line":67,"column":62}},"34":{"start":{"line":68,"column":4},"end":{"line":70,"column":null}},"35":{"start":{"line":69,"column":6},"end":{"line":69,"column":54}},"36":{"start":{"line":71,"column":4},"end":{"line":73,"column":null}},"37":{"start":{"line":72,"column":6},"end":{"line":72,"column":57}},"38":{"start":{"line":74,"column":4},"end":{"line":74,"column":16}},"39":{"start":{"line":78,"column":17},"end":{"line":78,"column":64}},"40":{"start":{"line":80,"column":26},"end":{"line":80,"column":56}},"41":{"start":{"line":82,"column":4},"end":{"line":82,"column":25}},"42":{"start":{"line":85,"column":19},"end":{"line":85,"column":66}},"43":{"start":{"line":86,"column":27},"end":{"line":86,"column":29}},"44":{"start":{"line":87,"column":4},"end":{"line":96,"column":null}},"45":{"start":{"line":87,"column":17},"end":{"line":87,"column":18}},"46":{"start":{"line":88,"column":20},"end":{"line":88,"column":29}},"47":{"start":{"line":90,"column":25},"end":{"line":92,"column":77}},"48":{"start":{"line":94,"column":28},"end":{"line":94,"column":73}},"49":{"start":{"line":95,"column":6},"end":{"line":95,"column":41}},"50":{"start":{"line":98,"column":4},"end":{"line":98,"column":26}},"51":{"start":{"line":13,"column":13},"end":{"line":13,"column":25}},"52":{"start":{"line":13,"column":13},"end":{"line":100,"column":null}},"53":{"start":{"line":17,"column":29},"end":{"line":17,"column":46}}},"fnMap":{"0":{"name":"(anonymous_4)","decl":{"start":{"line":14,"column":2},"end":{"line":14,"column":null}},"loc":{"start":{"line":18,"column":57},"end":{"line":19,"column":6}}},"1":{"name":"(anonymous_5)","decl":{"start":{"line":20,"column":2},"end":{"line":20,"column":7}},"loc":{"start":{"line":20,"column":58},"end":{"line":31,"column":3}}},"2":{"name":"(anonymous_6)","decl":{"start":{"line":33,"column":2},"end":{"line":33,"column":7}},"loc":{"start":{"line":33,"column":63},"end":{"line":37,"column":3}}},"3":{"name":"(anonymous_7)","decl":{"start":{"line":39,"column":2},"end":{"line":39,"column":7}},"loc":{"start":{"line":39,"column":59},"end":{"line":43,"column":3}}},"4":{"name":"(anonymous_8)","decl":{"start":{"line":45,"column":2},"end":{"line":45,"column":7}},"loc":{"start":{"line":45,"column":87},"end":{"line":54,"column":3}}},"5":{"name":"(anonymous_9)","decl":{"start":{"line":56,"column":2},"end":{"line":56,"column":7}},"loc":{"start":{"line":56,"column":40},"end":{"line":64,"column":3}}},"6":{"name":"(anonymous_10)","decl":{"start":{"line":66,"column":2},"end":{"line":66,"column":7}},"loc":{"start":{"line":66,"column":55},"end":{"line":75,"column":3}}},"7":{"name":"(anonymous_11)","decl":{"start":{"line":77,"column":10},"end":{"line":77,"column":15}},"loc":{"start":{"line":77,"column":49},"end":{"line":83,"column":3}}},"8":{"name":"(anonymous_12)","decl":{"start":{"line":84,"column":2},"end":{"line":84,"column":7}},"loc":{"start":{"line":84,"column":62},"end":{"line":99,"column":3}}},"9":{"name":"(anonymous_13)","decl":{"start":{"line":17,"column":23},"end":{"line":17,"column":26}},"loc":{"start":{"line":17,"column":29},"end":{"line":17,"column":46}}}},"branchMap":{"0":{"loc":{"start":{"line":40,"column":4},"end":{"line":42,"column":null}},"type":"if","locations":[{"start":{"line":40,"column":4},"end":{"line":42,"column":null}}]},"1":{"loc":{"start":{"line":46,"column":4},"end":{"line":48,"column":null}},"type":"if","locations":[{"start":{"line":46,"column":4},"end":{"line":48,"column":null}}]},"2":{"loc":{"start":{"line":46,"column":8},"end":{"line":46,"column":67}},"type":"binary-expr","locations":[{"start":{"line":46,"column":8},"end":{"line":46,"column":23}},{"start":{"line":46,"column":27},"end":{"line":46,"column":67}}]},"3":{"loc":{"start":{"line":49,"column":4},"end":{"line":53,"column":null}},"type":"if","locations":[{"start":{"line":49,"column":4},"end":{"line":53,"column":null}}]},"4":{"loc":{"start":{"line":68,"column":4},"end":{"line":70,"column":null}},"type":"if","locations":[{"start":{"line":68,"column":4},"end":{"line":70,"column":null}}]},"5":{"loc":{"start":{"line":71,"column":4},"end":{"line":73,"column":null}},"type":"if","locations":[{"start":{"line":71,"column":4},"end":{"line":73,"column":null}}]},"6":{"loc":{"start":{"line":84,"column":37},"end":{"line":84,"column":62}},"type":"default-arg","locations":[{"start":{"line":84,"column":57},"end":{"line":84,"column":62}}]},"7":{"loc":{"start":{"line":90,"column":25},"end":{"line":92,"column":77}},"type":"cond-expr","locations":[{"start":{"line":91,"column":10},"end":{"line":91,"column":73}},{"start":{"line":92,"column":10},"end":{"line":92,"column":77}}]}},"s":{"0":0,"1":0,"2":0,"3":0,"4":0,"5":0,"6":0,"7":0,"8":0,"9":0,"10":0,"11":0,"12":0,"13":0,"14":0,"15":0,"16":0,"17":0,"18":0,"19":0,"20":0,"21":0,"22":0,"23":0,"24":0,"25":0,"26":0,"27":0,"28":0,"29":0,"30":0,"31":0,"32":0,"33":0,"34":0,"35":0,"36":0,"37":0,"38":0,"39":0,"40":0,"41":0,"42":0,"43":0,"44":0,"45":0,"46":0,"47":0,"48":0,"49":0,"50":0,"51":0,"52":0,"53":0},"f":{"0":0,"1":0,"2":0,"3":0,"4":0,"5":0,"6":0,"7":0,"8":0,"9":0},"b":{"0":[0],"1":[0],"2":[0,0],"3":[0],"4":[0],"5":[0],"6":[0],"7":[0,0]}}
,"/home/runner/work/back-end/back-end/src/core/module/auth/AuthController.ts": {"path":"/home/runner/work/back-end/back-end/src/core/module/auth/AuthController.ts","statementMap":{"0":{"start":{"line":1,"column":0},"end":{"line":1,"column":null}},"1":{"start":{"line":12,"column":0},"end":{"line":12,"column":44}},"2":{"start":{"line":13,"column":0},"end":{"line":13,"column":77}},"3":{"start":{"line":14,"column":0},"end":{"line":14,"column":69}},"4":{"start":{"line":15,"column":0},"end":{"line":15,"column":72}},"5":{"start":{"line":16,"column":0},"end":{"line":16,"column":57}},"6":{"start":{"line":17,"column":0},"end":{"line":17,"column":60}},"7":{"start":{"line":19,"column":0},"end":{"line":19,"column":79}},"8":{"start":{"line":20,"column":0},"end":{"line":20,"column":79}},"9":{"start":{"line":21,"column":0},"end":{"line":21,"column":75}},"10":{"start":{"line":24,"column":7},"end":{"line":83,"column":null}},"11":{"start":{"line":25,"column":38},"end":{"line":25,"column":51}},"12":{"start":{"line":30,"column":4},"end":{"line":30,"column":46}},"13":{"start":{"line":32,"column":4},"end":{"line":32,"column":54}},"14":{"start":{"line":38,"column":19},"end":{"line":38,"column":60}},"15":{"start":{"line":40,"column":4},"end":{"line":40,"column":27}},"16":{"start":{"line":46,"column":4},"end":{"line":46,"column":59}},"17":{"start":{"line":48,"column":4},"end":{"line":48,"column":44}},"18":{"start":{"line":55,"column":4},"end":{"line":55,"column":50}},"19":{"start":{"line":57,"column":4},"end":{"line":57,"column":45}},"20":{"start":{"line":63,"column":4},"end":{"line":63,"column":60}},"21":{"start":{"line":65,"column":4},"end":{"line":65,"column":69}},"22":{"start":{"line":71,"column":4},"end":{"line":71,"column":70}},"23":{"start":{"line":73,"column":4},"end":{"line":73,"column":52}},"24":{"start":{"line":79,"column":19},"end":{"line":79,"column":72}},"25":{"start":{"line":81,"column":4},"end":{"line":81,"column":27}},"26":{"start":{"line":24,"column":13},"end":{"line":24,"column":27}},"27":{"start":{"line":29,"column":8},"end":{"line":33,"column":null}},"28":{"start":{"line":37,"column":8},"end":{"line":41,"column":null}},"29":{"start":{"line":45,"column":8},"end":{"line":49,"column":null}},"30":{"start":{"line":54,"column":8},"end":{"line":58,"column":null}},"31":{"start":{"line":62,"column":8},"end":{"line":66,"column":null}},"32":{"start":{"line":70,"column":8},"end":{"line":74,"column":null}},"33":{"start":{"line":78,"column":8},"end":{"line":82,"column":null}},"34":{"start":{"line":24,"column":13},"end":{"line":83,"column":null}}},"fnMap":{"0":{"name":"(anonymous_4)","decl":{"start":{"line":25,"column":2},"end":{"line":25,"column":38}},"loc":{"start":{"line":25,"column":62},"end":{"line":25,"column":66}}},"1":{"name":"(anonymous_5)","decl":{"start":{"line":29,"column":2},"end":{"line":29,"column":7}},"loc":{"start":{"line":29,"column":49},"end":{"line":33,"column":3}}},"2":{"name":"(anonymous_6)","decl":{"start":{"line":37,"column":2},"end":{"line":37,"column":7}},"loc":{"start":{"line":37,"column":45},"end":{"line":41,"column":3}}},"3":{"name":"(anonymous_7)","decl":{"start":{"line":45,"column":2},"end":{"line":45,"column":7}},"loc":{"start":{"line":45,"column":50},"end":{"line":49,"column":3}}},"4":{"name":"(anonymous_8)","decl":{"start":{"line":54,"column":2},"end":{"line":54,"column":7}},"loc":{"start":{"line":54,"column":42},"end":{"line":58,"column":3}}},"5":{"name":"(anonymous_9)","decl":{"start":{"line":62,"column":2},"end":{"line":62,"column":7}},"loc":{"start":{"line":62,"column":58},"end":{"line":66,"column":3}}},"6":{"name":"(anonymous_10)","decl":{"start":{"line":70,"column":2},"end":{"line":70,"column":7}},"loc":{"start":{"line":70,"column":89},"end":{"line":74,"column":3}}},"7":{"name":"(anonymous_11)","decl":{"start":{"line":78,"column":2},"end":{"line":78,"column":7}},"loc":{"start":{"line":78,"column":54},"end":{"line":82,"column":3}}}},"branchMap":{},"s":{"0":0,"1":0,"2":0,"3":0,"4":0,"5":0,"6":0,"7":0,"8":0,"9":0,"10":0,"11":0,"12":0,"13":0,"14":0,"15":0,"16":0,"17":0,"18":0,"19":0,"20":0,"21":0,"22":0,"23":0,"24":0,"25":0,"26":0,"27":0,"28":0,"29":0,"30":0,"31":0,"32":0,"33":0,"34":0},"f":{"0":0,"1":0,"2":0,"3":0,"4":0,"5":0,"6":0,"7":0},"b":{}}
,"/home/runner/work/back-end/back-end/src/core/module/auth/AuthService.ts": {"path":"/home/runner/work/back-end/back-end/src/core/module/auth/AuthService.ts","statementMap":{"0":{"start":{"line":1,"column":0},"end":{"line":1,"column":44}},"1":{"start":{"line":2,"column":0},"end":{"line":2,"column":56}},"2":{"start":{"line":5,"column":0},"end":{"line":5,"column":63}},"3":{"start":{"line":6,"column":0},"end":{"line":6,"column":61}},"4":{"start":{"line":7,"column":0},"end":{"line":7,"column":66}},"5":{"start":{"line":8,"column":0},"end":{"line":8,"column":98}},"6":{"start":{"line":9,"column":0},"end":{"line":9,"column":66}},"7":{"start":{"line":10,"column":0},"end":{"line":10,"column":81}},"8":{"start":{"line":11,"column":0},"end":{"line":11,"column":62}},"9":{"start":{"line":12,"column":0},"end":{"line":12,"column":60}},"10":{"start":{"line":14,"column":0},"end":{"line":14,"column":71}},"11":{"start":{"line":17,"column":7},"end":{"line":144,"column":null}},"12":{"start":{"line":19,"column":21},"end":{"line":19,"column":37}},"13":{"start":{"line":20,"column":21},"end":{"line":20,"column":34}},"14":{"start":{"line":21,"column":21},"end":{"line":21,"column":30}},"15":{"start":{"line":22,"column":21},"end":{"line":22,"column":34}},"16":{"start":{"line":26,"column":30},"end":{"line":26,"column":78}},"17":{"start":{"line":28,"column":4},"end":{"line":30,"column":null}},"18":{"start":{"line":29,"column":6},"end":{"line":29,"column":63}},"19":{"start":{"line":32,"column":27},"end":{"line":32,"column":96}},"20":{"start":{"line":33,"column":4},"end":{"line":38,"column":6}},"21":{"start":{"line":42,"column":15},"end":{"line":42,"column":63}},"22":{"start":{"line":44,"column":4},"end":{"line":46,"column":null}},"23":{"start":{"line":45,"column":6},"end":{"line":45,"column":64}},"24":{"start":{"line":48,"column":32},"end":{"line":48,"column":92}},"25":{"start":{"line":50,"column":4},"end":{"line":52,"column":null}},"26":{"start":{"line":51,"column":6},"end":{"line":51,"column":64}},"27":{"start":{"line":54,"column":25},"end":{"line":58,"column":null}},"28":{"start":{"line":60,"column":26},"end":{"line":64,"column":null}},"29":{"start":{"line":66,"column":4},"end":{"line":66,"column":87}},"30":{"start":{"line":68,"column":4},"end":{"line":68,"column":48}},"31":{"start":{"line":72,"column":25},"end":{"line":72,"column":98}},"32":{"start":{"line":74,"column":28},"end":{"line":74,"column":78}},"33":{"start":{"line":75,"column":4},"end":{"line":78,"column":7}},"34":{"start":{"line":82,"column":4},"end":{"line":82,"column":46}},"35":{"start":{"line":86,"column":25},"end":{"line":86,"column":68}},"36":{"start":{"line":88,"column":4},"end":{"line":90,"column":null}},"37":{"start":{"line":89,"column":6},"end":{"line":89,"column":68}},"38":{"start":{"line":92,"column":34},"end":{"line":96,"column":null}},"39":{"start":{"line":99,"column":4},"end":{"line":108,"column":6}},"40":{"start":{"line":112,"column":20},"end":{"line":112,"column":85}},"41":{"start":{"line":113,"column":4},"end":{"line":113,"column":71}},"42":{"start":{"line":117,"column":20},"end":{"line":117,"column":77}},"43":{"start":{"line":118,"column":23},"end":{"line":118,"column":68}},"44":{"start":{"line":120,"column":4},"end":{"line":122,"column":null}},"45":{"start":{"line":121,"column":6},"end":{"line":121,"column":56}},"46":{"start":{"line":124,"column":25},"end":{"line":128,"column":null}},"47":{"start":{"line":130,"column":26},"end":{"line":134,"column":null}},"48":{"start":{"line":136,"column":4},"end":{"line":140,"column":6}},"49":{"start":{"line":142,"column":4},"end":{"line":142,"column":56}},"50":{"start":{"line":17,"column":13},"end":{"line":17,"column":24}},"51":{"start":{"line":17,"column":13},"end":{"line":144,"column":null}}},"fnMap":{"0":{"name":"(anonymous_2)","decl":{"start":{"line":18,"column":2},"end":{"line":18,"column":null}},"loc":{"start":{"line":22,"column":45},"end":{"line":23,"column":6}}},"1":{"name":"(anonymous_3)","decl":{"start":{"line":25,"column":2},"end":{"line":25,"column":7}},"loc":{"start":{"line":25,"column":47},"end":{"line":39,"column":3}}},"2":{"name":"(anonymous_4)","decl":{"start":{"line":41,"column":2},"end":{"line":41,"column":7}},"loc":{"start":{"line":41,"column":43},"end":{"line":69,"column":3}}},"3":{"name":"(anonymous_5)","decl":{"start":{"line":71,"column":2},"end":{"line":71,"column":7}},"loc":{"start":{"line":71,"column":46},"end":{"line":79,"column":3}}},"4":{"name":"(anonymous_6)","decl":{"start":{"line":81,"column":2},"end":{"line":81,"column":7}},"loc":{"start":{"line":81,"column":32},"end":{"line":83,"column":3}}},"5":{"name":"(anonymous_7)","decl":{"start":{"line":85,"column":2},"end":{"line":85,"column":7}},"loc":{"start":{"line":85,"column":42},"end":{"line":109,"column":3}}},"6":{"name":"(anonymous_8)","decl":{"start":{"line":111,"column":2},"end":{"line":111,"column":7}},"loc":{"start":{"line":111,"column":64},"end":{"line":114,"column":3}}},"7":{"name":"(anonymous_9)","decl":{"start":{"line":116,"column":2},"end":{"line":116,"column":7}},"loc":{"start":{"line":116,"column":40},"end":{"line":143,"column":3}}}},"branchMap":{"0":{"loc":{"start":{"line":28,"column":4},"end":{"line":30,"column":null}},"type":"if","locations":[{"start":{"line":28,"column":4},"end":{"line":30,"column":null}}]},"1":{"loc":{"start":{"line":44,"column":4},"end":{"line":46,"column":null}},"type":"if","locations":[{"start":{"line":44,"column":4},"end":{"line":46,"column":null}}]},"2":{"loc":{"start":{"line":50,"column":4},"end":{"line":52,"column":null}},"type":"if","locations":[{"start":{"line":50,"column":4},"end":{"line":52,"column":null}}]},"3":{"loc":{"start":{"line":88,"column":4},"end":{"line":90,"column":null}},"type":"if","locations":[{"start":{"line":88,"column":4},"end":{"line":90,"column":null}}]},"4":{"loc":{"start":{"line":120,"column":4},"end":{"line":122,"column":null}},"type":"if","locations":[{"start":{"line":120,"column":4},"end":{"line":122,"column":null}}]}},"s":{"0":0,"1":0,"2":0,"3":0,"4":0,"5":0,"6":0,"7":0,"8":0,"9":0,"10":0,"11":0,"12":0,"13":0,"14":0,"15":0,"16":0,"17":0,"18":0,"19":0,"20":0,"21":0,"22":0,"23":0,"24":0,"25":0,"26":0,"27":0,"28":0,"29":0,"30":0,"31":0,"32":0,"33":0,"34":0,"35":0,"36":0,"37":0,"38":0,"39":0,"40":0,"41":0,"42":0,"43":0,"44":0,"45":0,"46":0,"47":0,"48":0,"49":0,"50":0,"51":0},"f":{"0":0,"1":0,"2":0,"3":0,"4":0,"5":0,"6":0,"7":0},"b":{"0":[0],"1":[0],"2":[0],"3":[0],"4":[0]}}
,"/home/runner/work/back-end/back-end/src/core/module/dashboard-image/DashboardImageRepository.ts": {"path":"/home/runner/work/back-end/back-end/src/core/module/dashboard-image/DashboardImageRepository.ts","statementMap":{"0":{"start":{"line":1,"column":0},"end":{"line":1,"column":68}},"1":{"start":{"line":2,"column":0},"end":{"line":2,"column":72}},"2":{"start":{"line":3,"column":0},"end":{"line":3,"column":72}},"3":{"start":{"line":4,"column":0},"end":{"line":4,"column":76}},"4":{"start":{"line":5,"column":0},"end":{"line":5,"column":44}},"5":{"start":{"line":8,"column":0},"end":{"line":8,"column":56}},"6":{"start":{"line":11,"column":7},"end":{"line":206,"column":null}},"7":{"start":{"line":18,"column":30},"end":{"line":34,"column":null}},"8":{"start":{"line":37,"column":31},"end":{"line":37,"column":54}},"9":{"start":{"line":38,"column":4},"end":{"line":38,"column":45}},"10":{"start":{"line":48,"column":23},"end":{"line":70,"column":65}},"11":{"start":{"line":72,"column":4},"end":{"line":72,"column":28}},"12":{"start":{"line":80,"column":23},"end":{"line":101,"column":55}},"13":{"start":{"line":103,"column":4},"end":{"line":103,"column":28}},"14":{"start":{"line":110,"column":23},"end":{"line":134,"column":55}},"15":{"start":{"line":136,"column":4},"end":{"line":136,"column":28}},"16":{"start":{"line":140,"column":30},"end":{"line":153,"column":32}},"17":{"start":{"line":155,"column":31},"end":{"line":155,"column":54}},"18":{"start":{"line":156,"column":4},"end":{"line":156,"column":45}},"19":{"start":{"line":163,"column":23},"end":{"line":187,"column":55}},"20":{"start":{"line":189,"column":4},"end":{"line":189,"column":28}},"21":{"start":{"line":197,"column":4},"end":{"line":204,"column":7}},"22":{"start":{"line":199,"column":8},"end":{"line":202,"column":null}},"23":{"start":{"line":11,"column":13},"end":{"line":11,"column":37}},"24":{"start":{"line":11,"column":13},"end":{"line":206,"column":null}}},"fnMap":{"0":{"name":"(anonymous_1)","decl":{"start":{"line":12,"column":2},"end":{"line":12,"column":7}},"loc":{"start":{"line":17,"column":3},"end":{"line":39,"column":3}}},"1":{"name":"(anonymous_2)","decl":{"start":{"line":41,"column":2},"end":{"line":41,"column":7}},"loc":{"start":{"line":47,"column":3},"end":{"line":73,"column":3}}},"2":{"name":"(anonymous_3)","decl":{"start":{"line":75,"column":2},"end":{"line":75,"column":7}},"loc":{"start":{"line":78,"column":23},"end":{"line":104,"column":3}}},"3":{"name":"(anonymous_4)","decl":{"start":{"line":106,"column":2},"end":{"line":106,"column":7}},"loc":{"start":{"line":108,"column":23},"end":{"line":137,"column":3}}},"4":{"name":"(anonymous_5)","decl":{"start":{"line":139,"column":2},"end":{"line":139,"column":7}},"loc":{"start":{"line":139,"column":41},"end":{"line":157,"column":3}}},"5":{"name":"(anonymous_6)","decl":{"start":{"line":159,"column":2},"end":{"line":159,"column":7}},"loc":{"start":{"line":161,"column":23},"end":{"line":190,"column":3}}},"6":{"name":"(anonymous_7)","decl":{"start":{"line":192,"column":2},"end":{"line":192,"column":7}},"loc":{"start":{"line":195,"column":48},"end":{"line":205,"column":3}}},"7":{"name":"(anonymous_8)","decl":{"start":{"line":198,"column":13},"end":{"line":198,"column":14}},"loc":{"start":{"line":199,"column":8},"end":{"line":202,"column":null}}}},"branchMap":{"0":{"loc":{"start":{"line":29,"column":10},"end":{"line":29,"column":88}},"type":"cond-expr","locations":[{"start":{"line":29,"column":40},"end":{"line":29,"column":77}},{"start":{"line":29,"column":80},"end":{"line":29,"column":88}}]},"1":{"loc":{"start":{"line":30,"column":10},"end":{"line":32,"column":22}},"type":"cond-expr","locations":[{"start":{"line":31,"column":14},"end":{"line":31,"column":63}},{"start":{"line":32,"column":14},"end":{"line":32,"column":22}}]},"2":{"loc":{"start":{"line":33,"column":10},"end":{"line":33,"column":85}},"type":"cond-expr","locations":[{"start":{"line":33,"column":39},"end":{"line":33,"column":74}},{"start":{"line":33,"column":77},"end":{"line":33,"column":85}}]},"3":{"loc":{"start":{"line":38,"column":11},"end":{"line":38,"column":44}},"type":"binary-expr","locations":[{"start":{"line":38,"column":11},"end":{"line":38,"column":39}},{"start":{"line":38,"column":43},"end":{"line":38,"column":44}}]},"4":{"loc":{"start":{"line":61,"column":10},"end":{"line":61,"column":88}},"type":"cond-expr","locations":[{"start":{"line":61,"column":40},"end":{"line":61,"column":77}},{"start":{"line":61,"column":80},"end":{"line":61,"column":88}}]},"5":{"loc":{"start":{"line":62,"column":10},"end":{"line":64,"column":22}},"type":"cond-expr","locations":[{"start":{"line":63,"column":14},"end":{"line":63,"column":63}},{"start":{"line":64,"column":14},"end":{"line":64,"column":22}}]},"6":{"loc":{"start":{"line":65,"column":10},"end":{"line":65,"column":85}},"type":"cond-expr","locations":[{"start":{"line":65,"column":39},"end":{"line":65,"column":74}},{"start":{"line":65,"column":77},"end":{"line":65,"column":85}}]},"7":{"loc":{"start":{"line":93,"column":10},"end":{"line":93,"column":78}},"type":"cond-expr","locations":[{"start":{"line":93,"column":35},"end":{"line":93,"column":67}},{"start":{"line":93,"column":70},"end":{"line":93,"column":78}}]},"8":{"loc":{"start":{"line":94,"column":10},"end":{"line":94,"column":93}},"type":"cond-expr","locations":[{"start":{"line":94,"column":38},"end":{"line":94,"column":82}},{"start":{"line":94,"column":85},"end":{"line":94,"column":93}}]},"9":{"loc":{"start":{"line":95,"column":10},"end":{"line":95,"column":75}},"type":"cond-expr","locations":[{"start":{"line":95,"column":34},"end":{"line":95,"column":64}},{"start":{"line":95,"column":67},"end":{"line":95,"column":75}}]},"10":{"loc":{"start":{"line":126,"column":10},"end":{"line":126,"column":78}},"type":"cond-expr","locations":[{"start":{"line":126,"column":35},"end":{"line":126,"column":67}},{"start":{"line":126,"column":70},"end":{"line":126,"column":78}}]},"11":{"loc":{"start":{"line":127,"column":10},"end":{"line":127,"column":93}},"type":"cond-expr","locations":[{"start":{"line":127,"column":38},"end":{"line":127,"column":82}},{"start":{"line":127,"column":85},"end":{"line":127,"column":93}}]},"12":{"loc":{"start":{"line":128,"column":10},"end":{"line":128,"column":75}},"type":"cond-expr","locations":[{"start":{"line":128,"column":34},"end":{"line":128,"column":64}},{"start":{"line":128,"column":67},"end":{"line":128,"column":75}}]},"13":{"loc":{"start":{"line":148,"column":10},"end":{"line":148,"column":78}},"type":"cond-expr","locations":[{"start":{"line":148,"column":35},"end":{"line":148,"column":67}},{"start":{"line":148,"column":70},"end":{"line":148,"column":78}}]},"14":{"loc":{"start":{"line":149,"column":10},"end":{"line":149,"column":93}},"type":"cond-expr","locations":[{"start":{"line":149,"column":38},"end":{"line":149,"column":82}},{"start":{"line":149,"column":85},"end":{"line":149,"column":93}}]},"15":{"loc":{"start":{"line":150,"column":10},"end":{"line":150,"column":75}},"type":"cond-expr","locations":[{"start":{"line":150,"column":34},"end":{"line":150,"column":64}},{"start":{"line":150,"column":67},"end":{"line":150,"column":75}}]},"16":{"loc":{"start":{"line":156,"column":11},"end":{"line":156,"column":44}},"type":"binary-expr","locations":[{"start":{"line":156,"column":11},"end":{"line":156,"column":39}},{"start":{"line":156,"column":43},"end":{"line":156,"column":44}}]},"17":{"loc":{"start":{"line":179,"column":10},"end":{"line":179,"column":78}},"type":"cond-expr","locations":[{"start":{"line":179,"column":35},"end":{"line":179,"column":67}},{"start":{"line":179,"column":70},"end":{"line":179,"column":78}}]},"18":{"loc":{"start":{"line":180,"column":10},"end":{"line":180,"column":93}},"type":"cond-expr","locations":[{"start":{"line":180,"column":38},"end":{"line":180,"column":82}},{"start":{"line":180,"column":85},"end":{"line":180,"column":93}}]},"19":{"loc":{"start":{"line":181,"column":10},"end":{"line":181,"column":75}},"type":"cond-expr","locations":[{"start":{"line":181,"column":34},"end":{"line":181,"column":64}},{"start":{"line":181,"column":67},"end":{"line":181,"column":75}}]},"20":{"loc":{"start":{"line":195,"column":4},"end":{"line":195,"column":48}},"type":"default-arg","locations":[{"start":{"line":195,"column":28},"end":{"line":195,"column":48}}]}},"s":{"0":0,"1":0,"2":0,"3":0,"4":0,"5":0,"6":0,"7":0,"8":0,"9":0,"10":0,"11":0,"12":0,"13":0,"14":0,"15":0,"16":0,"17":0,"18":0,"19":0,"20":0,"21":0,"22":0,"23":0,"24":0},"f":{"0":0,"1":0,"2":0,"3":0,"4":0,"5":0,"6":0,"7":0},"b":{"0":[0,0],"1":[0,0],"2":[0,0],"3":[0,0],"4":[0,0],"5":[0,0],"6":[0,0],"7":[0,0],"8":[0,0],"9":[0,0],"10":[0,0],"11":[0,0],"12":[0,0],"13":[0,0],"14":[0,0],"15":[0,0],"16":[0,0],"17":[0,0],"18":[0,0],"19":[0,0],"20":[0]}}
,"/home/runner/work/back-end/back-end/src/core/module/dashboard-image/DashboardImageService.ts": {"path":"/home/runner/work/back-end/back-end/src/core/module/dashboard-image/DashboardImageService.ts","statementMap":{"0":{"start":{"line":1,"column":0},"end":{"line":1,"column":44}},"1":{"start":{"line":2,"column":0},"end":{"line":2,"column":70}},"2":{"start":{"line":3,"column":0},"end":{"line":3,"column":68}},"3":{"start":{"line":4,"column":0},"end":{"line":4,"column":74}},"4":{"start":{"line":5,"column":0},"end":{"line":5,"column":71}},"5":{"start":{"line":6,"column":0},"end":{"line":6,"column":56}},"6":{"start":{"line":12,"column":7},"end":{"line":142,"column":null}},"7":{"start":{"line":14,"column":21},"end":{"line":14,"column":33}},"8":{"start":{"line":15,"column":21},"end":{"line":15,"column":37}},"9":{"start":{"line":23,"column":4},"end":{"line":32,"column":null}},"10":{"start":{"line":25,"column":8},"end":{"line":25,"column":72}},"11":{"start":{"line":27,"column":8},"end":{"line":27,"column":95}},"12":{"start":{"line":29,"column":8},"end":{"line":29,"column":70}},"13":{"start":{"line":31,"column":8},"end":{"line":31,"column":70}},"14":{"start":{"line":41,"column":22},"end":{"line":41,"column":32}},"15":{"start":{"line":42,"column":20},"end":{"line":42,"column":30}},"16":{"start":{"line":43,"column":4},"end":{"line":43,"column":43}},"17":{"start":{"line":44,"column":4},"end":{"line":44,"column":45}},"18":{"start":{"line":46,"column":24},"end":{"line":51,"column":6}},"19":{"start":{"line":53,"column":30},"end":{"line":59,"column":6}},"20":{"start":{"line":61,"column":19},"end":{"line":61,"column":92}},"21":{"start":{"line":63,"column":4},"end":{"line":68,"column":6}},"22":{"start":{"line":76,"column":24},"end":{"line":76,"column":67}},"23":{"start":{"line":77,"column":30},"end":{"line":80,"column":null}},"24":{"start":{"line":83,"column":19},"end":{"line":83,"column":92}},"25":{"start":{"line":85,"column":4},"end":{"line":90,"column":6}},"26":{"start":{"line":98,"column":24},"end":{"line":98,"column":67}},"27":{"start":{"line":99,"column":30},"end":{"line":99,"column":86}},"28":{"start":{"line":101,"column":19},"end":{"line":101,"column":92}},"29":{"start":{"line":103,"column":4},"end":{"line":108,"column":6}},"30":{"start":{"line":115,"column":24},"end":{"line":115,"column":67}},"31":{"start":{"line":116,"column":30},"end":{"line":116,"column":86}},"32":{"start":{"line":118,"column":19},"end":{"line":118,"column":92}},"33":{"start":{"line":120,"column":4},"end":{"line":125,"column":6}},"34":{"start":{"line":132,"column":40},"end":{"line":132,"column":42}},"35":{"start":{"line":133,"column":4},"end":{"line":138,"column":null}},"36":{"start":{"line":134,"column":20},"end":{"line":134,"column":67}},"37":{"start":{"line":135,"column":23},"end":{"line":135,"column":89}},"38":{"start":{"line":137,"column":6},"end":{"line":137,"column":77}},"39":{"start":{"line":140,"column":4},"end":{"line":140,"column":18}},"40":{"start":{"line":12,"column":13},"end":{"line":12,"column":34}},"41":{"start":{"line":12,"column":13},"end":{"line":142,"column":null}}},"fnMap":{"0":{"name":"(anonymous_2)","decl":{"start":{"line":13,"column":2},"end":{"line":13,"column":null}},"loc":{"start":{"line":15,"column":51},"end":{"line":16,"column":6}}},"1":{"name":"(anonymous_3)","decl":{"start":{"line":17,"column":9},"end":{"line":17,"column":14}},"loc":{"start":{"line":21,"column":23},"end":{"line":33,"column":3}}},"2":{"name":"(anonymous_4)","decl":{"start":{"line":35,"column":2},"end":{"line":35,"column":7}},"loc":{"start":{"line":39,"column":23},"end":{"line":69,"column":3}}},"3":{"name":"(anonymous_5)","decl":{"start":{"line":71,"column":2},"end":{"line":71,"column":7}},"loc":{"start":{"line":74,"column":23},"end":{"line":91,"column":3}}},"4":{"name":"(anonymous_6)","decl":{"start":{"line":93,"column":2},"end":{"line":93,"column":7}},"loc":{"start":{"line":96,"column":23},"end":{"line":109,"column":3}}},"5":{"name":"(anonymous_7)","decl":{"start":{"line":110,"column":2},"end":{"line":110,"column":7}},"loc":{"start":{"line":113,"column":23},"end":{"line":126,"column":3}}},"6":{"name":"(anonymous_8)","decl":{"start":{"line":128,"column":10},"end":{"line":128,"column":15}},"loc":{"start":{"line":130,"column":19},"end":{"line":141,"column":3}}}},"branchMap":{"0":{"loc":{"start":{"line":23,"column":4},"end":{"line":32,"column":null}},"type":"switch","locations":[{"start":{"line":24,"column":6},"end":{"line":25,"column":72}},{"start":{"line":26,"column":6},"end":{"line":27,"column":95}},{"start":{"line":28,"column":6},"end":{"line":29,"column":70}},{"start":{"line":30,"column":6},"end":{"line":31,"column":70}}]}},"s":{"0":0,"1":0,"2":0,"3":0,"4":0,"5":0,"6":0,"7":0,"8":0,"9":0,"10":0,"11":0,"12":0,"13":0,"14":0,"15":0,"16":0,"17":0,"18":0,"19":0,"20":0,"21":0,"22":0,"23":0,"24":0,"25":0,"26":0,"27":0,"28":0,"29":0,"30":0,"31":0,"32":0,"33":0,"34":0,"35":0,"36":0,"37":0,"38":0,"39":0,"40":0,"41":0},"f":{"0":0,"1":0,"2":0,"3":0,"4":0,"5":0,"6":0},"b":{"0":[0,0,0,0]}}
,"/home/runner/work/back-end/back-end/src/core/module/generate-image/GenerateImageController.ts": {"path":"/home/runner/work/back-end/back-end/src/core/module/generate-image/GenerateImageController.ts","statementMap":{"0":{"start":{"line":1,"column":0},"end":{"line":1,"column":60}},"1":{"start":{"line":2,"column":0},"end":{"line":2,"column":57}},"2":{"start":{"line":3,"column":0},"end":{"line":3,"column":null}},"3":{"start":{"line":12,"column":0},"end":{"line":12,"column":65}},"4":{"start":{"line":13,"column":0},"end":{"line":13,"column":62}},"5":{"start":{"line":14,"column":0},"end":{"line":14,"column":65}},"6":{"start":{"line":15,"column":0},"end":{"line":15,"column":96}},"7":{"start":{"line":16,"column":0},"end":{"line":16,"column":141}},"8":{"start":{"line":20,"column":7},"end":{"line":123,"column":null}},"9":{"start":{"line":21,"column":31},"end":{"line":21,"column":53}},"10":{"start":{"line":25,"column":4},"end":{"line":25,"column":55}},"11":{"start":{"line":36,"column":4},"end":{"line":36,"column":40}},"12":{"start":{"line":37,"column":4},"end":{"line":37,"column":39}},"13":{"start":{"line":38,"column":4},"end":{"line":38,"column":40}},"14":{"start":{"line":40,"column":4},"end":{"line":53,"column":null}},"15":{"start":{"line":41,"column":6},"end":{"line":52,"column":9}},"16":{"start":{"line":42,"column":8},"end":{"line":51,"column":10}},"17":{"start":{"line":55,"column":4},"end":{"line":55,"column":93}},"18":{"start":{"line":71,"column":4},"end":{"line":71,"column":40}},"19":{"start":{"line":72,"column":4},"end":{"line":72,"column":76}},"20":{"start":{"line":73,"column":4},"end":{"line":73,"column":39}},"21":{"start":{"line":74,"column":4},"end":{"line":74,"column":40}},"22":{"start":{"line":76,"column":4},"end":{"line":89,"column":null}},"23":{"start":{"line":77,"column":6},"end":{"line":88,"column":9}},"24":{"start":{"line":78,"column":8},"end":{"line":87,"column":10}},"25":{"start":{"line":91,"column":4},"end":{"line":91,"column":96}},"26":{"start":{"line":112,"column":4},"end":{"line":112,"column":65}},"27":{"start":{"line":113,"column":4},"end":{"line":116,"column":6}},"28":{"start":{"line":121,"column":4},"end":{"line":121,"column":76}},"29":{"start":{"line":20,"column":13},"end":{"line":20,"column":36}},"30":{"start":{"line":24,"column":8},"end":{"line":26,"column":null}},"31":{"start":{"line":30,"column":8},"end":{"line":56,"column":null}},"32":{"start":{"line":65,"column":8},"end":{"line":92,"column":null}},"33":{"start":{"line":102,"column":8},"end":{"line":117,"column":null}},"34":{"start":{"line":120,"column":8},"end":{"line":122,"column":null}},"35":{"start":{"line":20,"column":13},"end":{"line":123,"column":null}}},"fnMap":{"0":{"name":"(anonymous_4)","decl":{"start":{"line":21,"column":2},"end":{"line":21,"column":31}},"loc":{"start":{"line":21,"column":73},"end":{"line":21,"column":77}}},"1":{"name":"(anonymous_5)","decl":{"start":{"line":24,"column":2},"end":{"line":24,"column":7}},"loc":{"start":{"line":24,"column":17},"end":{"line":26,"column":3}}},"2":{"name":"(anonymous_6)","decl":{"start":{"line":30,"column":2},"end":{"line":30,"column":7}},"loc":{"start":{"line":34,"column":43},"end":{"line":56,"column":3}}},"3":{"name":"(anonymous_7)","decl":{"start":{"line":41,"column":68},"end":{"line":41,"column":69}},"loc":{"start":{"line":41,"column":92},"end":{"line":52,"column":7}}},"4":{"name":"(anonymous_8)","decl":{"start":{"line":65,"column":2},"end":{"line":65,"column":7}},"loc":{"start":{"line":69,"column":43},"end":{"line":92,"column":3}}},"5":{"name":"(anonymous_9)","decl":{"start":{"line":77,"column":68},"end":{"line":77,"column":69}},"loc":{"start":{"line":77,"column":92},"end":{"line":88,"column":7}}},"6":{"name":"(anonymous_10)","decl":{"start":{"line":102,"column":2},"end":{"line":102,"column":7}},"loc":{"start":{"line":109,"column":5},"end":{"line":117,"column":3}}},"7":{"name":"(anonymous_11)","decl":{"start":{"line":120,"column":2},"end":{"line":120,"column":7}},"loc":{"start":{"line":120,"column":38},"end":{"line":122,"column":3}}}},"branchMap":{"0":{"loc":{"start":{"line":40,"column":4},"end":{"line":53,"column":null}},"type":"if","locations":[{"start":{"line":40,"column":4},"end":{"line":53,"column":null}}]},"1":{"loc":{"start":{"line":40,"column":8},"end":{"line":40,"column":89}},"type":"binary-expr","locations":[{"start":{"line":40,"column":8},"end":{"line":40,"column":47}},{"start":{"line":40,"column":51},"end":{"line":40,"column":89}}]},"2":{"loc":{"start":{"line":45,"column":20},"end":{"line":47,"column":42}},"type":"cond-expr","locations":[{"start":{"line":46,"column":14},"end":{"line":46,"column":57}},{"start":{"line":47,"column":14},"end":{"line":47,"column":42}}]},"3":{"loc":{"start":{"line":48,"column":26},"end":{"line":50,"column":19}},"type":"cond-expr","locations":[{"start":{"line":49,"column":14},"end":{"line":49,"column":62}},{"start":{"line":50,"column":14},"end":{"line":50,"column":19}}]},"4":{"loc":{"start":{"line":72,"column":28},"end":{"line":72,"column":75}},"type":"cond-expr","locations":[{"start":{"line":72,"column":48},"end":{"line":72,"column":68}},{"start":{"line":72,"column":71},"end":{"line":72,"column":75}}]},"5":{"loc":{"start":{"line":76,"column":4},"end":{"line":89,"column":null}},"type":"if","locations":[{"start":{"line":76,"column":4},"end":{"line":89,"column":null}}]},"6":{"loc":{"start":{"line":76,"column":8},"end":{"line":76,"column":89}},"type":"binary-expr","locations":[{"start":{"line":76,"column":8},"end":{"line":76,"column":47}},{"start":{"line":76,"column":51},"end":{"line":76,"column":89}}]},"7":{"loc":{"start":{"line":81,"column":20},"end":{"line":83,"column":42}},"type":"cond-expr","locations":[{"start":{"line":82,"column":14},"end":{"line":82,"column":57}},{"start":{"line":83,"column":14},"end":{"line":83,"column":42}}]},"8":{"loc":{"start":{"line":84,"column":26},"end":{"line":86,"column":19}},"type":"cond-expr","locations":[{"start":{"line":85,"column":14},"end":{"line":85,"column":62}},{"start":{"line":86,"column":14},"end":{"line":86,"column":19}}]}},"s":{"0":0,"1":0,"2":0,"3":0,"4":0,"5":0,"6":0,"7":0,"8":0,"9":0,"10":0,"11":0,"12":0,"13":0,"14":0,"15":0,"16":0,"17":0,"18":0,"19":0,"20":0,"21":0,"22":0,"23":0,"24":0,"25":0,"26":0,"27":0,"28":0,"29":0,"30":0,"31":0,"32":0,"33":0,"34":0,"35":0},"f":{"0":0,"1":0,"2":0,"3":0,"4":0,"5":0,"6":0,"7":0},"b":{"0":[0],"1":[0,0],"2":[0,0],"3":[0,0],"4":[0,0],"5":[0],"6":[0,0],"7":[0,0],"8":[0,0]}}
,"/home/runner/work/back-end/back-end/src/core/module/generate-image/GenerateImageService.ts": {"path":"/home/runner/work/back-end/back-end/src/core/module/generate-image/GenerateImageService.ts","statementMap":{"0":{"start":{"line":1,"column":0},"end":{"line":1,"column":129}},"1":{"start":{"line":2,"column":0},"end":{"line":2,"column":44}},"2":{"start":{"line":4,"column":0},"end":{"line":4,"column":74}},"3":{"start":{"line":5,"column":0},"end":{"line":5,"column":53}},"4":{"start":{"line":6,"column":0},"end":{"line":6,"column":56}},"5":{"start":{"line":7,"column":0},"end":{"line":7,"column":156}},"6":{"start":{"line":12,"column":7},"end":{"line":85,"column":null}},"7":{"start":{"line":14,"column":12},"end":{"line":14,"column":42}},"8":{"start":{"line":15,"column":12},"end":{"line":15,"column":56}},"9":{"start":{"line":16,"column":12},"end":{"line":16,"column":26}},"10":{"start":{"line":20,"column":25},"end":{"line":20,"column":99}},"11":{"start":{"line":21,"column":30},"end":{"line":23,"column":null}},"12":{"start":{"line":25,"column":32},"end":{"line":29,"column":null}},"13":{"start":{"line":31,"column":19},"end":{"line":31,"column":67}},"14":{"start":{"line":31,"column":52},"end":{"line":31,"column":66}},"15":{"start":{"line":32,"column":4},"end":{"line":32,"column":18}},"16":{"start":{"line":36,"column":25},"end":{"line":36,"column":99}},"17":{"start":{"line":37,"column":30},"end":{"line":39,"column":null}},"18":{"start":{"line":41,"column":32},"end":{"line":45,"column":null}},"19":{"start":{"line":48,"column":19},"end":{"line":48,"column":67}},"20":{"start":{"line":48,"column":52},"end":{"line":48,"column":66}},"21":{"start":{"line":49,"column":4},"end":{"line":49,"column":18}},"22":{"start":{"line":53,"column":4},"end":{"line":53,"column":60}},"23":{"start":{"line":61,"column":6},"end":{"line":63,"column":null}},"24":{"start":{"line":67,"column":6},"end":{"line":69,"column":null}},"25":{"start":{"line":71,"column":32},"end":{"line":75,"column":null}},"26":{"start":{"line":78,"column":19},"end":{"line":78,"column":67}},"27":{"start":{"line":78,"column":52},"end":{"line":78,"column":66}},"28":{"start":{"line":79,"column":4},"end":{"line":79,"column":18}},"29":{"start":{"line":83,"column":4},"end":{"line":83,"column":74}},"30":{"start":{"line":12,"column":13},"end":{"line":12,"column":33}},"31":{"start":{"line":12,"column":13},"end":{"line":85,"column":null}}},"fnMap":{"0":{"name":"(anonymous_2)","decl":{"start":{"line":13,"column":2},"end":{"line":13,"column":null}},"loc":{"start":{"line":16,"column":38},"end":{"line":17,"column":6}}},"1":{"name":"(anonymous_3)","decl":{"start":{"line":19,"column":2},"end":{"line":19,"column":7}},"loc":{"start":{"line":19,"column":80},"end":{"line":33,"column":3}}},"2":{"name":"(anonymous_4)","decl":{"start":{"line":31,"column":43},"end":{"line":31,"column":48}},"loc":{"start":{"line":31,"column":52},"end":{"line":31,"column":66}}},"3":{"name":"(anonymous_5)","decl":{"start":{"line":35,"column":2},"end":{"line":35,"column":7}},"loc":{"start":{"line":35,"column":83},"end":{"line":50,"column":3}}},"4":{"name":"(anonymous_6)","decl":{"start":{"line":48,"column":43},"end":{"line":48,"column":48}},"loc":{"start":{"line":48,"column":52},"end":{"line":48,"column":66}}},"5":{"name":"(anonymous_7)","decl":{"start":{"line":52,"column":2},"end":{"line":52,"column":7}},"loc":{"start":{"line":52,"column":23},"end":{"line":54,"column":3}}},"6":{"name":"(anonymous_8)","decl":{"start":{"line":56,"column":2},"end":{"line":56,"column":7}},"loc":{"start":{"line":58,"column":48},"end":{"line":80,"column":3}}},"7":{"name":"(anonymous_9)","decl":{"start":{"line":78,"column":43},"end":{"line":78,"column":48}},"loc":{"start":{"line":78,"column":52},"end":{"line":78,"column":66}}},"8":{"name":"(anonymous_10)","decl":{"start":{"line":82,"column":2},"end":{"line":82,"column":7}},"loc":{"start":{"line":82,"column":44},"end":{"line":84,"column":3}}}},"branchMap":{},"s":{"0":0,"1":0,"2":0,"3":0,"4":0,"5":0,"6":0,"7":0,"8":0,"9":0,"10":0,"11":0,"12":0,"13":0,"14":0,"15":0,"16":0,"17":0,"18":0,"19":0,"20":0,"21":0,"22":0,"23":0,"24":0,"25":0,"26":0,"27":0,"28":0,"29":0,"30":0,"31":0},"f":{"0":0,"1":0,"2":0,"3":0,"4":0,"5":0,"6":0,"7":0,"8":0},"b":{}}
,"/home/runner/work/back-end/back-end/src/core/module/image/ImageController.ts": {"path":"/home/runner/work/back-end/back-end/src/core/module/image/ImageController.ts","statementMap":{"0":{"start":{"line":1,"column":0},"end":{"line":1,"column":null}},"1":{"start":{"line":16,"column":0},"end":{"line":16,"column":46}},"2":{"start":{"line":17,"column":0},"end":{"line":17,"column":60}},"3":{"start":{"line":18,"column":0},"end":{"line":18,"column":60}},"4":{"start":{"line":19,"column":0},"end":{"line":19,"column":73}},"5":{"start":{"line":20,"column":0},"end":{"line":20,"column":57}},"6":{"start":{"line":21,"column":0},"end":{"line":21,"column":74}},"7":{"start":{"line":22,"column":0},"end":{"line":22,"column":77}},"8":{"start":{"line":23,"column":0},"end":{"line":23,"column":81}},"9":{"start":{"line":24,"column":0},"end":{"line":24,"column":75}},"10":{"start":{"line":25,"column":0},"end":{"line":25,"column":75}},"11":{"start":{"line":27,"column":0},"end":{"line":27,"column":89}},"12":{"start":{"line":31,"column":7},"end":{"line":138,"column":null}},"13":{"start":{"line":33,"column":21},"end":{"line":33,"column":35}},"14":{"start":{"line":34,"column":21},"end":{"line":34,"column":39}},"15":{"start":{"line":44,"column":4},"end":{"line":44,"column":64}},"16":{"start":{"line":50,"column":4},"end":{"line":50,"column":59}},"17":{"start":{"line":51,"column":4},"end":{"line":51,"column":39}},"18":{"start":{"line":57,"column":4},"end":{"line":57,"column":60}},"19":{"start":{"line":66,"column":4},"end":{"line":66,"column":64}},"20":{"start":{"line":73,"column":4},"end":{"line":73,"column":60}},"21":{"start":{"line":81,"column":25},"end":{"line":85,"column":6}},"22":{"start":{"line":87,"column":23},"end":{"line":90,"column":6}},"23":{"start":{"line":92,"column":4},"end":{"line":97,"column":6}},"24":{"start":{"line":102,"column":4},"end":{"line":102,"column":68}},"25":{"start":{"line":107,"column":4},"end":{"line":107,"column":58}},"26":{"start":{"line":116,"column":4},"end":{"line":116,"column":88}},"27":{"start":{"line":124,"column":4},"end":{"line":124,"column":69}},"28":{"start":{"line":125,"column":4},"end":{"line":125,"column":50}},"29":{"start":{"line":133,"column":4},"end":{"line":136,"column":7}},"30":{"start":{"line":31,"column":13},"end":{"line":31,"column":28}},"31":{"start":{"line":40,"column":8},"end":{"line":45,"column":null}},"32":{"start":{"line":49,"column":8},"end":{"line":52,"column":null}},"33":{"start":{"line":56,"column":8},"end":{"line":58,"column":null}},"34":{"start":{"line":62,"column":8},"end":{"line":67,"column":null}},"35":{"start":{"line":70,"column":8},"end":{"line":74,"column":null}},"36":{"start":{"line":77,"column":8},"end":{"line":98,"column":null}},"37":{"start":{"line":101,"column":8},"end":{"line":103,"column":null}},"38":{"start":{"line":106,"column":8},"end":{"line":108,"column":null}},"39":{"start":{"line":111,"column":8},"end":{"line":117,"column":null}},"40":{"start":{"line":120,"column":8},"end":{"line":126,"column":null}},"41":{"start":{"line":129,"column":8},"end":{"line":137,"column":null}},"42":{"start":{"line":31,"column":13},"end":{"line":138,"column":null}}},"fnMap":{"0":{"name":"(anonymous_4)","decl":{"start":{"line":32,"column":2},"end":{"line":32,"column":null}},"loc":{"start":{"line":34,"column":60},"end":{"line":35,"column":6}}},"1":{"name":"(anonymous_5)","decl":{"start":{"line":40,"column":2},"end":{"line":40,"column":7}},"loc":{"start":{"line":42,"column":35},"end":{"line":45,"column":3}}},"2":{"name":"(anonymous_6)","decl":{"start":{"line":49,"column":2},"end":{"line":49,"column":7}},"loc":{"start":{"line":49,"column":55},"end":{"line":52,"column":3}}},"3":{"name":"(anonymous_7)","decl":{"start":{"line":56,"column":2},"end":{"line":56,"column":7}},"loc":{"start":{"line":56,"column":53},"end":{"line":58,"column":3}}},"4":{"name":"(anonymous_8)","decl":{"start":{"line":62,"column":2},"end":{"line":62,"column":7}},"loc":{"start":{"line":64,"column":38},"end":{"line":67,"column":3}}},"5":{"name":"(anonymous_9)","decl":{"start":{"line":70,"column":2},"end":{"line":70,"column":7}},"loc":{"start":{"line":71,"column":44},"end":{"line":74,"column":3}}},"6":{"name":"(anonymous_10)","decl":{"start":{"line":77,"column":2},"end":{"line":77,"column":7}},"loc":{"start":{"line":79,"column":35},"end":{"line":98,"column":3}}},"7":{"name":"(anonymous_11)","decl":{"start":{"line":101,"column":2},"end":{"line":101,"column":7}},"loc":{"start":{"line":101,"column":64},"end":{"line":103,"column":3}}},"8":{"name":"(anonymous_12)","decl":{"start":{"line":106,"column":2},"end":{"line":106,"column":7}},"loc":{"start":{"line":106,"column":55},"end":{"line":108,"column":3}}},"9":{"name":"(anonymous_13)","decl":{"start":{"line":111,"column":2},"end":{"line":111,"column":7}},"loc":{"start":{"line":114,"column":37},"end":{"line":117,"column":3}}},"10":{"name":"(anonymous_14)","decl":{"start":{"line":120,"column":2},"end":{"line":120,"column":7}},"loc":{"start":{"line":122,"column":33},"end":{"line":126,"column":3}}},"11":{"name":"(anonymous_15)","decl":{"start":{"line":129,"column":2},"end":{"line":129,"column":7}},"loc":{"start":{"line":131,"column":51},"end":{"line":137,"column":3}}}},"branchMap":{},"s":{"0":0,"1":0,"2":0,"3":0,"4":0,"5":0,"6":0,"7":0,"8":0,"9":0,"10":0,"11":0,"12":0,"13":0,"14":0,"15":0,"16":0,"17":0,"18":0,"19":0,"20":0,"21":0,"22":0,"23":0,"24":0,"25":0,"26":0,"27":0,"28":0,"29":0,"30":0,"31":0,"32":0,"33":0,"34":0,"35":0,"36":0,"37":0,"38":0,"39":0,"40":0,"41":0,"42":0},"f":{"0":0,"1":0,"2":0,"3":0,"4":0,"5":0,"6":0,"7":0,"8":0,"9":0,"10":0,"11":0},"b":{}}
,"/home/runner/work/back-end/back-end/src/core/module/image/ImageRepository.ts": {"path":"/home/runner/work/back-end/back-end/src/core/module/image/ImageRepository.ts","statementMap":{"0":{"start":{"line":1,"column":0},"end":{"line":1,"column":72}},"1":{"start":{"line":3,"column":0},"end":{"line":3,"column":52}},"2":{"start":{"line":4,"column":0},"end":{"line":4,"column":55}},"3":{"start":{"line":9,"column":19},"end":{"line":9,"column":70}},"4":{"start":{"line":11,"column":4},"end":{"line":11,"column":50}},"5":{"start":{"line":15,"column":4},"end":{"line":17,"column":7}},"6":{"start":{"line":16,"column":33},"end":{"line":16,"column":50}},"7":{"start":{"line":21,"column":4},"end":{"line":21,"column":64}},"8":{"start":{"line":29,"column":4},"end":{"line":33,"column":null}},"9":{"start":{"line":30,"column":6},"end":{"line":32,"column":9}},"10":{"start":{"line":31,"column":34},"end":{"line":31,"column":59}},"11":{"start":{"line":35,"column":4},"end":{"line":37,"column":7}},"12":{"start":{"line":36,"column":32},"end":{"line":36,"column":93}},"13":{"start":{"line":41,"column":4},"end":{"line":43,"column":7}},"14":{"start":{"line":42,"column":41},"end":{"line":42,"column":97}},"15":{"start":{"line":47,"column":17},"end":{"line":47,"column":18}},"16":{"start":{"line":48,"column":25},"end":{"line":51,"column":40}},"17":{"start":{"line":53,"column":4},"end":{"line":55,"column":null}},"18":{"start":{"line":54,"column":6},"end":{"line":54,"column":37}},"19":{"start":{"line":57,"column":4},"end":{"line":57,"column":18}},"20":{"start":{"line":61,"column":4},"end":{"line":64,"column":38}},"21":{"start":{"line":66,"column":4},"end":{"line":66,"column":34}},"22":{"start":{"line":70,"column":4},"end":{"line":70,"column":92}},"23":{"start":{"line":72,"column":4},"end":{"line":72,"column":34}},"24":{"start":{"line":76,"column":4},"end":{"line":86,"column":56}},"25":{"start":{"line":90,"column":19},"end":{"line":97,"column":null}},"26":{"start":{"line":100,"column":4},"end":{"line":100,"column":27}},"27":{"start":{"line":104,"column":19},"end":{"line":107,"column":80}},"28":{"start":{"line":109,"column":4},"end":{"line":109,"column":27}},"29":{"start":{"line":113,"column":4},"end":{"line":113,"column":90}},"30":{"start":{"line":121,"column":4},"end":{"line":125,"column":7}},"31":{"start":{"line":122,"column":32},"end":{"line":122,"column":93}},"32":{"start":{"line":7,"column":0},"end":{"line":7,"column":13}}},"fnMap":{"0":{"name":"(anonymous_0)","decl":{"start":{"line":8,"column":2},"end":{"line":8,"column":7}},"loc":{"start":{"line":8,"column":33},"end":{"line":12,"column":3}}},"1":{"name":"(anonymous_1)","decl":{"start":{"line":14,"column":2},"end":{"line":14,"column":7}},"loc":{"start":{"line":14,"column":26},"end":{"line":18,"column":3}}},"2":{"name":"(anonymous_2)","decl":{"start":{"line":16,"column":13},"end":{"line":16,"column":14}},"loc":{"start":{"line":16,"column":33},"end":{"line":16,"column":50}}},"3":{"name":"(anonymous_3)","decl":{"start":{"line":20,"column":2},"end":{"line":20,"column":7}},"loc":{"start":{"line":20,"column":29},"end":{"line":22,"column":3}}},"4":{"name":"(anonymous_4)","decl":{"start":{"line":24,"column":2},"end":{"line":24,"column":7}},"loc":{"start":{"line":27,"column":41},"end":{"line":38,"column":3}}},"5":{"name":"(anonymous_5)","decl":{"start":{"line":31,"column":15},"end":{"line":31,"column":16}},"loc":{"start":{"line":31,"column":34},"end":{"line":31,"column":59}}},"6":{"name":"(anonymous_6)","decl":{"start":{"line":36,"column":13},"end":{"line":36,"column":14}},"loc":{"start":{"line":36,"column":32},"end":{"line":36,"column":93}}},"7":{"name":"(anonymous_7)","decl":{"start":{"line":40,"column":2},"end":{"line":40,"column":7}},"loc":{"start":{"line":40,"column":68},"end":{"line":44,"column":3}}},"8":{"name":"(anonymous_8)","decl":{"start":{"line":42,"column":13},"end":{"line":42,"column":14}},"loc":{"start":{"line":42,"column":41},"end":{"line":42,"column":97}}},"9":{"name":"(anonymous_9)","decl":{"start":{"line":46,"column":2},"end":{"line":46,"column":7}},"loc":{"start":{"line":46,"column":44},"end":{"line":58,"column":3}}},"10":{"name":"(anonymous_10)","decl":{"start":{"line":60,"column":2},"end":{"line":60,"column":7}},"loc":{"start":{"line":60,"column":69},"end":{"line":67,"column":3}}},"11":{"name":"(anonymous_11)","decl":{"start":{"line":69,"column":2},"end":{"line":69,"column":7}},"loc":{"start":{"line":69,"column":60},"end":{"line":73,"column":3}}},"12":{"name":"(anonymous_12)","decl":{"start":{"line":75,"column":2},"end":{"line":75,"column":7}},"loc":{"start":{"line":75,"column":71},"end":{"line":87,"column":3}}},"13":{"name":"(anonymous_13)","decl":{"start":{"line":89,"column":2},"end":{"line":89,"column":7}},"loc":{"start":{"line":89,"column":57},"end":{"line":101,"column":3}}},"14":{"name":"(anonymous_14)","decl":{"start":{"line":103,"column":2},"end":{"line":103,"column":7}},"loc":{"start":{"line":103,"column":69},"end":{"line":110,"column":3}}},"15":{"name":"(anonymous_15)","decl":{"start":{"line":112,"column":2},"end":{"line":112,"column":7}},"loc":{"start":{"line":112,"column":66},"end":{"line":114,"column":3}}},"16":{"name":"(anonymous_16)","decl":{"start":{"line":116,"column":2},"end":{"line":116,"column":7}},"loc":{"start":{"line":119,"column":31},"end":{"line":126,"column":3}}},"17":{"name":"(anonymous_17)","decl":{"start":{"line":122,"column":13},"end":{"line":122,"column":14}},"loc":{"start":{"line":122,"column":32},"end":{"line":122,"column":93}}}},"branchMap":{"0":{"loc":{"start":{"line":26,"column":4},"end":{"line":26,"column":30}},"type":"default-arg","locations":[{"start":{"line":26,"column":26},"end":{"line":26,"column":30}}]},"1":{"loc":{"start":{"line":27,"column":4},"end":{"line":27,"column":41}},"type":"default-arg","locations":[{"start":{"line":27,"column":36},"end":{"line":27,"column":41}}]},"2":{"loc":{"start":{"line":29,"column":4},"end":{"line":33,"column":null}},"type":"if","locations":[{"start":{"line":29,"column":4},"end":{"line":33,"column":null}}]},"3":{"loc":{"start":{"line":36,"column":32},"end":{"line":36,"column":93}},"type":"binary-expr","locations":[{"start":{"line":36,"column":32},"end":{"line":36,"column":57}},{"start":{"line":36,"column":61},"end":{"line":36,"column":93}}]},"4":{"loc":{"start":{"line":42,"column":41},"end":{"line":42,"column":97}},"type":"binary-expr","locations":[{"start":{"line":42,"column":41},"end":{"line":42,"column":66}},{"start":{"line":42,"column":70},"end":{"line":42,"column":97}}]},"5":{"loc":{"start":{"line":53,"column":4},"end":{"line":55,"column":null}},"type":"if","locations":[{"start":{"line":53,"column":4},"end":{"line":55,"column":null}}]},"6":{"loc":{"start":{"line":122,"column":32},"end":{"line":122,"column":93}},"type":"binary-expr","locations":[{"start":{"line":122,"column":32},"end":{"line":122,"column":57}},{"start":{"line":122,"column":61},"end":{"line":122,"column":93}}]}},"s":{"0":1,"1":1,"2":1,"3":0,"4":0,"5":0,"6":0,"7":0,"8":0,"9":0,"10":0,"11":0,"12":0,"13":0,"14":0,"15":0,"16":0,"17":0,"18":0,"19":0,"20":0,"21":0,"22":0,"23":0,"24":0,"25":0,"26":0,"27":0,"28":0,"29":0,"30":0,"31":0,"32":1},"f":{"0":0,"1":0,"2":0,"3":0,"4":0,"5":0,"6":0,"7":0,"8":0,"9":0,"10":0,"11":0,"12":0,"13":0,"14":0,"15":0,"16":0,"17":0},"b":{"0":[0],"1":[0],"2":[0],"3":[0,0],"4":[0,0],"5":[0],"6":[0,0]}}
,"/home/runner/work/back-end/back-end/src/core/module/image/ImageService.ts": {"path":"/home/runner/work/back-end/back-end/src/core/module/image/ImageService.ts","statementMap":{"0":{"start":{"line":1,"column":0},"end":{"line":1,"column":52}},"1":{"start":{"line":2,"column":0},"end":{"line":2,"column":52}},"2":{"start":{"line":3,"column":0},"end":{"line":3,"column":61}},"3":{"start":{"line":4,"column":0},"end":{"line":4,"column":68}},"4":{"start":{"line":6,"column":0},"end":{"line":6,"column":64}},"5":{"start":{"line":8,"column":0},"end":{"line":8,"column":94}},"6":{"start":{"line":9,"column":0},"end":{"line":9,"column":74}},"7":{"start":{"line":10,"column":0},"end":{"line":10,"column":56}},"8":{"start":{"line":13,"column":0},"end":{"line":13,"column":88}},"9":{"start":{"line":14,"column":0},"end":{"line":14,"column":52}},"10":{"start":{"line":15,"column":0},"end":{"line":15,"column":118}},"11":{"start":{"line":16,"column":0},"end":{"line":16,"column":51}},"12":{"start":{"line":22,"column":7},"end":{"line":406,"column":null}},"13":{"start":{"line":24,"column":21},"end":{"line":24,"column":38}},"14":{"start":{"line":25,"column":52},"end":{"line":25,"column":93}},"15":{"start":{"line":26,"column":21},"end":{"line":26,"column":46}},"16":{"start":{"line":27,"column":21},"end":{"line":27,"column":39}},"17":{"start":{"line":34,"column":4},"end":{"line":36,"column":null}},"18":{"start":{"line":35,"column":6},"end":{"line":35,"column":56}},"19":{"start":{"line":38,"column":40},"end":{"line":38,"column":42}},"20":{"start":{"line":39,"column":54},"end":{"line":41,"column":6}},"21":{"start":{"line":43,"column":4},"end":{"line":57,"column":null}},"22":{"start":{"line":44,"column":6},"end":{"line":52,"column":null}},"23":{"start":{"line":45,"column":22},"end":{"line":50,"column":10}},"24":{"start":{"line":51,"column":8},"end":{"line":51,"column":68}},"25":{"start":{"line":54,"column":6},"end":{"line":54,"column":20}},"26":{"start":{"line":56,"column":6},"end":{"line":56,"column":51}},"27":{"start":{"line":61,"column":4},"end":{"line":63,"column":null}},"28":{"start":{"line":62,"column":6},"end":{"line":62,"column":33}},"29":{"start":{"line":67,"column":18},"end":{"line":67,"column":56}},"30":{"start":{"line":69,"column":4},"end":{"line":71,"column":null}},"31":{"start":{"line":70,"column":6},"end":{"line":70,"column":54}},"32":{"start":{"line":73,"column":4},"end":{"line":73,"column":80}},"33":{"start":{"line":74,"column":4},"end":{"line":74,"column":46}},"34":{"start":{"line":78,"column":4},"end":{"line":87,"column":null}},"35":{"start":{"line":79,"column":21},"end":{"line":79,"column":67}},"36":{"start":{"line":80,"column":42},"end":{"line":81,"column":null}},"37":{"start":{"line":81,"column":8},"end":{"line":81,"column":54}},"38":{"start":{"line":84,"column":6},"end":{"line":84,"column":20}},"39":{"start":{"line":86,"column":6},"end":{"line":86,"column":48}},"40":{"start":{"line":91,"column":26},"end":{"line":95,"column":7}},"41":{"start":{"line":97,"column":4},"end":{"line":105,"column":null}},"42":{"start":{"line":98,"column":6},"end":{"line":102,"column":9}},"43":{"start":{"line":104,"column":6},"end":{"line":104,"column":61}},"44":{"start":{"line":107,"column":4},"end":{"line":111,"column":7}},"45":{"start":{"line":113,"column":4},"end":{"line":113,"column":60}},"46":{"start":{"line":123,"column":36},"end":{"line":123,"column":38}},"47":{"start":{"line":125,"column":24},"end":{"line":125,"column":86}},"48":{"start":{"line":127,"column":4},"end":{"line":137,"column":null}},"49":{"start":{"line":128,"column":29},"end":{"line":133,"column":null}},"50":{"start":{"line":136,"column":6},"end":{"line":136,"column":34}},"51":{"start":{"line":139,"column":4},"end":{"line":139,"column":18}},"52":{"start":{"line":149,"column":32},"end":{"line":149,"column":98}},"53":{"start":{"line":151,"column":32},"end":{"line":160,"column":6}},"54":{"start":{"line":161,"column":18},"end":{"line":161,"column":62}},"55":{"start":{"line":163,"column":27},"end":{"line":163,"column":64}},"56":{"start":{"line":165,"column":4},"end":{"line":165,"column":26}},"57":{"start":{"line":175,"column":36},"end":{"line":175,"column":38}},"58":{"start":{"line":177,"column":24},"end":{"line":177,"column":86}},"59":{"start":{"line":179,"column":4},"end":{"line":189,"column":null}},"60":{"start":{"line":180,"column":29},"end":{"line":185,"column":null}},"61":{"start":{"line":188,"column":6},"end":{"line":188,"column":34}},"62":{"start":{"line":191,"column":4},"end":{"line":191,"column":18}},"63":{"start":{"line":201,"column":32},"end":{"line":201,"column":98}},"64":{"start":{"line":203,"column":32},"end":{"line":211,"column":6}},"65":{"start":{"line":212,"column":18},"end":{"line":212,"column":62}},"66":{"start":{"line":214,"column":27},"end":{"line":214,"column":64}},"67":{"start":{"line":216,"column":4},"end":{"line":216,"column":26}},"68":{"start":{"line":220,"column":32},"end":{"line":220,"column":77}},"69":{"start":{"line":221,"column":19},"end":{"line":223,"column":null}},"70":{"start":{"line":226,"column":4},"end":{"line":226,"column":55}},"71":{"start":{"line":226,"column":26},"end":{"line":226,"column":53}},"72":{"start":{"line":228,"column":31},"end":{"line":228,"column":33}},"73":{"start":{"line":230,"column":4},"end":{"line":241,"column":null}},"74":{"start":{"line":231,"column":6},"end":{"line":238,"column":null}},"75":{"start":{"line":235,"column":8},"end":{"line":237,"column":10}},"76":{"start":{"line":239,"column":29},"end":{"line":239,"column":53}},"77":{"start":{"line":240,"column":6},"end":{"line":240,"column":81}},"78":{"start":{"line":243,"column":19},"end":{"line":243,"column":84}},"79":{"start":{"line":243,"column":60},"end":{"line":243,"column":83}},"80":{"start":{"line":245,"column":4},"end":{"line":245,"column":18}},"81":{"start":{"line":253,"column":18},"end":{"line"
[...]
":4},"end":{"line":93,"column":31}},"16":{"start":{"line":97,"column":4},"end":{"line":103,"column":31}},"17":{"start":{"line":8,"column":0},"end":{"line":8,"column":13}}},"fnMap":{"0":{"name":"(anonymous_0)","decl":{"start":{"line":9,"column":2},"end":{"line":9,"column":7}},"loc":{"start":{"line":14,"column":3},"end":{"line":18,"column":3}}},"1":{"name":"(anonymous_1)","decl":{"start":{"line":20,"column":2},"end":{"line":20,"column":7}},"loc":{"start":{"line":20,"column":26},"end":{"line":24,"column":3}}},"2":{"name":"(anonymous_2)","decl":{"start":{"line":22,"column":13},"end":{"line":22,"column":14}},"loc":{"start":{"line":22,"column":32},"end":{"line":22,"column":48}}},"3":{"name":"(anonymous_3)","decl":{"start":{"line":26,"column":2},"end":{"line":26,"column":7}},"loc":{"start":{"line":26,"column":32},"end":{"line":30,"column":3}}},"4":{"name":"(anonymous_4)","decl":{"start":{"line":28,"column":13},"end":{"line":28,"column":14}},"loc":{"start":{"line":28,"column":32},"end":{"line":28,"column":54}}},"5":{"name":"(anonymous_5)","decl":{"start":{"line":32,"column":2},"end":{"line":32,"column":7}},"loc":{"start":{"line":35,"column":32},"end":{"line":47,"column":3}}},"6":{"name":"(anonymous_6)","decl":{"start":{"line":49,"column":2},"end":{"line":49,"column":7}},"loc":{"start":{"line":49,"column":55},"end":{"line":59,"column":3}}},"7":{"name":"(anonymous_7)","decl":{"start":{"line":61,"column":2},"end":{"line":61,"column":7}},"loc":{"start":{"line":61,"column":51},"end":{"line":69,"column":3}}},"8":{"name":"(anonymous_8)","decl":{"start":{"line":70,"column":2},"end":{"line":70,"column":7}},"loc":{"start":{"line":70,"column":57},"end":{"line":84,"column":3}}},"9":{"name":"(anonymous_9)","decl":{"start":{"line":86,"column":2},"end":{"line":86,"column":7}},"loc":{"start":{"line":86,"column":47},"end":{"line":94,"column":3}}},"10":{"name":"(anonymous_10)","decl":{"start":{"line":96,"column":2},"end":{"line":96,"column":7}},"loc":{"start":{"line":96,"column":55},"end":{"line":104,"column":3}}}},"branchMap":{"0":{"loc":{"start":{"line":34,"column":4},"end":{"line":34,"column":31}},"type":"default-arg","locations":[{"start":{"line":34,"column":27},"end":{"line":34,"column":31}}]},"1":{"loc":{"start":{"line":35,"column":4},"end":{"line":35,"column":32}},"type":"default-arg","locations":[{"start":{"line":35,"column":28},"end":{"line":35,"column":32}}]}},"s":{"0":1,"1":1,"2":1,"3":0,"4":0,"5":0,"6":0,"7":0,"8":0,"9":0,"10":0,"11":0,"12":0,"13":0,"14":0,"15":0,"16":0,"17":1},"f":{"0":0,"1":0,"2":0,"3":0,"4":0,"5":0,"6":0,"7":0,"8":0,"9":0,"10":0},"b":{"0":[0],"1":[0]}}
,"/home/runner/work/back-end/back-end/src/core/module/user/UserService.ts": {"path":"/home/runner/work/back-end/back-end/src/core/module/user/UserService.ts","statementMap":{"0":{"start":{"line":1,"column":0},"end":{"line":1,"column":52}},"1":{"start":{"line":2,"column":0},"end":{"line":2,"column":50}},"2":{"start":{"line":3,"column":0},"end":{"line":3,"column":76}},"3":{"start":{"line":4,"column":0},"end":{"line":4,"column":61}},"4":{"start":{"line":5,"column":0},"end":{"line":5,"column":66}},"5":{"start":{"line":7,"column":0},"end":{"line":7,"column":65}},"6":{"start":{"line":12,"column":7},"end":{"line":84,"column":null}},"7":{"start":{"line":14,"column":21},"end":{"line":14,"column":37}},"8":{"start":{"line":15,"column":52},"end":{"line":15,"column":93}},"9":{"start":{"line":19,"column":25},"end":{"line":19,"column":67}},"10":{"start":{"line":21,"column":4},"end":{"line":23,"column":null}},"11":{"start":{"line":22,"column":6},"end":{"line":22,"column":52}},"12":{"start":{"line":25,"column":4},"end":{"line":25,"column":24}},"13":{"start":{"line":29,"column":25},"end":{"line":29,"column":65}},"14":{"start":{"line":31,"column":4},"end":{"line":31,"column":77}},"15":{"start":{"line":38,"column":25},"end":{"line":38,"column":65}},"16":{"start":{"line":40,"column":4},"end":{"line":40,"column":55}},"17":{"start":{"line":41,"column":4},"end":{"line":41,"column":62}},"18":{"start":{"line":43,"column":4},"end":{"line":45,"column":7}},"19":{"start":{"line":44,"column":6},"end":{"line":44,"column":59}},"20":{"start":{"line":47,"column":25},"end":{"line":47,"column":67}},"21":{"start":{"line":48,"column":4},"end":{"line":48,"column":77}},"22":{"start":{"line":52,"column":4},"end":{"line":52,"column":45}},"23":{"start":{"line":54,"column":4},"end":{"line":54,"column":57}},"24":{"start":{"line":55,"column":25},"end":{"line":55,"column":67}},"25":{"start":{"line":56,"column":4},"end":{"line":56,"column":77}},"26":{"start":{"line":60,"column":4},"end":{"line":60,"column":45}},"27":{"start":{"line":62,"column":28},"end":{"line":62,"column":93}},"28":{"start":{"line":64,"column":4},"end":{"line":69,"column":null}},"29":{"start":{"line":65,"column":6},"end":{"line":65,"column":62}},"30":{"start":{"line":66,"column":6},"end":{"line":66,"column":20}},"31":{"start":{"line":68,"column":6},"end":{"line":68,"column":61}},"32":{"start":{"line":73,"column":4},"end":{"line":73,"column":45}},"33":{"start":{"line":75,"column":32},"end":{"line":75,"column":97}},"34":{"start":{"line":77,"column":4},"end":{"line":82,"column":null}},"35":{"start":{"line":78,"column":6},"end":{"line":78,"column":70}},"36":{"start":{"line":79,"column":6},"end":{"line":79,"column":24}},"37":{"start":{"line":81,"column":6},"end":{"line":81,"column":65}},"38":{"start":{"line":12,"column":13},"end":{"line":12,"column":24}},"39":{"start":{"line":12,"column":13},"end":{"line":84,"column":null}}},"fnMap":{"0":{"name":"(anonymous_4)","decl":{"start":{"line":13,"column":2},"end":{"line":13,"column":null}},"loc":{"start":{"line":15,"column":93},"end":{"line":16,"column":6}}},"1":{"name":"(anonymous_5)","decl":{"start":{"line":18,"column":2},"end":{"line":18,"column":7}},"loc":{"start":{"line":18,"column":44},"end":{"line":26,"column":3}}},"2":{"name":"(anonymous_6)","decl":{"start":{"line":28,"column":2},"end":{"line":28,"column":7}},"loc":{"start":{"line":28,"column":52},"end":{"line":32,"column":3}}},"3":{"name":"(anonymous_7)","decl":{"start":{"line":34,"column":2},"end":{"line":34,"column":7}},"loc":{"start":{"line":36,"column":27},"end":{"line":49,"column":3}}},"4":{"name":"(anonymous_8)","decl":{"start":{"line":43,"column":28},"end":{"line":43,"column":33}},"loc":{"start":{"line":43,"column":43},"end":{"line":45,"column":5}}},"5":{"name":"(anonymous_9)","decl":{"start":{"line":51,"column":2},"end":{"line":51,"column":7}},"loc":{"start":{"line":51,"column":62},"end":{"line":57,"column":3}}},"6":{"name":"(anonymous_10)","decl":{"start":{"line":59,"column":2},"end":{"line":59,"column":7}},"loc":{"start":{"line":59,"column":69},"end":{"line":70,"column":3}}},"7":{"name":"(anonymous_11)","decl":{"start":{"line":72,"column":2},"end":{"line":72,"column":7}},"loc":{"start":{"line":72,"column":73},"end":{"line":83,"column":3}}}},"branchMap":{"0":{"loc":{"start":{"line":21,"column":4},"end":{"line":23,"column":null}},"type":"if","locations":[{"start":{"line":21,"column":4},"end":{"line":23,"column":null}}]}},"s":{"0":1,"1":1,"2":1,"3":1,"4":1,"5":1,"6":1,"7":9,"8":9,"9":3,"10":3,"11":1,"12":2,"13":2,"14":1,"15":1,"16":1,"17":1,"18":1,"19":2,"20":1,"21":1,"22":1,"23":1,"24":1,"25":1,"26":2,"27":2,"28":2,"29":2,"30":1,"31":1,"32":2,"33":2,"34":2,"35":2,"36":1,"37":1,"38":1,"39":1},"f":{"0":9,"1":3,"2":2,"3":1,"4":2,"5":1,"6":2,"7":2},"b":{"0":[1]}}
,"/home/runner/work/back-end/back-end/src/infrastructure/external-services/ai-generate-image/comfyui/ComfyUIService.ts": {"path":"/home/runner/work/back-end/back-end/src/infrastructure/external-services/ai-generate-image/comfyui/ComfyUIService.ts","statementMap":{"0":{"start":{"line":3,"column":0},"end":{"line":3,"column":44}},"1":{"start":{"line":4,"column":0},"end":{"line":4,"column":49}},"2":{"start":{"line":5,"column":0},"end":{"line":5,"column":48}},"3":{"start":{"line":6,"column":0},"end":{"line":6,"column":54}},"4":{"start":{"line":7,"column":0},"end":{"line":7,"column":54}},"5":{"start":{"line":8,"column":0},"end":{"line":8,"column":42}},"6":{"start":{"line":9,"column":0},"end":{"line":9,"column":50}},"7":{"start":{"line":15,"column":7},"end":{"line":127,"column":null}},"8":{"start":{"line":21,"column":21},"end":{"line":21,"column":39}},"9":{"start":{"line":22,"column":21},"end":{"line":22,"column":39}},"10":{"start":{"line":23,"column":21},"end":{"line":23,"column":33}},"11":{"start":{"line":24,"column":21},"end":{"line":24,"column":37}},"12":{"start":{"line":26,"column":4},"end":{"line":26,"column":34}},"13":{"start":{"line":30,"column":29},"end":{"line":30,"column":84}},"14":{"start":{"line":31,"column":27},"end":{"line":31,"column":46}},"15":{"start":{"line":32,"column":30},"end":{"line":32,"column":95}},"16":{"start":{"line":34,"column":4},"end":{"line":34,"column":29}},"17":{"start":{"line":38,"column":29},"end":{"line":38,"column":93}},"18":{"start":{"line":39,"column":27},"end":{"line":39,"column":46}},"19":{"start":{"line":40,"column":30},"end":{"line":40,"column":95}},"20":{"start":{"line":42,"column":4},"end":{"line":42,"column":29}},"21":{"start":{"line":45,"column":4},"end":{"line":48,"column":6}},"22":{"start":{"line":49,"column":27},"end":{"line":49,"column":99}},"23":{"start":{"line":50,"column":27},"end":{"line":50,"column":46}},"24":{"start":{"line":51,"column":30},"end":{"line":51,"column":93}},"25":{"start":{"line":53,"column":4},"end":{"line":53,"column":29}},"26":{"start":{"line":57,"column":4},"end":{"line":60,"column":6}},"27":{"start":{"line":61,"column":27},"end":{"line":61,"column":98}},"28":{"start":{"line":62,"column":27},"end":{"line":62,"column":46}},"29":{"start":{"line":63,"column":4},"end":{"line":63,"column":88}},"30":{"start":{"line":64,"column":30},"end":{"line":64,"column":93}},"31":{"start":{"line":66,"column":4},"end":{"line":66,"column":29}},"32":{"start":{"line":70,"column":4},"end":{"line":75,"column":6}},"33":{"start":{"line":73,"column":8},"end":{"line":73,"column":34}},"34":{"start":{"line":81,"column":4},"end":{"line":81,"column":70}},"35":{"start":{"line":88,"column":4},"end":{"line":91,"column":6}},"36":{"start":{"line":92,"column":25},"end":{"line":93,"column":null}},"37":{"start":{"line":96,"column":27},"end":{"line":96,"column":46}},"38":{"start":{"line":97,"column":30},"end":{"line":97,"column":93}},"39":{"start":{"line":99,"column":4},"end":{"line":99,"column":29}},"40":{"start":{"line":105,"column":4},"end":{"line":108,"column":6}},"41":{"start":{"line":109,"column":27},"end":{"line":110,"column":null}},"42":{"start":{"line":113,"column":27},"end":{"line":113,"column":46}},"43":{"start":{"line":114,"column":30},"end":{"line":114,"column":93}},"44":{"start":{"line":116,"column":4},"end":{"line":116,"column":29}},"45":{"start":{"line":120,"column":4},"end":{"line":125,"column":6}},"46":{"start":{"line":123,"column":8},"end":{"line":123,"column":34}},"47":{"start":{"line":15,"column":13},"end":{"line":15,"column":27}},"48":{"start":{"line":15,"column":13},"end":{"line":127,"column":null}}},"fnMap":{"0":{"name":"(anonymous_2)","decl":{"start":{"line":20,"column":2},"end":{"line":20,"column":null}},"loc":{"start":{"line":24,"column":51},"end":{"line":27,"column":3}}},"1":{"name":"(anonymous_3)","decl":{"start":{"line":29,"column":2},"end":{"line":29,"column":7}},"loc":{"start":{"line":29,"column":36},"end":{"line":35,"column":3}}},"2":{"name":"(anonymous_4)","decl":{"start":{"line":37,"column":2},"end":{"line":37,"column":7}},"loc":{"start":{"line":37,"column":45},"end":{"line":43,"column":3}}},"3":{"name":"(anonymous_5)","decl":{"start":{"line":44,"column":2},"end":{"line":44,"column":7}},"loc":{"start":{"line":44,"column":53},"end":{"line":54,"column":3}}},"4":{"name":"(anonymous_6)","decl":{"start":{"line":56,"column":2},"end":{"line":56,"column":7}},"loc":{"start":{"line":56,"column":54},"end":{"line":67,"column":3}}},"5":{"name":"(anonymous_7)","decl":{"start":{"line":69,"column":2},"end":{"line":69,"column":11}},"loc":{"start":{"line":69,"column":11},"end":{"line":76,"column":3}}},"6":{"name":"(anonymous_8)","decl":{"start":{"line":72,"column":79},"end":{"line":72,"column":84}},"loc":{"start":{"line":73,"column":8},"end":{"line":73,"column":34}}},"7":{"name":"(anonymous_9)","decl":{"start":{"line":78,"column":2},"end":{"line":78,"column":7}},"loc":{"start":{"line":79,"column":51},"end":{"line":82,"column":3}}},"8":{"name":"(anonymous_10)","decl":{"start":{"line":84,"column":2},"end":{"line":84,"column":7}},"loc":{"start":{"line":85,"column":51},"end":{"line":100,"column":3}}},"9":{"name":"(anonymous_11)","decl":{"start":{"line":102,"column":2},"end":{"line":102,"column":7}},"loc":{"start":{"line":103,"column":51},"end":{"line":117,"column":3}}},"10":{"name":"(anonymous_12)","decl":{"start":{"line":119,"column":2},"end":{"line":119,"column":37}},"loc":{"start":{"line":119,"column":37},"end":{"line":126,"column":3}}},"11":{"name":"(anonymous_13)","decl":{"start":{"line":122,"column":87},"end":{"line":122,"column":92}},"loc":{"start":{"line":123,"column":8},"end":{"line":123,"column":34}}}},"branchMap":{},"s":{"0":1,"1":1,"2":1,"3":1,"4":1,"5":1,"6":1,"7":1,"8":0,"9":0,"10":0,"11":0,"12":0,"13":0,"14":0,"15":0,"16":0,"17":0,"18":0,"19":0,"20":0,"21":0,"22":0,"23":0,"24":0,"25":0,"26":0,"27":0,"28":0,"29":0,"30":0,"31":0,"32":0,"33":0,"34":0,"35":0,"36":0,"37":0,"38":0,"39":0,"40":0,"41":0,"42":0,"43":0,"44":0,"45":0,"46":0,"47":1,"48":1},"f":{"0":0,"1":0,"2":0,"3":0,"4":0,"5":0,"6":0,"7":0,"8":0,"9":0,"10":0,"11":0},"b":{}}
,"/home/runner/work/back-end/back-end/src/infrastructure/external-services/ai-generate-image/comfyui/ComfyUIUtil.ts": {"path":"/home/runner/work/back-end/back-end/src/infrastructure/external-services/ai-generate-image/comfyui/ComfyUIUtil.ts","statementMap":{"0":{"start":{"line":3,"column":4},"end":{"line":7,"column":null}},"1":{"start":{"line":4,"column":6},"end":{"line":6,"column":null}},"2":{"start":{"line":5,"column":8},"end":{"line":5,"column":18}},"3":{"start":{"line":11,"column":29},"end":{"line":11,"column":79}},"4":{"start":{"line":12,"column":4},"end":{"line":12,"column":28}},"5":{"start":{"line":16,"column":20},"end":{"line":16,"column":41}},"6":{"start":{"line":17,"column":23},"end":{"line":17,"column":69}},"7":{"start":{"line":17,"column":54},"end":{"line":17,"column":67}},"8":{"start":{"line":18,"column":4},"end":{"line":18,"column":33}},"9":{"start":{"line":1,"column":0},"end":{"line":1,"column":13}}},"fnMap":{"0":{"name":"(anonymous_0)","decl":{"start":{"line":2,"column":9},"end":{"line":2,"column":15}},"loc":{"start":{"line":2,"column":58},"end":{"line":8,"column":3}}},"1":{"name":"(anonymous_1)","decl":{"start":{"line":10,"column":9},"end":{"line":10,"column":15}},"loc":{"start":{"line":10,"column":72},"end":{"line":13,"column":3}}},"2":{"name":"(anonymous_2)","decl":{"start":{"line":15,"column":9},"end":{"line":15,"column":15}},"loc":{"start":{"line":15,"column":52},"end":{"line":19,"column":3}}},"3":{"name":"(anonymous_3)","decl":{"start":{"line":17,"column":47},"end":{"line":17,"column":50}},"loc":{"start":{"line":17,"column":54},"end":{"line":17,"column":67}}}},"branchMap":{"0":{"loc":{"start":{"line":4,"column":6},"end":{"line":6,"column":null}},"type":"if","locations":[{"start":{"line":4,"column":6},"end":{"line":6,"column":null}}]}},"s":{"0":0,"1":0,"2":0,"3":0,"4":0,"5":0,"6":0,"7":0,"8":0,"9":1},"f":{"0":0,"1":0,"2":0,"3":0},"b":{"0":[0]}}
,"/home/runner/work/back-end/back-end/src/infrastructure/external-services/image-storage/cloudinary/CloudinaryService.ts": {"path":"/home/runner/work/back-end/back-end/src/infrastructure/external-services/image-storage/cloudinary/CloudinaryService.ts","statementMap":{"0":{"start":{"line":1,"column":0},"end":{"line":1,"column":61}},"1":{"start":{"line":3,"column":0},"end":{"line":3,"column":68}},"2":{"start":{"line":4,"column":0},"end":{"line":4,"column":75}},"3":{"start":{"line":5,"column":0},"end":{"line":5,"column":52}},"4":{"start":{"line":6,"column":0},"end":{"line":6,"column":89}},"5":{"start":{"line":9,"column":30},"end":{"line":59,"column":null}},"6":{"start":{"line":12,"column":4},"end":{"line":16,"column":7}},"7":{"start":{"line":17,"column":4},"end":{"line":17,"column":53}},"8":{"start":{"line":21,"column":47},"end":{"line":21,"column":49}},"9":{"start":{"line":22,"column":4},"end":{"line":25,"column":null}},"10":{"start":{"line":23,"column":21},"end":{"line":23,"column":67}},"11":{"start":{"line":24,"column":6},"end":{"line":24,"column":33}},"12":{"start":{"line":27,"column":4},"end":{"line":27,"column":25}},"13":{"start":{"line":31,"column":4},"end":{"line":36,"column":null}},"14":{"start":{"line":32,"column":6},"end":{"line":32,"column":64}},"15":{"start":{"line":34,"column":6},"end":{"line":34,"column":59}},"16":{"start":{"line":35,"column":6},"end":{"line":35,"column":59}},"17":{"start":{"line":40,"column":4},"end":{"line":57,"column":null}},"18":{"start":{"line":41,"column":27},"end":{"line":48,"column":null}},"19":{"start":{"line":43,"column":10},"end":{"line":47,"column":31}},"20":{"start":{"line":45,"column":14},"end":{"line":45,"column":43}},"21":{"start":{"line":51,"column":6},"end":{"line":54,"column":8}},"22":{"start":{"line":56,"column":6},"end":{"line":56,"column":59}},"23":{"start":{"line":9,"column":13},"end":{"line":9,"column":30}},"24":{"start":{"line":9,"column":13},"end":{"line":59,"column":null}}},"fnMap":{"0":{"name":"(anonymous_2)","decl":{"start":{"line":11,"column":2},"end":{"line":11,"column":null}},"loc":{"start":{"line":11,"column":2},"end":{"line":18,"column":3}}},"1":{"name":"(anonymous_3)","decl":{"start":{"line":20,"column":2},"end":{"line":20,"column":7}},"loc":{"start":{"line":20,"column":47},"end":{"line":28,"column":3}}},"2":{"name":"(anonymous_4)","decl":{"start":{"line":30,"column":2},"end":{"line":30,"column":7}},"loc":{"start":{"line":30,"column":44},"end":{"line":37,"column":3}}},"3":{"name":"(anonymous_5)","decl":{"start":{"line":39,"column":9},"end":{"line":39,"column":14}},"loc":{"start":{"line":39,"column":57},"end":{"line":58,"column":3}}},"4":{"name":"(anonymous_6)","decl":{"start":{"line":42,"column":8},"end":{"line":42,"column":15}},"loc":{"start":{"line":42,"column":18},"end":{"line":48,"column":9}}},"5":{"name":"(anonymous_7)","decl":{"start":{"line":44,"column":27},"end":{"line":44,"column":28}},"loc":{"start":{"line":44,"column":52},"end":{"line":46,"column":13}}}},"branchMap":{},"s":{"0":0,"1":0,"2":0,"3":0,"4":0,"5":0,"6":0,"7":0,"8":0,"9":0,"10":0,"11":0,"12":0,"13":0,"14":0,"15":0,"16":0,"17":0,"18":0,"19":0,"20":0,"21":0,"22":0,"23":0,"24":0},"f":{"0":0,"1":0,"2":0,"3":0,"4":0,"5":0},"b":{}}
,"/home/runner/work/back-end/back-end/src/infrastructure/external-services/mail/MailService.ts": {"path":"/home/runner/work/back-end/back-end/src/infrastructure/external-services/mail/MailService.ts","statementMap":{"0":{"start":{"line":1,"column":0},"end":{"line":1,"column":61}},"1":{"start":{"line":2,"column":0},"end":{"line":2,"column":66}},"2":{"start":{"line":3,"column":0},"end":{"line":3,"column":55}},"3":{"start":{"line":4,"column":0},"end":{"line":4,"column":44}},"4":{"start":{"line":7,"column":7},"end":{"line":24,"column":null}},"5":{"start":{"line":8,"column":31},"end":{"line":8,"column":46}},"6":{"start":{"line":11,"column":4},"end":{"line":22,"column":null}},"7":{"start":{"line":12,"column":6},"end":{"line":19,"column":9}},"8":{"start":{"line":21,"column":6},"end":{"line":21,"column":54}},"9":{"start":{"line":7,"column":13},"end":{"line":7,"column":24}},"10":{"start":{"line":7,"column":13},"end":{"line":24,"column":null}}},"fnMap":{"0":{"name":"(anonymous_2)","decl":{"start":{"line":8,"column":2},"end":{"line":8,"column":31}},"loc":{"start":{"line":8,"column":59},"end":{"line":8,"column":63}}},"1":{"name":"(anonymous_3)","decl":{"start":{"line":10,"column":2},"end":{"line":10,"column":7}},"loc":{"start":{"line":10,"column":82},"end":{"line":23,"column":3}}}},"branchMap":{},"s":{"0":0,"1":0,"2":0,"3":0,"4":0,"5":0,"6":0,"7":0,"8":0,"9":0,"10":0},"f":{"0":0,"1":0},"b":{}}
}
