{"/home/runner/work/back-end/back-end/src/core/common/logger/ApiLoggerService.ts": {"path":"/home/runner/work/back-end/back-end/src/core/common/logger/ApiLoggerService.ts","statementMap":{"0":{"start":{"line":1,"column":0},"end":{"line":1,"column":35}},"1":{"start":{"line":3,"column":0},"end":{"line":3,"column":63}},"2":{"start":{"line":5,"column":18},"end":{"line":28,"column":2}},"3":{"start":{"line":10,"column":24},"end":{"line":16,"column":8}},"4":{"start":{"line":17,"column":6},"end":{"line":17,"column":39}},"5":{"start":{"line":30,"column":0},"end":{"line":30,"column":25}}},"fnMap":{"0":{"name":"(anonymous_0)","decl":{"start":{"line":9,"column":26},"end":{"line":9,"column":27}},"loc":{"start":{"line":9,"column":51},"end":{"line":18,"column":5}}}},"branchMap":{},"s":{"0":0,"1":0,"2":0,"3":0,"4":0,"5":0},"f":{"0":0},"b":{}}
,"/home/runner/work/back-end/back-end/src/core/common/repository/BaseRepository.ts": {"path":"/home/runner/work/back-end/back-end/src/core/common/repository/BaseRepository.ts","statementMap":{"0":{"start":{"line":1,"column":0},"end":{"line":1,"column":75}},"1":{"start":{"line":2,"column":0},"end":{"line":2,"column":52}},"2":{"start":{"line":7,"column":7},"end":{"line":12,"column":null}},"3":{"start":{"line":10,"column":23},"end":{"line":10,"column":62}},"4":{"start":{"line":7,"column":13},"end":{"line":7,"column":27}},"5":{"start":{"line":7,"column":13},"end":{"line":12,"column":null}}},"fnMap":{"0":{"name":"(anonymous_4)","decl":{"start":{"line":8,"column":2},"end":{"line":8,"column":null}},"loc":{"start":{"line":10,"column":62},"end":{"line":11,"column":6}}}},"branchMap":{},"s":{"0":5,"1":5,"2":5,"3":0,"4":5,"5":5},"f":{"0":0},"b":{}}
,"/home/runner/work/back-end/back-end/src/core/common/util/DateUtil.ts": {"path":"/home/runner/work/back-end/back-end/src/core/common/util/DateUtil.ts","statementMap":{"0":{"start":{"line":1,"column":0},"end":{"line":1,"column":33}},"1":{"start":{"line":3,"column":0},"end":{"line":3,"column":51}},"2":{"start":{"line":4,"column":0},"end":{"line":4,"column":62}},"3":{"start":{"line":5,"column":0},"end":{"line":5,"column":76}},"4":{"start":{"line":9,"column":4},"end":{"line":9,"column":40}},"5":{"start":{"line":13,"column":4},"end":{"line":13,"column":57}},"6":{"start":{"line":17,"column":4},"end":{"line":17,"column":62}},"7":{"start":{"line":21,"column":4},"end":{"line":28,"column":null}},"8":{"start":{"line":27,"column":6},"end":{"line":27,"column":74}},"9":{"start":{"line":30,"column":4},"end":{"line":32,"column":null}},"10":{"start":{"line":31,"column":6},"end":{"line":31,"column":77}},"11":{"start":{"line":7,"column":0},"end":{"line":7,"column":13}}},"fnMap":{"0":{"name":"(anonymous_0)","decl":{"start":{"line":8,"column":9},"end":{"line":8,"column":15}},"loc":{"start":{"line":8,"column":78},"end":{"line":10,"column":3}}},"1":{"name":"(anonymous_1)","decl":{"start":{"line":12,"column":9},"end":{"line":12,"column":15}},"loc":{"start":{"line":12,"column":72},"end":{"line":14,"column":3}}},"2":{"name":"(anonymous_2)","decl":{"start":{"line":16,"column":9},"end":{"line":16,"column":15}},"loc":{"start":{"line":16,"column":77},"end":{"line":18,"column":3}}},"3":{"name":"(anonymous_3)","decl":{"start":{"line":20,"column":9},"end":{"line":20,"column":15}},"loc":{"start":{"line":20,"column":66},"end":{"line":33,"column":3}}}},"branchMap":{"0":{"loc":{"start":{"line":8,"column":39},"end":{"line":8,"column":78}},"type":"default-arg","locations":[{"start":{"line":8,"column":57},"end":{"line":8,"column":78}}]},"1":{"loc":{"start":{"line":21,"column":4},"end":{"line":28,"column":null}},"type":"if","locations":[{"start":{"line":21,"column":4},"end":{"line":28,"column":null}}]},"2":{"loc":{"start":{"line":22,"column":6},"end":{"line":25,"column":35}},"type":"binary-expr","locations":[{"start":{"line":22,"column":6},"end":{"line":22,"column":35}},{"start":{"line":23,"column":6},"end":{"line":23,"column":33}},{"start":{"line":24,"column":6},"end":{"line":24,"column":35}},{"start":{"line":25,"column":6},"end":{"line":25,"column":35}}]},"3":{"loc":{"start":{"line":30,"column":4},"end":{"line":32,"column":null}},"type":"if","locations":[{"start":{"line":30,"column":4},"end":{"line":32,"column":null}}]}},"s":{"0":3,"1":3,"2":3,"3":3,"4":3,"5":2,"6":1,"7":0,"8":0,"9":0,"10":0,"11":3},"f":{"0":3,"1":2,"2":1,"3":0},"b":{"0":[3],"1":[0],"2":[0,0,0,0],"3":[0]}}
,"/home/runner/work/back-end/back-end/src/core/common/util/FileUtil.ts": {"path":"/home/runner/work/back-end/back-end/src/core/common/util/FileUtil.ts","statementMap":{"0":{"start":{"line":1,"column":0},"end":{"line":1,"column":25}},"1":{"start":{"line":4,"column":4},"end":{"line":4,"column":86}},"2":{"start":{"line":8,"column":4},"end":{"line":8,"column":45}},"3":{"start":{"line":2,"column":0},"end":{"line":2,"column":13}}},"fnMap":{"0":{"name":"(anonymous_0)","decl":{"start":{"line":3,"column":9},"end":{"line":3,"column":15}},"loc":{"start":{"line":3,"column":55},"end":{"line":5,"column":3}}},"1":{"name":"(anonymous_1)","decl":{"start":{"line":7,"column":9},"end":{"line":7,"column":15}},"loc":{"start":{"line":7,"column":36},"end":{"line":9,"column":3}}}},"branchMap":{},"s":{"0":0,"1":0,"2":0,"3":0},"f":{"0":0,"1":0},"b":{}}
,"/home/runner/work/back-end/back-end/src/core/common/util/StringUtil.ts": {"path":"/home/runner/work/back-end/back-end/src/core/common/util/StringUtil.ts","statementMap":{"0":{"start":{"line":3,"column":4},"end":{"line":3,"column":54}},"1":{"start":{"line":1,"column":0},"end":{"line":1,"column":13}}},"fnMap":{"0":{"name":"(anonymous_0)","decl":{"start":{"line":2,"column":9},"end":{"line":2,"column":15}},"loc":{"start":{"line":2,"column":38},"end":{"line":4,"column":3}}}},"branchMap":{},"s":{"0":2,"1":1},"f":{"0":2},"b":{}}
,"/home/runner/work/back-end/back-end/src/core/common/util/UrlUtil.ts": {"path":"/home/runner/work/back-end/back-end/src/core/common/util/UrlUtil.ts","statementMap":{"0":{"start":{"line":1,"column":0},"end":{"line":1,"column":26}},"1":{"start":{"line":2,"column":0},"end":{"line":2,"column":51}},"2":{"start":{"line":3,"column":0},"end":{"line":3,"column":62}},"3":{"start":{"line":8,"column":21},"end":{"line":8,"column":52}},"4":{"start":{"line":10,"column":4},"end":{"line":10,"column":32}},"5":{"start":{"line":14,"column":4},"end":{"line":24,"column":null}},"6":{"start":{"line":15,"column":23},"end":{"line":15,"column":82}},"7":{"start":{"line":17,"column":6},"end":{"line":21,"column":null}},"8":{"start":{"line":18,"column":8},"end":{"line":18,"column":52}},"9":{"start":{"line":20,"column":8},"end":{"line":20,"column":67}},"10":{"start":{"line":23,"column":6},"end":{"line":23,"column":65}},"11":{"start":{"line":5,"column":0},"end":{"line":5,"column":13}}},"fnMap":{"0":{"name":"(anonymous_0)","decl":{"start":{"line":7,"column":9},"end":{"line":7,"column":15}},"loc":{"start":{"line":7,"column":40},"end":{"line":11,"column":3}}},"1":{"name":"(anonymous_1)","decl":{"start":{"line":13,"column":9},"end":{"line":13,"column":15}},"loc":{"start":{"line":13,"column":56},"end":{"line":25,"column":3}}}},"branchMap":{"0":{"loc":{"start":{"line":17,"column":6},"end":{"line":21,"column":null}},"type":"if","locations":[{"start":{"line":17,"column":6},"end":{"line":21,"column":null}},{"start":{"line":19,"column":13},"end":{"line":21,"column":null}}]}},"s":{"0":1,"1":1,"2":1,"3":0,"4":0,"5":0,"6":0,"7":0,"8":0,"9":0,"10":0,"11":1},"f":{"0":0,"1":0},"b":{"0":[0,0]}}
,"/home/runner/work/back-end/back-end/src/core/common/util/converter/ConverterUtil.ts": {"path":"/home/runner/work/back-end/back-end/src/core/common/util/converter/ConverterUtil.ts","statementMap":{"0":{"start":{"line":14,"column":30},"end":{"line":31,"column":6}},"1":{"start":{"line":15,"column":23},"end":{"line":15,"column":99}},"2":{"start":{"line":16,"column":36},"end":{"line":18,"column":null}},"3":{"start":{"line":21,"column":8},"end":{"line":21,"column":81}},"4":{"start":{"line":23,"column":30},"end":{"line":23,"column":97}},"5":{"start":{"line":24,"column":38},"end":{"line":29,"column":8}},"6":{"start":{"line":30,"column":6},"end":{"line":30,"column":20}},"7":{"start":{"line":33,"column":32},"end":{"line":50,"column":6}},"8":{"start":{"line":51,"column":4},"end":{"line":51,"column":18}},"9":{"start":{"line":58,"column":28},"end":{"line":73,"column":6}},"10":{"start":{"line":60,"column":8},"end":{"line":62,"column":16}},"11":{"start":{"line":64,"column":8},"end":{"line":66,"column":16}},"12":{"start":{"line":67,"column":41},"end":{"line":71,"column":8}},"13":{"start":{"line":72,"column":6},"end":{"line":72,"column":20}},"14":{"start":{"line":75,"column":43},"end":{"line":89,"column":null}},"15":{"start":{"line":77,"column":23},"end":{"line":77,"column":98}},"16":{"start":{"line":79,"column":30},"end":{"line":81,"column":null}},"17":{"start":{"line":83,"column":51},"end":{"line":87,"column":10}},"18":{"start":{"line":88,"column":8},"end":{"line":88,"column":22}},"19":{"start":{"line":92,"column":30},"end":{"line":109,"column":6}},"20":{"start":{"line":93,"column":23},"end":{"line":93,"column":99}},"21":{"start":{"line":94,"column":36},"end":{"line":96,"column":null}},"22":{"start":{"line":99,"column":8},"end":{"line":99,"column":81}},"23":{"start":{"line":101,"column":30},"end":{"line":101,"column":97}},"24":{"start":{"line":102,"column":38},"end":{"line":107,"column":8}},"25":{"start":{"line":108,"column":6},"end":{"line":108,"column":20}},"26":{"start":{"line":111,"column":53},"end":{"line":128,"column":6}},"27":{"start":{"line":130,"column":4},"end":{"line":130,"column":18}},"28":{"start":{"line":135,"column":4},"end":{"line":141,"column":null}},"29":{"start":{"line":136,"column":6},"end":{"line":138,"column":null}},"30":{"start":{"line":137,"column":8},"end":{"line":137,"column":31}},"31":{"start":{"line":139,"column":11},"end":{"line":141,"column":null}},"32":{"start":{"line":140,"column":6},"end":{"line":140,"column":22}},"33":{"start":{"line":142,"column":4},"end":{"line":142,"column":16}},"34":{"start":{"line":9,"column":0},"end":{"line":9,"column":13}}},"fnMap":{"0":{"name":"(anonymous_0)","decl":{"start":{"line":10,"column":9},"end":{"line":10,"column":15}},"loc":{"start":{"line":12,"column":19},"end":{"line":52,"column":3}}},"1":{"name":"(anonymous_1)","decl":{"start":{"line":14,"column":68},"end":{"line":14,"column":69}},"loc":{"start":{"line":14,"column":85},"end":{"line":31,"column":5}}},"2":{"name":"(anonymous_2)","decl":{"start":{"line":54,"column":9},"end":{"line":54,"column":15}},"loc":{"start":{"line":56,"column":19},"end":{"line":131,"column":3}}},"3":{"name":"(anonymous_3)","decl":{"start":{"line":58,"column":70},"end":{"line":58,"column":71}},"loc":{"start":{"line":58,"column":87},"end":{"line":73,"column":5}}},"4":{"name":"(anonymous_4)","decl":{"start":{"line":76,"column":6},"end":{"line":76,"column":7}},"loc":{"start":{"line":76,"column":23},"end":{"line":89,"column":7}}},"5":{"name":"(anonymous_5)","decl":{"start":{"line":92,"column":68},"end":{"line":92,"column":69}},"loc":{"start":{"line":92,"column":85},"end":{"line":109,"column":5}}},"6":{"name":"(anonymous_6)","decl":{"start":{"line":134,"column":10},"end":{"line":134,"column":16}},"loc":{"start":{"line":134,"column":63},"end":{"line":143,"column":3}}}},"branchMap":{"0":{"loc":{"start":{"line":21,"column":8},"end":{"line":21,"column":81}},"type":"cond-expr","locations":[{"start":{"line":21,"column":41},"end":{"line":21,"column":73}},{"start":{"line":21,"column":76},"end":{"line":21,"column":81}}]},"1":{"loc":{"start":{"line":47,"column":19},"end":{"line":47,"column":42}},"type":"binary-expr","locations":[{"start":{"line":47,"column":19},"end":{"line":47,"column":36}},{"start":{"line":47,"column":40},"end":{"line":47,"column":42}}]},"2":{"loc":{"start":{"line":48,"column":17},"end":{"line":48,"column":51}},"type":"binary-expr","locations":[{"start":{"line":48,"column":17},"end":{"line":48,"column":42}},{"start":{"line":48,"column":46},"end":{"line":48,"column":51}}]},"3":{"loc":{"start":{"line":60,"column":8},"end":{"line":62,"column":16}},"type":"cond-expr","locations":[{"start":{"line":61,"column":12},"end":{"line":61,"column":58}},{"start":{"line":62,"column":12},"end":{"line":62,"column":16}}]},"4":{"loc":{"start":{"line":64,"column":8},"end":{"line":66,"column":16}},"type":"cond-expr","locations":[{"start":{"line":65,"column":12},"end":{"line":65,"column":67}},{"start":{"line":66,"column":12},"end":{"line":66,"column":16}}]},"5":{"loc":{"start":{"line":99,"column":8},"end":{"line":99,"column":81}},"type":"cond-expr","locations":[{"start":{"line":99,"column":41},"end":{"line":99,"column":73}},{"start":{"line":99,"column":76},"end":{"line":99,"column":81}}]},"6":{"loc":{"start":{"line":123,"column":19},"end":{"line":123,"column":42}},"type":"binary-expr","locations":[{"start":{"line":123,"column":19},"end":{"line":123,"column":36}},{"start":{"line":123,"column":40},"end":{"line":123,"column":42}}]},"7":{"loc":{"start":{"line":125,"column":17},"end":{"line":125,"column":51}},"type":"binary-expr","locations":[{"start":{"line":125,"column":17},"end":{"line":125,"column":42}},{"start":{"line":125,"column":46},"end":{"line":125,"column":51}}]},"8":{"loc":{"start":{"line":135,"column":4},"end":{"line":141,"column":null}},"type":"if","locations":[{"start":{"line":135,"column":4},"end":{"line":141,"column":null}},{"start":{"line":139,"column":11},"end":{"line":141,"column":null}}]},"9":{"loc":{"start":{"line":136,"column":6},"end":{"line":138,"column":null}},"type":"if","locations":[{"start":{"line":136,"column":6},"end":{"line":138,"column":null}}]},"10":{"loc":{"start":{"line":139,"column":11},"end":{"line":141,"column":null}},"type":"if","locations":[{"start":{"line":139,"column":11},"end":{"line":141,"column":null}}]},"11":{"loc":{"start":{"line":139,"column":15},"end":{"line":139,"column":51}},"type":"binary-expr","locations":[{"start":{"line":139,"column":15},"end":{"line":139,"column":37}},{"start":{"line":139,"column":41},"end":{"line":139,"column":51}}]}},"s":{"0":0,"1":0,"2":0,"3":0,"4":0,"5":0,"6":0,"7":0,"8":0,"9":0,"10":0,"11":0,"12":0,"13":0,"14":0,"15":0,"16":0,"17":0,"18":0,"19":0,"20":0,"21":0,"22":0,"23":0,"24":0,"25":0,"26":0,"27":0,"28":0,"29":0,"30":0,"31":0,"32":0,"33":0,"34":0},"f":{"0":0,"1":0,"2":0,"3":0,"4":0,"5":0,"6":0},"b":{"0":[0,0],"1":[0,0],"2":[0,0],"3":[0,0],"4":[0,0],"5":[0,0],"6":[0,0],"7":[0,0],"8":[0,0],"9":[0],"10":[0],"11":[0,0]}}
,"/home/runner/work/back-end/back-end/src/core/common/util/jwt/JwtUtil.ts": {"path":"/home/runner/work/back-end/back-end/src/core/common/util/jwt/JwtUtil.ts","statementMap":{"0":{"start":{"line":2,"column":0},"end":{"line":2,"column":61}},"1":{"start":{"line":3,"column":0},"end":{"line":3,"column":72}},"2":{"start":{"line":4,"column":0},"end":{"line":4,"column":52}},"3":{"start":{"line":5,"column":0},"end":{"line":5,"column":47}},"4":{"start":{"line":6,"column":0},"end":{"line":6,"column":41}},"5":{"start":{"line":20,"column":0},"end":{"line":20,"column":null}},"6":{"start":{"line":21,"column":2},"end":{"line":21,"column":null}},"7":{"start":{"line":22,"column":2},"end":{"line":22,"column":null}},"8":{"start":{"line":23,"column":2},"end":{"line":23,"column":null}},"9":{"start":{"line":24,"column":2},"end":{"line":24,"column":null}},"10":{"start":{"line":29,"column":7},"end":{"line":61,"column":null}},"11":{"start":{"line":32,"column":21},"end":{"line":32,"column":33}},"12":{"start":{"line":33,"column":21},"end":{"line":33,"column":36}},"13":{"start":{"line":30,"column":10},"end":{"line":30,"column":52}},"14":{"start":{"line":37,"column":4},"end":{"line":45,"column":6}},"15":{"start":{"line":49,"column":4},"end":{"line":59,"column":null}},"16":{"start":{"line":50,"column":22},"end":{"line":52,"column":8}},"17":{"start":{"line":54,"column":6},"end":{"line":54,"column":21}},"18":{"start":{"line":56,"column":6},"end":{"line":58,"column":null}},"19":{"start":{"line":57,"column":8},"end":{"line":57,"column":64}},"20":{"start":{"line":29,"column":13},"end":{"line":29,"column":20}},"21":{"start":{"line":29,"column":13},"end":{"line":61,"column":null}}},"fnMap":{"0":{"name":"(anonymous_2)","decl":{"start":{"line":20,"column":0},"end":{"line":20,"column":12}},"loc":{"start":{"line":20,"column":19},"end":{"line":25,"column":1}}},"1":{"name":"(anonymous_3)","decl":{"start":{"line":31,"column":2},"end":{"line":31,"column":null}},"loc":{"start":{"line":33,"column":49},"end":{"line":34,"column":6}}},"2":{"name":"(anonymous_4)","decl":{"start":{"line":36,"column":2},"end":{"line":36,"column":11}},"loc":{"start":{"line":36,"column":81},"end":{"line":46,"column":3}}},"3":{"name":"(anonymous_5)","decl":{"start":{"line":48,"column":2},"end":{"line":48,"column":8}},"loc":{"start":{"line":48,"column":81},"end":{"line":60,"column":3}}}},"branchMap":{"0":{"loc":{"start":{"line":20,"column":12},"end":{"line":20,"column":null}},"type":"binary-expr","locations":[{"start":{"line":20,"column":12},"end":{"line":20,"column":19}},{"start":{"line":20,"column":19},"end":{"line":20,"column":null}}]},"1":{"loc":{"start":{"line":56,"column":6},"end":{"line":58,"column":null}},"type":"if","locations":[{"start":{"line":56,"column":6},"end":{"line":58,"column":null}}]}},"s":{"0":1,"1":1,"2":1,"3":1,"4":1,"5":1,"6":1,"7":1,"8":1,"9":1,"10":1,"11":0,"12":0,"13":0,"14":0,"15":0,"16":0,"17":0,"18":0,"19":0,"20":1,"21":1},"f":{"0":1,"1":0,"2":0,"3":0},"b":{"0":[1,1],"1":[0]}}
,"/home/runner/work/back-end/back-end/src/core/module/album/AlbumRepository.ts": {"path":"/home/runner/work/back-end/back-end/src/core/module/album/AlbumRepository.ts","statementMap":{"0":{"start":{"line":1,"column":0},"end":{"line":1,"column":72}},"1":{"start":{"line":3,"column":0},"end":{"line":3,"column":52}},"2":{"start":{"line":4,"column":0},"end":{"line":4,"column":33}},"3":{"start":{"line":8,"column":19},"end":{"line":8,"column":71}},"4":{"start":{"line":10,"column":4},"end":{"line":10,"column":50}},"5":{"start":{"line":14,"column":4},"end":{"line":16,"column":7}},"6":{"start":{"line":15,"column":33},"end":{"line":15,"column":50}},"7":{"start":{"line":20,"column":4},"end":{"line":20,"column":64}},"8":{"start":{"line":24,"column":4},"end":{"line":26,"column":7}},"9":{"start":{"line":25,"column":32},"end":{"line":25,"column":57}},"10":{"start":{"line":30,"column":4},"end":{"line":30,"column":39}},"11":{"start":{"line":31,"column":4},"end":{"line":31,"column":81}},"12":{"start":{"line":33,"column":4},"end":{"line":33,"column":34}},"13":{"start":{"line":6,"column":0},"end":{"line":6,"column":13}}},"fnMap":{"0":{"name":"(anonymous_0)","decl":{"start":{"line":7,"column":2},"end":{"line":7,"column":7}},"loc":{"start":{"line":7,"column":34},"end":{"line":11,"column":3}}},"1":{"name":"(anonymous_1)","decl":{"start":{"line":13,"column":2},"end":{"line":13,"column":7}},"loc":{"start":{"line":13,"column":26},"end":{"line":17,"column":3}}},"2":{"name":"(anonymous_2)","decl":{"start":{"line":15,"column":13},"end":{"line":15,"column":14}},"loc":{"start":{"line":15,"column":33},"end":{"line":15,"column":50}}},"3":{"name":"(anonymous_3)","decl":{"start":{"line":19,"column":2},"end":{"line":19,"column":7}},"loc":{"start":{"line":19,"column":29},"end":{"line":21,"column":3}}},"4":{"name":"(anonymous_4)","decl":{"start":{"line":23,"column":2},"end":{"line":23,"column":7}},"loc":{"start":{"line":23,"column":35},"end":{"line":27,"column":3}}},"5":{"name":"(anonymous_5)","decl":{"start":{"line":25,"column":13},"end":{"line":25,"column":14}},"loc":{"start":{"line":25,"column":32},"end":{"line":25,"column":57}}},"6":{"name":"(anonymous_6)","decl":{"start":{"line":29,"column":2},"end":{"line":29,"column":7}},"loc":{"start":{"line":29,"column":57},"end":{"line":34,"column":3}}}},"branchMap":{},"s":{"0":0,"1":0,"2":0,"3":0,"4":0,"5":0,"6":0,"7":0,"8":0,"9":0,"10":0,"11":0,"12":0,"13":0},"f":{"0":0,"1":0,"2":0,"3":0,"4":0,"5":0,"6":0},"b":{}}
,"/home/runner/work/back-end/back-end/src/core/module/album/AlbumService.ts": {"path":"/home/runner/work/back-end/back-end/src/core/module/album/AlbumService.ts","statementMap":{"0":{"start":{"line":1,"column":0},"end":{"line":1,"column":64}},"1":{"start":{"line":2,"column":0},"end":{"line":2,"column":52}},"2":{"start":{"line":4,"column":0},"end":{"line":4,"column":68}},"3":{"start":{"line":5,"column":0},"end":{"line":5,"column":64}},"4":{"start":{"line":6,"column":0},"end":{"line":6,"column":56}},"5":{"start":{"line":8,"column":0},"end":{"line":8,"column":61}},"6":{"start":{"line":9,"column":0},"end":{"line":9,"column":70}},"7":{"start":{"line":10,"column":0},"end":{"line":10,"column":82}},"8":{"start":{"line":13,"column":7},"end":{"line":100,"column":null}},"9":{"start":{"line":15,"column":21},"end":{"line":15,"column":38}},"10":{"start":{"line":16,"column":21},"end":{"line":16,"column":37}},"11":{"start":{"line":18,"column":21},"end":{"line":18,"column":40}},"12":{"start":{"line":21,"column":32},"end":{"line":24,"column":6}},"13":{"start":{"line":25,"column":25},"end":{"line":25,"column":69}},"14":{"start":{"line":26,"column":18},"end":{"line":26,"column":69}},"15":{"start":{"line":28,"column":21},"end":{"line":28,"column":59}},"16":{"start":{"line":30,"column":4},"end":{"line":30,"column":29}},"17":{"start":{"line":34,"column":4},"end":{"line":36,"column":null}},"18":{"start":{"line":34,"column":17},"end":{"line":34,"column":18}},"19":{"start":{"line":35,"column":6},"end":{"line":35,"column":52}},"20":{"start":{"line":40,"column":4},"end":{"line":42,"column":null}},"21":{"start":{"line":41,"column":6},"end":{"line":41,"column":54}},"22":{"start":{"line":46,"column":4},"end":{"line":48,"column":null}},"23":{"start":{"line":47,"column":6},"end":{"line":47,"column":55}},"24":{"start":{"line":49,"column":4},"end":{"line":53,"column":null}},"25":{"start":{"line":50,"column":26},"end":{"line":50,"column":85}},"26":{"start":{"line":52,"column":6},"end":{"line":52,"column":69}},"27":{"start":{"line":57,"column":28},"end":{"line":57,"column":75}},"28":{"start":{"line":58,"column":27},"end":{"line":58,"column":29}},"29":{"start":{"line":59,"column":4},"end":{"line":61,"column":null}},"30":{"start":{"line":59,"column":17},"end":{"line":59,"column":18}},"31":{"start":{"line":60,"column":6},"end":{"line":60,"column":81}},"32":{"start":{"line":63,"column":4},"end":{"line":63,"column":26}},"33":{"start":{"line":67,"column":18},"end":{"line":67,"column":62}},"34":{"start":{"line":68,"column":4},"end":{"line":70,"column":null}},"35":{"start":{"line":69,"column":6},"end":{"line":69,"column":54}},"36":{"start":{"line":71,"column":4},"end":{"line":73,"column":null}},"37":{"start":{"line":72,"column":6},"end":{"line":72,"column":57}},"38":{"start":{"line":74,"column":4},"end":{"line":74,"column":16}},"39":{"start":{"line":78,"column":17},"end":{"line":78,"column":64}},"40":{"start":{"line":80,"column":26},"end":{"line":80,"column":56}},"41":{"start":{"line":82,"column":4},"end":{"line":82,"column":25}},"42":{"start":{"line":85,"column":19},"end":{"line":85,"column":66}},"43":{"start":{"line":86,"column":27},"end":{"line":86,"column":29}},"44":{"start":{"line":87,"column":4},"end":{"line":96,"column":null}},"45":{"start":{"line":87,"column":17},"end":{"line":87,"column":18}},"46":{"start":{"line":88,"column":20},"end":{"line":88,"column":29}},"47":{"start":{"line":90,"column":25},"end":{"line":92,"column":77}},"48":{"start":{"line":94,"column":28},"end":{"line":94,"column":73}},"49":{"start":{"line":95,"column":6},"end":{"line":95,"column":41}},"50":{"start":{"line":98,"column":4},"end":{"line":98,"column":26}},"51":{"start":{"line":13,"column":13},"end":{"line":13,"column":25}},"52":{"start":{"line":13,"column":13},"end":{"line":100,"column":null}},"53":{"start":{"line":17,"column":29},"end":{"line":17,"column":46}}},"fnMap":{"0":{"name":"(anonymous_4)","decl":{"start":{"line":14,"column":2},"end":{"line":14,"column":null}},"loc":{"start":{"line":18,"column":57},"end":{"line":19,"column":6}}},"1":{"name":"(anonymous_5)","decl":{"start":{"line":20,"column":2},"end":{"line":20,"column":7}},"loc":{"start":{"line":20,"column":58},"end":{"line":31,"column":3}}},"2":{"name":"(anonymous_6)","decl":{"start":{"line":33,"column":2},"end":{"line":33,"column":7}},"loc":{"start":{"line":33,"column":63},"end":{"line":37,"column":3}}},"3":{"name":"(anonymous_7)","decl":{"start":{"line":39,"column":2},"end":{"line":39,"column":7}},"loc":{"start":{"line":39,"column":59},"end":{"line":43,"column":3}}},"4":{"name":"(anonymous_8)","decl":{"start":{"line":45,"column":2},"end":{"line":45,"column":7}},"loc":{"start":{"line":45,"column":87},"end":{"line":54,"column":3}}},"5":{"name":"(anonymous_9)","decl":{"start":{"line":56,"column":2},"end":{"line":56,"column":7}},"loc":{"start":{"line":56,"column":40},"end":{"line":64,"column":3}}},"6":{"name":"(anonymous_10)","decl":{"start":{"line":66,"column":2},"end":{"line":66,"column":7}},"loc":{"start":{"line":66,"column":55},"end":{"line":75,"column":3}}},"7":{"name":"(anonymous_11)","decl":{"start":{"line":77,"column":10},"end":{"line":77,"column":15}},"loc":{"start":{"line":77,"column":49},"end":{"line":83,"column":3}}},"8":{"name":"(anonymous_12)","decl":{"start":{"line":84,"column":2},"end":{"line":84,"column":7}},"loc":{"start":{"line":84,"column":62},"end":{"line":99,"column":3}}},"9":{"name":"(anonymous_13)","decl":{"start":{"line":17,"column":23},"end":{"line":17,"column":26}},"loc":{"start":{"line":17,"column":29},"end":{"line":17,"column":46}}}},"branchMap":{"0":{"loc":{"start":{"line":40,"column":4},"end":{"line":42,"column":null}},"type":"if","locations":[{"start":{"line":40,"column":4},"end":{"line":42,"column":null}}]},"1":{"loc":{"start":{"line":46,"column":4},"end":{"line":48,"column":null}},"type":"if","locations":[{"start":{"line":46,"column":4},"end":{"line":48,"column":null}}]},"2":{"loc":{"start":{"line":46,"column":8},"end":{"line":46,"column":67}},"type":"binary-expr","locations":[{"start":{"line":46,"column":8},"end":{"line":46,"column":23}},{"start":{"line":46,"column":27},"end":{"line":46,"column":67}}]},"3":{"loc":{"start":{"line":49,"column":4},"end":{"line":53,"column":null}},"type":"if","locations":[{"start":{"line":49,"column":4},"end":{"line":53,"column":null}}]},"4":{"loc":{"start":{"line":68,"column":4},"end":{"line":70,"column":null}},"type":"if","locations":[{"start":{"line":68,"column":4},"end":{"line":70,"column":null}}]},"5":{"loc":{"start":{"line":71,"column":4},"end":{"line":73,"column":null}},"type":"if","locations":[{"start":{"line":71,"column":4},"end":{"line":73,"column":null}}]},"6":{"loc":{"start":{"line":84,"column":37},"end":{"line":84,"column":62}},"type":"default-arg","locations":[{"start":{"line":84,"column":57},"end":{"line":84,"column":62}}]},"7":{"loc":{"start":{"line":90,"column":25},"end":{"line":92,"column":77}},"type":"cond-expr","locations":[{"start":{"line":91,"column":10},"end":{"line":91,"column":73}},{"start":{"line":92,"column":10},"end":{"line":92,"column":77}}]}},"s":{"0":0,"1":0,"2":0,"3":0,"4":0,"5":0,"6":0,"7":0,"8":0,"9":0,"10":0,"11":0,"12":0,"13":0,"14":0,"15":0,"16":0,"17":0,"18":0,"19":0,"20":0,"21":0,"22":0,"23":0,"24":0,"25":0,"26":0,"27":0,"28":0,"29":0,"30":0,"31":0,"32":0,"33":0,"34":0,"35":0,"36":0,"37":0,"38":0,"39":0,"40":0,"41":0,"42":0,"43":0,"44":0,"45":0,"46":0,"47":0,"48":0,"49":0,"50":0,"51":0,"52":0,"53":0},"f":{"0":0,"1":0,"2":0,"3":0,"4":0,"5":0,"6":0,"7":0,"8":0,"9":0},"b":{"0":[0],"1":[0],"2":[0,0],"3":[0],"4":[0],"5":[0],"6":[0],"7":[0,0]}}
,"/home/runner/work/back-end/back-end/src/core/module/auth/AuthService.ts": {"path":"/home/runner/work/back-end/back-end/src/core/module/auth/AuthService.ts","statementMap":{"0":{"start":{"line":1,"column":0},"end":{"line":1,"column":44}},"1":{"start":{"line":2,"column":0},"end":{"line":2,"column":56}},"2":{"start":{"line":5,"column":0},"end":{"line":5,"column":63}},"3":{"start":{"line":6,"column":0},"end":{"line":6,"column":61}},"4":{"start":{"line":7,"column":0},"end":{"line":7,"column":66}},"5":{"start":{"line":8,"column":0},"end":{"line":8,"column":98}},"6":{"start":{"line":9,"column":0},"end":{"line":9,"column":66}},"7":{"start":{"line":10,"column":0},"end":{"line":10,"column":81}},"8":{"start":{"line":11,"column":0},"end":{"line":11,"column":62}},"9":{"start":{"line":12,"column":0},"end":{"line":12,"column":60}},"10":{"start":{"line":13,"column":0},"end":{"line":13,"column":71}},"11":{"start":{"line":14,"column":0},"end":{"line":14,"column":92}},"12":{"start":{"line":15,"column":0},"end":{"line":15,"column":78}},"13":{"start":{"line":18,"column":7},"end":{"line":182,"column":null}},"14":{"start":{"line":20,"column":21},"end":{"line":20,"column":37}},"15":{"start":{"line":21,"column":21},"end":{"line":21,"column":34}},"16":{"start":{"line":22,"column":21},"end":{"line":22,"column":30}},"17":{"start":{"line":23,"column":21},"end":{"line":23,"column":34}},"18":{"start":{"line":24,"column":21},"end":{"line":24,"column":43}},"19":{"start":{"line":28,"column":30},"end":{"line":28,"column":78}},"20":{"start":{"line":30,"column":4},"end":{"line":32,"column":null}},"21":{"start":{"line":31,"column":6},"end":{"line":31,"column":63}},"22":{"start":{"line":34,"column":27},"end":{"line":34,"column":96}},"23":{"start":{"line":35,"column":4},"end":{"line":40,"column":6}},"24":{"start":{"line":44,"column":15},"end":{"line":44,"column":63}},"25":{"start":{"line":46,"column":4},"end":{"line":48,"column":null}},"26":{"start":{"line":47,"column":6},"end":{"line":47,"column":64}},"27":{"start":{"line":50,"column":4},"end":{"line":50,"column":41}},"28":{"start":{"line":52,"column":32},"end":{"line":52,"column":92}},"29":{"start":{"line":54,"column":4},"end":{"line":56,"column":null}},"30":{"start":{"line":55,"column":6},"end":{"line":55,"column":64}},"31":{"start":{"line":58,"column":25},"end":{"line":62,"column":null}},"32":{"start":{"line":64,"column":26},"end":{"line":68,"column":null}},"33":{"start":{"line":70,"column":4},"end":{"line":70,"column":87}},"34":{"start":{"line":72,"column":4},"end":{"line":72,"column":48}},"35":{"start":{"line":76,"column":25},"end":{"line":76,"column":92}},"36":{"start":{"line":78,"column":4},"end":{"line":80,"column":null}},"37":{"start":{"line":79,"column":6},"end":{"line":79,"column":58}},"38":{"start":{"line":82,"column":28},"end":{"line":82,"column":78}},"39":{"start":{"line":83,"column":4},"end":{"line":86,"column":7}},"40":{"start":{"line":90,"column":4},"end":{"line":90,"column":46}},"41":{"start":{"line":94,"column":25},"end":{"line":94,"column":68}},"42":{"start":{"line":96,"column":4},"end":{"line":98,"column":null}},"43":{"start":{"line":97,"column":6},"end":{"line":97,"column":68}},"44":{"start":{"line":100,"column":4},"end":{"line":100,"column":49}},"45":{"start":{"line":102,"column":34},"end":{"line":106,"column":null}},"46":{"start":{"line":109,"column":4},"end":{"line":118,"column":6}},"47":{"start":{"line":122,"column":20},"end":{"line":122,"column":85}},"48":{"start":{"line":124,"column":4},"end":{"line":126,"column":null}},"49":{"start":{"line":125,"column":6},"end":{"line":125,"column":58}},"50":{"start":{"line":128,"column":4},"end":{"line":128,"column":71}},"51":{"start":{"line":132,"column":20},"end":{"line":132,"column":77}},"52":{"start":{"line":134,"column":4},"end":{"line":136,"column":null}},"53":{"start":{"line":135,"column":6},"end":{"line":135,"column":58}},"54":{"start":{"line":138,"column":23},"end":{"line":138,"column":68}},"55":{"start":{"line":140,"column":4},"end":{"line":142,"column":null}},"56":{"start":{"line":141,"column":6},"end":{"line":141,"column":56}},"57":{"start":{"line":144,"column":4},"end":{"line":144,"column":49}},"58":{"start":{"line":146,"column":25},"end":{"line":150,"column":null}},"59":{"start":{"line":152,"column":26},"end":{"line":156,"column":null}},"60":{"start":{"line":158,"column":4},"end":{"line":162,"column":6}},"61":{"start":{"line":164,"column":4},"end":{"line":164,"column":56}},"62":{"start":{"line":168,"column":32},"end":{"line":168,"column":84}},"63":{"start":{"line":170,"column":4},"end":{"line":172,"column":null}},"64":{"start":{"line":171,"column":6},"end":{"line":171,"column":19}},"65":{"start":{"line":174,"column":25},"end":{"line":174,"column":35}},"66":{"start":{"line":175,"column":4},"end":{"line":180,"column":null}},"67":{"start":{"line":176,"column":6},"end":{"line":176,"column":73}},"68":{"start":{"line":177,"column":6},"end":{"line":177,"column":18}},"69":{"start":{"line":179,"column":6},"end":{"line":179,"column":88}},"70":{"start":{"line":18,"column":13},"end":{"line":18,"column":24}},"71":{"start":{"line":18,"column":13},"end":{"line":182,"column":null}}},"fnMap":{"0":{"name":"(anonymous_2)","decl":{"start":{"line":19,"column":2},"end":{"line":19,"column":null}},"loc":{"start":{"line":24,"column":63},"end":{"line":25,"column":6}}},"1":{"name":"(anonymous_3)","decl":{"start":{"line":27,"column":2},"end":{"line":27,"column":7}},"loc":{"start":{"line":27,"column":47},"end":{"line":41,"column":3}}},"2":{"name":"(anonymous_4)","decl":{"start":{"line":43,"column":2},"end":{"line":43,"column":7}},"loc":{"start":{"line":43,"column":43},"end":{"line":73,"column":3}}},"3":{"name":"(anonymous_5)","decl":{"start":{"line":75,"column":2},"end":{"line":75,"column":7}},"loc":{"start":{"line":75,"column":46},"end":{"line":87,"column":3}}},"4":{"name":"(anonymous_6)","decl":{"start":{"line":89,"column":2},"end":{"line":89,"column":7}},"loc":{"start":{"line":89,"column":32},"end":{"line":91,"column":3}}},"5":{"name":"(anonymous_7)","decl":{"start":{"line":93,"column":2},"end":{"line":93,"column":7}},"loc":{"start":{"line":93,"column":42},"end":{"line":119,"column":3}}},"6":{"name":"(anonymous_8)","decl":{"start":{"line":121,"column":2},"end":{"line":121,"column":7}},"loc":{"start":{"line":121,"column":64},"end":{"line":129,"column":3}}},"7":{"name":"(anonymous_9)","decl":{"start":{"line":131,"column":2},"end":{"line":131,"column":7}},"loc":{"start":{"line":131,"column":40},"end":{"line":165,"column":3}}},"8":{"name":"(anonymous_10)","decl":{"start":{"line":167,"column":2},"end":{"line":167,"column":7}},"loc":{"start":{"line":167,"column":40},"end":{"line":181,"column":3}}}},"branchMap":{"0":{"loc":{"start":{"line":30,"column":4},"end":{"line":32,"column":null}},"type":"if","locations":[{"start":{"line":30,"column":4},"end":{"line":32,"column":null}}]},"1":{"loc":{"start":{"line":46,"column":4},"end":{"line":48,"column":null}},"type":"if","locations":[{"start":{"line":46,"column":4},"end":{"line":48,"column":null}}]},"2":{"loc":{"start":{"line":54,"column":4},"end":{"line":56,"column":null}},"type":"if","locations":[{"start":{"line":54,"column":4},"end":{"line":56,"column":null}}]},"3":{"loc":{"start":{"line":78,"column":4},"end":{"line":80,"column":null}},"type":"if","locations":[{"start":{"line":78,"column":4},"end":{"line":80,"column":null}}]},"4":{"loc":{"start":{"line":96,"column":4},"end":{"line":98,"column":null}},"type":"if","locations":[{"start":{"line":96,"column":4},"end":{"line":98,"column":null}}]},"5":{"loc":{"start":{"line":124,"column":4},"end":{"line":126,"column":null}},"type":"if","locations":[{"start":{"line":124,"column":4},"end":{"line":126,"column":null}}]},"6":{"loc":{"start":{"line":134,"column":4},"end":{"line":136,"column":null}},"type":"if","locations":[{"start":{"line":134,"column":4},"end":{"line":136,"column":null}}]},"7":{"loc":{"start":{"line":140,"column":4},"end":{"line":142,"column":null}},"type":"if","locations":[{"start":{"line":140,"column":4},"end":{"line":142,"column":null}}]},"8":{"loc":{"start":{"line":170,"column":4},"end":{"line":172,"column":null}},"type":"if","locations":[{"start":{"line":170,"column":4},"end":{"line":172,"column":null}}]},"9":{"loc":{"start":{"line":175,"column":4},"end":{"line":180,"column":null}},"type":"if","locations":[{"start":{"line":175,"column":4},"end":{"line":180,"column":null}},{"start":{"line":178,"column":11},"end":{"line":180,"column":null}}]}},"s":{"0":1,"1":1,"2":1,"3":1,"4":1,"5":1,"6":1,"7":1,"8":1,"9":1,"10":1,"11":1,"12":1,"13":1,"14":1,"15":1,"16":1,"17":1,"18":1,"19":2,"20":2,"21":1,"22":1,"23":1,"24":3,"25":3,"26":1,"27":2,"28":2,"29":2,"30":1,"31":1,"32":1,"33":1,"34":1,"35":2,"36":2,"37":1,"38":1,"39":1,"40":1,"41":2,"42":2,"43":1,"44":1,"45":1,"46":1,"47":2,"48":2,"49":1,"50":1,"51":3,"52":3,"53":1,"54":2,"55":2,"56":1,"57":1,"58":1,"59":1,"60":1,"61":1,"62":7,"63":7,"64":5,"65":2,"66":2,"67":1,"68":1,"69":1,"70":1,"71":1},"f":{"0":1,"1":2,"2":3,"3":2,"4":1,"5":2,"6":2,"7":3,"8":7},"b":{"0":[1],"1":[1],"2":[1],"3":[1],"4":[1],"5":[1],"6":[1],"7":[1],"8":[5],"9":[1,1]}}
,"/home/runner/work/back-end/back-end/src/core/module/dashboard-image/DashboardImageRepository.ts": {"path":"/home/runner/work/back-end/back-end/src/core/module/dashboard-image/DashboardImageRepository.ts","statementMap":{"0":{"start":{"line":1,"column":0},"end":{"line":1,"column":68}},"1":{"start":{"line":2,"column":0},"end":{"line":2,"column":72}},"2":{"start":{"line":3,"column":0},"end":{"line":3,"column":72}},"3":{"start":{"line":4,"column":0},"end":{"line":4,"column":76}},"4":{"start":{"line":5,"column":0},"end":{"line":5,"column":44}},"5":{"start":{"line":8,"column":0},"end":{"line":8,"column":56}},"6":{"start":{"line":11,"column":7},"end":{"line":206,"column":null}},"7":{"start":{"line":18,"column":30},"end":{"line":34,"column":null}},"8":{"start":{"line":37,"column":31},"end":{"line":37,"column":54}},"9":{"start":{"line":38,"column":4},"end":{"line":38,"column":45}},"10":{"start":{"line":48,"column":23},"end":{"line":70,"column":65}},"11":{"start":{"line":72,"column":4},"end":{"line":72,"column":28}},"12":{"start":{"line":80,"column":23},"end":{"line":101,"column":55}},"13":{"start":{"line":103,"column":4},"end":{"line":103,"column":28}},"14":{"start":{"line":110,"column":23},"end":{"line":134,"column":55}},"15":{"start":{"line":136,"column":4},"end":{"line":136,"column":28}},"16":{"start":{"line":140,"column":30},"end":{"line":153,"column":32}},"17":{"start":{"line":155,"column":31},"end":{"line":155,"column":54}},"18":{"start":{"line":156,"column":4},"end":{"line":156,"column":45}},"19":{"start":{"line":163,"column":23},"end":{"line":187,"column":55}},"20":{"start":{"line":189,"column":4},"end":{"line":189,"column":28}},"21":{"start":{"line":197,"column":4},"end":{"line":204,"column":7}},"22":{"start":{"line":199,"column":8},"end":{"line":202,"column":null}},"23":{"start":{"line":11,"column":13},"end":{"line":11,"column":37}},"24":{"start":{"line":11,"column":13},"end":{"line":206,"column":null}}},"fnMap":{"0":{"name":"(anonymous_1)","decl":{"start":{"line":12,"column":2},"end":{"line":12,"column":7}},"loc":{"start":{"line":17,"column":3},"end":{"line":39,"column":3}}},"1":{"name":"(anonymous_2)","decl":{"start":{"line":41,"column":2},"end":{"line":41,"column":7}},"loc":{"start":{"line":47,"column":3},"end":{"line":73,"column":3}}},"2":{"name":"(anonymous_3)","decl":{"start":{"line":75,"column":2},"end":{"line":75,"column":7}},"loc":{"start":{"line":78,"column":23},"end":{"line":104,"column":3}}},"3":{"name":"(anonymous_4)","decl":{"start":{"line":106,"column":2},"end":{"line":106,"column":7}},"loc":{"start":{"line":108,"column":23},"end":{"line":137,"column":3}}},"4":{"name":"(anonymous_5)","decl":{"start":{"line":139,"column":2},"end":{"line":139,"column":7}},"loc":{"start":{"line":139,"column":41},"end":{"line":157,"column":3}}},"5":{"name":"(anonymous_6)","decl":{"start":{"line":159,"column":2},"end":{"line":159,"column":7}},"loc":{"start":{"line":161,"column":23},"end":{"line":190,"column":3}}},"6":{"name":"(anonymous_7)","decl":{"start":{"line":192,"column":2},"end":{"line":192,"column":7}},"loc":{"start":{"line":195,"column":48},"end":{"line":205,"column":3}}},"7":{"name":"(anonymous_8)","decl":{"start":{"line":198,"column":13},"end":{"line":198,"column":14}},"loc":{"start":{"line":199,"column":8},"end":{"line":202,"column":null}}}},"branchMap":{"0":{"loc":{"start":{"line":29,"column":10},"end":{"line":29,"column":88}},"type":"cond-expr","locations":[{"start":{"line":29,"column":40},"end":{"line":29,"column":77}},{"start":{"line":29,"column":80},"end":{"line":29,"column":88}}]},"1":{"loc":{"start":{"line":30,"column":10},"end":{"line":32,"column":22}},"type":"cond-expr","locations":[{"start":{"line":31,"column":14},"end":{"line":31,"column":63}},{"start":{"line":32,"column":14},"end":{"line":32,"column":22}}]},"2":{"loc":{"start":{"line":33,"column":10},"end":{"line":33,"column":85}},"type":"cond-expr","locations":[{"start":{"line":33,"column":39},"end":{"line":33,"column":74}},{"start":{"line":33,"column":77},"end":{"line":33,"column":85}}]},"3":{"loc":{"start":{"line":38,"column":11},"end":{"line":38,"column":44}},"type":"binary-expr","locations":[{"start":{"line":38,"column":11},"end":{"line":38,"column":39}},{"start":{"line":38,"column":43},"end":{"line":38,"column":44}}]},"4":{"loc":{"start":{"line":61,"column":10},"end":{"line":61,"column":88}},"type":"cond-expr","locations":[{"start":{"line":61,"column":40},"end":{"line":61,"column":77}},{"start":{"line":61,"column":80},"end":{"line":61,"column":88}}]},"5":{"loc":{"start":{"line":62,"column":10},"end":{"line":64,"column":22}},"type":"cond-expr","locations":[{"start":{"line":63,"column":14},"end":{"line":63,"column":63}},{"start":{"line":64,"column":14},"end":{"line":64,"column":22}}]},"6":{"loc":{"start":{"line":65,"column":10},"end":{"line":65,"column":85}},"type":"cond-expr","locations":[{"start":{"line":65,"column":39},"end":{"line":65,"column":74}},{"start":{"line":65,"column":77},"end":{"line":65,"column":85}}]},"7":{"loc":{"start":{"line":93,"column":10},"end":{"line":93,"column":78}},"type":"cond-expr","locations":[{"start":{"line":93,"column":35},"end":{"line":93,"column":67}},{"start":{"line":93,"column":70},"end":{"line":93,"column":78}}]},"8":{"loc":{"start":{"line":94,"column":10},"end":{"line":94,"column":93}},"type":"cond-expr","locations":[{"start":{"line":94,"column":38},"end":{"line":94,"column":82}},{"start":{"line":94,"column":85},"end":{"line":94,"column":93}}]},"9":{"loc":{"start":{"line":95,"column":10},"end":{"line":95,"column":75}},"type":"cond-expr","locations":[{"start":{"line":95,"column":34},"end":{"line":95,"column":64}},{"start":{"line":95,"column":67},"end":{"line":95,"column":75}}]},"10":{"loc":{"start":{"line":126,"column":10},"end":{"line":126,"column":78}},"type":"cond-expr","locations":[{"start":{"line":126,"column":35},"end":{"line":126,"column":67}},{"start":{"line":126,"column":70},"end":{"line":126,"column":78}}]},"11":{"loc":{"start":{"line":127,"column":10},"end":{"line":127,"column":93}},"type":"cond-expr","locations":[{"start":{"line":127,"column":38},"end":{"line":127,"column":82}},{"start":{"line":127,"column":85},"end":{"line":127,"column":93}}]},"12":{"loc":{"start":{"line":128,"column":10},"end":{"line":128,"column":75}},"type":"cond-expr","locations":[{"start":{"line":128,"column":34},"end":{"line":128,"column":64}},{"start":{"line":128,"column":67},"end":{"line":128,"column":75}}]},"13":{"loc":{"start":{"line":148,"column":10},"end":{"line":148,"column":78}},"type":"cond-expr","locations":[{"start":{"line":148,"column":35},"end":{"line":148,"column":67}},{"start":{"line":148,"column":70},"end":{"line":148,"column":78}}]},"14":{"loc":{"start":{"line":149,"column":10},"end":{"line":149,"column":93}},"type":"cond-expr","locations":[{"start":{"line":149,"column":38},"end":{"line":149,"column":82}},{"start":{"line":149,"column":85},"end":{"line":149,"column":93}}]},"15":{"loc":{"start":{"line":150,"column":10},"end":{"line":150,"column":75}},"type":"cond-expr","locations":[{"start":{"line":150,"column":34},"end":{"line":150,"column":64}},{"start":{"line":150,"column":67},"end":{"line":150,"column":75}}]},"16":{"loc":{"start":{"line":156,"column":11},"end":{"line":156,"column":44}},"type":"binary-expr","locations":[{"start":{"line":156,"column":11},"end":{"line":156,"column":39}},{"start":{"line":156,"column":43},"end":{"line":156,"column":44}}]},"17":{"loc":{"start":{"line":179,"column":10},"end":{"line":179,"column":78}},"type":"cond-expr","locations":[{"start":{"line":179,"column":35},"end":{"line":179,"column":67}},{"start":{"line":179,"column":70},"end":{"line":179,"column":78}}]},"18":{"loc":{"start":{"line":180,"column":10},"end":{"line":180,"column":93}},"type":"cond-expr","locations":[{"start":{"line":180,"column":38},"end":{"line":180,"column":82}},{"start":{"line":180,"column":85},"end":{"line":180,"column":93}}]},"19":{"loc":{"start":{"line":181,"column":10},"end":{"line":181,"column":75}},"type":"cond-expr","locations":[{"start":{"line":181,"column":34},"end":{"line":181,"column":64}},{"start":{"line":181,"column":67},"end":{"line":181,"column":75}}]},"20":{"loc":{"start":{"line":195,"column":4},"end":{"line":195,"column":48}},"type":"default-arg","locations":[{"start":{"line":195,"column":28},"end":{"line":195,"column":48}}]}},"s":{"0":0,"1":0,"2":0,"3":0,"4":0,"5":0,"6":0,"7":0,"8":0,"9":0,"10":0,"11":0,"12":0,"13":0,"14":0,"15":0,"16":0,"17":0,"18":0,"19":0,"20":0,"21":0,"22":0,"23":0,"24":0},"f":{"0":0,"1":0,"2":0,"3":0,"4":0,"5":0,"6":0,"7":0},"b":{"0":[0,0],"1":[0,0],"2":[0,0],"3":[0,0],"4":[0,0],"5":[0,0],"6":[0,0],"7":[0,0],"8":[0,0],"9":[0,0],"10":[0,0],"11":[0,0],"12":[0,0],"13":[0,0],"14":[0,0],"15":[0,0],"16":[0,0],"17":[0,0],"18":[0,0],"19":[0,0],"20":[0]}}
,"/home/runner/work/back-end/back-end/src/core/module/dashboard-image/DashboardImageService.ts": {"path":"/home/runner/work/back-end/back-end/src/core/module/dashboard-image/DashboardImageService.ts","statementMap":{"0":{"start":{"line":1,"column":0},"end":{"line":1,"column":44}},"1":{"start":{"line":2,"column":0},"end":{"line":2,"column":70}},"2":{"start":{"line":3,"column":0},"end":{"line":3,"column":68}},"3":{"start":{"line":4,"column":0},"end":{"line":4,"column":74}},"4":{"start":{"line":5,"column":0},"end":{"line":5,"column":71}},"5":{"start":{"line":6,"column":0},"end":{"line":6,"column":56}},"6":{"start":{"line":12,"column":7},"end":{"line":142,"column":null}},"7":{"start":{"line":14,"column":21},"end":{"line":14,"column":33}},"8":{"start":{"line":15,"column":21},"end":{"line":15,"column":37}},"9":{"start":{"line":23,"column":4},"end":{"line":32,"column":null}},"10":{"start":{"line":25,"column":8},"end":{"line":25,"column":72}},"11":{"start":{"line":27,"column":8},"end":{"line":27,"column":95}},"12":{"start":{"line":29,"column":8},"end":{"line":29,"column":70}},"13":{"start":{"line":31,"column":8},"end":{"line":31,"column":70}},"14":{"start":{"line":41,"column":22},"end":{"line":41,"column":32}},"15":{"start":{"line":42,"column":20},"end":{"line":42,"column":30}},"16":{"start":{"line":43,"column":4},"end":{"line":43,"column":43}},"17":{"start":{"line":44,"column":4},"end":{"line":44,"column":45}},"18":{"start":{"line":46,"column":24},"end":{"line":51,"column":6}},"19":{"start":{"line":53,"column":30},"end":{"line":59,"column":6}},"20":{"start":{"line":61,"column":19},"end":{"line":61,"column":92}},"21":{"start":{"line":63,"column":4},"end":{"line":68,"column":6}},"22":{"start":{"line":76,"column":24},"end":{"line":76,"column":67}},"23":{"start":{"line":77,"column":30},"end":{"line":80,"column":null}},"24":{"start":{"line":83,"column":19},"end":{"line":83,"column":92}},"25":{"start":{"line":85,"column":4},"end":{"line":90,"column":6}},"26":{"start":{"line":98,"column":24},"end":{"line":98,"column":67}},"27":{"start":{"line":99,"column":30},"end":{"line":99,"column":86}},"28":{"start":{"line":101,"column":19},"end":{"line":101,"column":92}},"29":{"start":{"line":103,"column":4},"end":{"line":108,"column":6}},"30":{"start":{"line":115,"column":24},"end":{"line":115,"column":67}},"31":{"start":{"line":116,"column":30},"end":{"line":116,"column":86}},"32":{"start":{"line":118,"column":19},"end":{"line":118,"column":92}},"33":{"start":{"line":120,"column":4},"end":{"line":125,"column":6}},"34":{"start":{"line":132,"column":40},"end":{"line":132,"column":42}},"35":{"start":{"line":133,"column":4},"end":{"line":138,"column":null}},"36":{"start":{"line":134,"column":20},"end":{"line":134,"column":67}},"37":{"start":{"line":135,"column":23},"end":{"line":135,"column":89}},"38":{"start":{"line":137,"column":6},"end":{"line":137,"column":77}},"39":{"start":{"line":140,"column":4},"end":{"line":140,"column":18}},"40":{"start":{"line":12,"column":13},"end":{"line":12,"column":34}},"41":{"start":{"line":12,"column":13},"end":{"line":142,"column":null}}},"fnMap":{"0":{"name":"(anonymous_2)","decl":{"start":{"line":13,"column":2},"end":{"line":13,"column":null}},"loc":{"start":{"line":15,"column":51},"end":{"line":16,"column":6}}},"1":{"name":"(anonymous_3)","decl":{"start":{"line":17,"column":9},"end":{"line":17,"column":14}},"loc":{"start":{"line":21,"column":23},"end":{"line":33,"column":3}}},"2":{"name":"(anonymous_4)","decl":{"start":{"line":35,"column":2},"end":{"line":35,"column":7}},"loc":{"start":{"line":39,"column":23},"end":{"line":69,"column":3}}},"3":{"name":"(anonymous_5)","decl":{"start":{"line":71,"column":2},"end":{"line":71,"column":7}},"loc":{"start":{"line":74,"column":23},"end":{"line":91,"column":3}}},"4":{"name":"(anonymous_6)","decl":{"start":{"line":93,"column":2},"end":{"line":93,"column":7}},"loc":{"start":{"line":96,"column":23},"end":{"line":109,"column":3}}},"5":{"name":"(anonymous_7)","decl":{"start":{"line":110,"column":2},"end":{"line":110,"column":7}},"loc":{"start":{"line":113,"column":23},"end":{"line":126,"column":3}}},"6":{"name":"(anonymous_8)","decl":{"start":{"line":128,"column":10},"end":{"line":128,"column":15}},"loc":{"start":{"line":130,"column":19},"end":{"line":141,"column":3}}}},"branchMap":{"0":{"loc":{"start":{"line":23,"column":4},"end":{"line":32,"column":null}},"type":"switch","locations":[{"start":{"line":24,"column":6},"end":{"line":25,"column":72}},{"start":{"line":26,"column":6},"end":{"line":27,"column":95}},{"start":{"line":28,"column":6},"end":{"line":29,"column":70}},{"start":{"line":30,"column":6},"end":{"line":31,"column":70}}]}},"s":{"0":0,"1":0,"2":0,"3":0,"4":0,"5":0,"6":0,"7":0,"8":0,"9":0,"10":0,"11":0,"12":0,"13":0,"14":0,"15":0,"16":0,"17":0,"18":0,"19":0,"20":0,"21":0,"22":0,"23":0,"24":0,"25":0,"26":0,"27":0,"28":0,"29":0,"30":0,"31":0,"32":0,"33":0,"34":0,"35":0,"36":0,"37":0,"38":0,"39":0,"40":0,"41":0},"f":{"0":0,"1":0,"2":0,"3":0,"4":0,"5":0,"6":0},"b":{"0":[0,0,0,0]}}
,"/home/runner/work/back-end/back-end/src/core/module/generate-image/GenerateImageService.ts": {"path":"/home/runner/work/back-end/back-end/src/core/module/generate-image/GenerateImageService.ts","statementMap":{"0":{"start":{"line":1,"column":0},"end":{"line":1,"column":129}},"1":{"start":{"line":2,"column":0},"end":{"line":2,"column":44}},"2":{"start":{"line":4,"column":0},"end":{"line":4,"column":74}},"3":{"start":{"line":5,"column":0},"end":{"line":5,"column":53}},"4":{"start":{"line":6,"column":0},"end":{"line":6,"column":56}},"5":{"start":{"line":7,"column":0},"end":{"line":7,"column":156}},"6":{"start":{"line":11,"column":7},"end":{"line":86,"column":null}},"7":{"start":{"line":13,"column":12},"end":{"line":13,"column":42}},"8":{"start":{"line":14,"column":12},"end":{"line":14,"column":56}},"9":{"start":{"line":15,"column":12},"end":{"line":15,"column":26}},"10":{"start":{"line":19,"column":25},"end":{"line":19,"column":99}},"11":{"start":{"line":20,"column":30},"end":{"line":22,"column":null}},"12":{"start":{"line":25,"column":32},"end":{"line":29,"column":null}},"13":{"start":{"line":32,"column":19},"end":{"line":32,"column":67}},"14":{"start":{"line":32,"column":52},"end":{"line":32,"column":66}},"15":{"start":{"line":33,"column":4},"end":{"line":33,"column":18}},"16":{"start":{"line":37,"column":25},"end":{"line":37,"column":99}},"17":{"start":{"line":38,"column":30},"end":{"line":40,"column":null}},"18":{"start":{"line":42,"column":32},"end":{"line":46,"column":null}},"19":{"start":{"line":49,"column":19},"end":{"line":49,"column":67}},"20":{"start":{"line":49,"column":52},"end":{"line":49,"column":66}},"21":{"start":{"line":50,"column":4},"end":{"line":50,"column":18}},"22":{"start":{"line":54,"column":4},"end":{"line":54,"column":60}},"23":{"start":{"line":62,"column":6},"end":{"line":64,"column":null}},"24":{"start":{"line":68,"column":6},"end":{"line":70,"column":null}},"25":{"start":{"line":72,"column":32},"end":{"line":76,"column":null}},"26":{"start":{"line":79,"column":19},"end":{"line":79,"column":67}},"27":{"start":{"line":79,"column":52},"end":{"line":79,"column":66}},"28":{"start":{"line":80,"column":4},"end":{"line":80,"column":18}},"29":{"start":{"line":84,"column":4},"end":{"line":84,"column":74}},"30":{"start":{"line":11,"column":13},"end":{"line":11,"column":33}},"31":{"start":{"line":11,"column":13},"end":{"line":86,"column":null}}},"fnMap":{"0":{"name":"(anonymous_2)","decl":{"start":{"line":12,"column":2},"end":{"line":12,"column":null}},"loc":{"start":{"line":15,"column":38},"end":{"line":16,"column":6}}},"1":{"name":"(anonymous_3)","decl":{"start":{"line":18,"column":2},"end":{"line":18,"column":7}},"loc":{"start":{"line":18,"column":80},"end":{"line":34,"column":3}}},"2":{"name":"(anonymous_4)","decl":{"start":{"line":32,"column":43},"end":{"line":32,"column":48}},"loc":{"start":{"line":32,"column":52},"end":{"line":32,"column":66}}},"3":{"name":"(anonymous_5)","decl":{"start":{"line":36,"column":2},"end":{"line":36,"column":7}},"loc":{"start":{"line":36,"column":83},"end":{"line":51,"column":3}}},"4":{"name":"(anonymous_6)","decl":{"start":{"line":49,"column":43},"end":{"line":49,"column":48}},"loc":{"start":{"line":49,"column":52},"end":{"line":49,"column":66}}},"5":{"name":"(anonymous_7)","decl":{"start":{"line":53,"column":2},"end":{"line":53,"column":7}},"loc":{"start":{"line":53,"column":23},"end":{"line":55,"column":3}}},"6":{"name":"(anonymous_8)","decl":{"start":{"line":57,"column":2},"end":{"line":57,"column":7}},"loc":{"start":{"line":59,"column":48},"end":{"line":81,"column":3}}},"7":{"name":"(anonymous_9)","decl":{"start":{"line":79,"column":43},"end":{"line":79,"column":48}},"loc":{"start":{"line":79,"column":52},"end":{"line":79,"column":66}}},"8":{"name":"(anonymous_10)","decl":{"start":{"line":83,"column":2},"end":{"line":83,"column":7}},"loc":{"start":{"line":83,"column":44},"end":{"line":85,"column":3}}}},"branchMap":{},"s":{"0":0,"1":0,"2":0,"3":0,"4":0,"5":0,"6":0,"7":0,"8":0,"9":0,"10":0,"11":0,"12":0,"13":0,"14":0,"15":0,"16":0,"17":0,"18":0,"19":0,"20":0,"21":0,"22":0,"23":0,"24":0,"25":0,"26":0,"27":0,"28":0,"29":0,"30":0,"31":0},"f":{"0":0,"1":0,"2":0,"3":0,"4":0,"5":0,"6":0,"7":0,"8":0},"b":{}}
,"/home/runner/work/back-end/back-end/src/core/module/generate-tag/GenerateTagService.ts": {"path":"/home/runner/work/back-end/back-end/src/core/module/generate-tag/GenerateTagService.ts","statementMap":{"0":{"start":{"line":1,"column":0},"end":{"line":1,"column":118}},"1":{"start":{"line":2,"column":0},"end":{"line":2,"column":44}},"2":{"start":{"line":3,"column":0},"end":{"line":3,"column":69}},"3":{"start":{"line":4,"column":0},"end":{"line":4,"column":84}},"4":{"start":{"line":5,"column":0},"end":{"line":5,"column":61}},"5":{"start":{"line":8,"column":7},"end":{"line":22,"column":null}},"6":{"start":{"line":9,"column":31},"end":{"line":9,"column":56}},"7":{"start":{"line":12,"column":4},"end":{"line":14,"column":null}},"8":{"start":{"line":13,"column":6},"end":{"line":13,"column":64}},"9":{"start":{"line":15,"column":16},"end":{"line":17,"column":null}},"10":{"start":{"line":20,"column":4},"end":{"line":20,"column":15}},"11":{"start":{"line":8,"column":13},"end":{"line":8,"column":31}},"12":{"start":{"line":8,"column":13},"end":{"line":22,"column":null}}},"fnMap":{"0":{"name":"(anonymous_2)","decl":{"start":{"line":9,"column":2},"end":{"line":9,"column":31}},"loc":{"start":{"line":9,"column":79},"end":{"line":9,"column":83}}},"1":{"name":"(anonymous_3)","decl":{"start":{"line":11,"column":2},"end":{"line":11,"column":7}},"loc":{"start":{"line":11,"column":46},"end":{"line":21,"column":3}}}},"branchMap":{"0":{"loc":{"start":{"line":12,"column":4},"end":{"line":14,"column":null}},"type":"if","locations":[{"start":{"line":12,"column":4},"end":{"line":14,"column":null}}]}},"s":{"0":0,"1":0,"2":0,"3":0,"4":0,"5":0,"6":0,"7":0,"8":0,"9":0,"10":0,"11":0,"12":0},"f":{"0":0,"1":0},"b":{"0":[0]}}
,"/home/runner/work/back-end/back-end/src/core/module/generation/GenerationRepository.ts": {"path":"/home/runner/work/back-end/back-end/src/core/module/generation/GenerationRepository.ts","statementMap":{"0":{"start":{"line":2,"column":0},"end":{"line":2,"column":72}},"1":{"start":{"line":3,"column":0},"end":{"line":3,"column":57}},"2":{"start":{"line":5,"column":0},"end":{"line":5,"column":33}},"3":{"start":{"line":9,"column":4},"end":{"line":13,"column":7}},"4":{"start":{"line":15,"column":4},"end":{"line":15,"column":28}},"5":{"start":{"line":19,"column":4},"end":{"line":21,"column":7}},"6":{"start":{"line":29,"column":4},"end":{"line":35,"column":37}},"7":{"start":{"line":37,"column":4},"end":{"line":37,"column":28}},"8":{"start":{"line":41,"column":4},"end":{"line":46,"column":37}},"9":{"start":{"line":50,"column":4},"end":{"line":55,"column":37}},"10":{"start":{"line":59,"column":4},"end":{"line":59,"column":74}},"11":{"start":{"line":63,"column":4},"end":{"line":65,"column":7}},"12":{"start":{"line":7,"column":0},"end":{"line":7,"column":13}}},"fnMap":{"0":{"name":"(anonymous_0)","decl":{"start":{"line":8,"column":2},"end":{"line":8,"column":7}},"loc":{"start":{"line":8,"column":68},"end":{"line":16,"column":3}}},"1":{"name":"(anonymous_1)","decl":{"start":{"line":18,"column":2},"end":{"line":18,"column":7}},"loc":{"start":{"line":18,"column":26},"end":{"line":22,"column":3}}},"2":{"name":"(anonymous_2)","decl":{"start":{"line":24,"column":2},"end":{"line":24,"column":7}},"loc":{"start":{"line":27,"column":33},"end":{"line":38,"column":3}}},"3":{"name":"(anonymous_3)","decl":{"start":{"line":40,"column":2},"end":{"line":40,"column":7}},"loc":{"start":{"line":40,"column":58},"end":{"line":47,"column":3}}},"4":{"name":"(anonymous_4)","decl":{"start":{"line":49,"column":2},"end":{"line":49,"column":7}},"loc":{"start":{"line":49,"column":65},"end":{"line":56,"column":3}}},"5":{"name":"(anonymous_5)","decl":{"start":{"line":58,"column":2},"end":{"line":58,"column":7}},"loc":{"start":{"line":58,"column":29},"end":{"line":60,"column":3}}},"6":{"name":"(anonymous_6)","decl":{"start":{"line":62,"column":2},"end":{"line":62,"column":7}},"loc":{"start":{"line":62,"column":35},"end":{"line":66,"column":3}}}},"branchMap":{"0":{"loc":{"start":{"line":27,"column":4},"end":{"line":27,"column":33}},"type":"default-arg","locations":[{"start":{"line":27,"column":28},"end":{"line":27,"column":33}}]}},"s":{"0":2,"1":2,"2":2,"3":0,"4":0,"5":0,"6":0,"7":0,"8":0,"9":0,"10":0,"11":0,"12":2},"f":{"0":0,"1":0,"2":0,"3":0,"4":0,"5":0,"6":0},"b":{"0":[0]}}
,"/home/runner/work/back-end/back-end/src/core/module/generation/GenerationService.ts": {"path":"/home/runner/work/back-end/back-end/src/core/module/generation/GenerationService.ts","statementMap":{"0":{"start":{"line":1,"column":0},"end":{"line":1,"column":44}},"1":{"start":{"line":2,"column":0},"end":{"line":2,"column":62}},"2":{"start":{"line":4,"column":0},"end":{"line":4,"column":74}},"3":{"start":{"line":5,"column":0},"end":{"line":5,"column":61}},"4":{"start":{"line":6,"column":0},"end":{"line":6,"column":78}},"5":{"start":{"line":7,"column":0},"end":{"line":7,"column":36}},"6":{"start":{"line":8,"column":0},"end":{"line":8,"column":70}},"7":{"start":{"line":9,"column":0},"end":{"line":9,"column":83}},"8":{"start":{"line":10,"column":0},"end":{"line":10,"column":81}},"9":{"start":{"line":11,"column":0},"end":{"line":11,"column":56}},"10":{"start":{"line":14,"column":0},"end":{"line":14,"column":60}},"11":{"start":{"line":15,"column":0},"end":{"line":15,"column":62}},"12":{"start":{"line":16,"column":0},"end":{"line":16,"column":71}},"13":{"start":{"line":17,"column":0},"end":{"line":17,"column":54}},"14":{"start":{"line":18,"column":0},"end":{"line":18,"column":81}},"15":{"start":{"line":19,"column":0},"end":{"line":19,"column":70}},"16":{"start":{"line":22,"column":7},"end":{"line":152,"column":null}},"17":{"start":{"line":24,"column":21},"end":{"line":24,"column":43}},"18":{"start":{"line":25,"column":21},"end":{"line":25,"column":34}},"19":{"start":{"line":26,"column":21},"end":{"line":26,"column":37}},"20":{"start":{"line":27,"column":21},"end":{"line":27,"column":45}},"21":{"start":{"line":31,"column":24},"end":{"line":31,"column":76}},"22":{"start":{"line":33,"column":4},"end":{"line":35,"column":7}},"23":{"start":{"line":34,"column":6},"end":{"line":34,"column":71}},"24":{"start":{"line":42,"column":23},"end":{"line":42,"column":77}},"25":{"start":{"line":44,"column":4},"end":{"line":46,"column":null}},"26":{"start":{"line":45,"column":6},"end":{"line":45,"column":69}},"27":{"start":{"line":48,"column":4},"end":{"line":48,"column":69}},"28":{"start":{"line":52,"column":24},"end":{"line":52,"column":76}},"29":{"start":{"line":54,"column":4},"end":{"line":56,"column":null}},"30":{"start":{"line":55,"column":6},"end":{"line":55,"column":66}},"31":{"start":{"line":58,"column":15},"end":{"line":58,"column":23}},"32":{"start":{"line":59,"column":39},"end":{"line":62,"column":null}},"33":{"start":{"line":64,"column":32},"end":{"line":64,"column":84}},"34":{"start":{"line":66,"column":4},"end":{"line":66,"column":40}},"35":{"start":{"line":70,"column":31},"end":{"line":70,"column":85}},"36":{"start":{"line":72,"column":4},"end":{"line":74,"column":null}},"37":{"start":{"line":73,"column":6},"end":{"line":73,"column":13}},"38":{"start":{"line":76,"column":25},"end":{"line":76,"column":85}},"39":{"start":{"line":77,"column":4},"end":{"line":84,"column":6}},"40":{"start":{"line":86,"column":4},"end":{"line":86,"column":62}},"41":{"start":{"line":93,"column":31},"end":{"line":93,"column":85}},"42":{"start":{"line":94,"column":4},"end":{"line":96,"column":null}},"43":{"start":{"line":95,"column":6},"end":{"line":95,"column":64}},"44":{"start":{"line":98,"column":4},"end":{"line":104,"column":null}},"45":{"start":{"line":103,"column":6},"end":{"line":103,"column":13}},"46":{"start":{"line":106,"column":25},"end":{"line":106,"column":85}},"47":{"start":{"line":107,"column":31},"end":{"line":107,"column":98}},"48":{"start":{"line":109,"column":4},"end":{"line":109,"column":73}},"49":{"start":{"line":110,"column":4},"end":{"line":110,"column":81}},"50":{"start":{"line":112,"column":4},"end":{"line":114,"column":null}},"51":{"start":{"line":113,"column":6},"end":{"line":113,"column":72}},"52":{"start":{"line":118,"column":4},"end":{"line":130,"column":6}},"53":{"start":{"line":132,"column":4},"end":{"line":132,"column":74}},"54":{"start":{"line":137,"column":6},"end":{"line":139,"column":56}},"55":{"start":{"line":141,"column":4},"end":{"line":148,"column":6}},"56":{"start":{"line":150,"column":4},"end":{"line":150,"column":78}},"57":{"start":{"line":22,"column":13},"end":{"line":22,"column":30}},"58":{"start":{"line":22,"column":13},"end":{"line":152,"column":null}}},"fnMap":{"0":{"name":"(anonymous_2)","decl":{"start":{"line":23,"column":2},"end":{"line":23,"column":null}},"loc":{"start":{"line":27,"column":67},"end":{"line":28,"column":6}}},"1":{"name":"(anonymous_3)","decl":{"start":{"line":30,"column":2},"end":{"line":30,"column":7}},"loc":{"start":{"line":30,"column":50},"end":{"line":36,"column":3}}},"2":{"name":"(anonymous_4)","decl":{"start":{"line":33,"column":27},"end":{"line":33,"column":37}},"loc":{"start":{"line":33,"column":40},"end":{"line":35,"column":5}}},"3":{"name":"(anonymous_5)","decl":{"start":{"line":38,"column":2},"end":{"line":38,"column":7}},"loc":{"start":{"line":40,"column":19},"end":{"line":49,"column":3}}},"4":{"name":"(anonymous_6)","decl":{"start":{"line":51,"column":2},"end":{"line":51,"column":7}},"loc":{"start":{"line":51,"column":53},"end":{"line":67,"column":3}}},"5":{"name":"(anonymous_7)","decl":{"start":{"line":69,"column":2},"end":{"line":69,"column":7}},"loc":{"start":{"line":69,"column":46},"end":{"line":87,"column":3}}},"6":{"name":"(anonymous_8)","decl":{"start":{"line":89,"column":2},"end":{"line":89,"column":7}},"loc":{"start":{"line":91,"column":28},"end":{"line":115,"column":3}}},"7":{"name":"(anonymous_9)","decl":{"start":{"line":117,"column":2},"end":{"line":117,"column":7}},"loc":{"start":{"line":117,"column":66},"end":{"line":133,"column":3}}},"8":{"name":"(anonymous_10)","decl":{"start":{"line":135,"column":2},"end":{"line":135,"column":7}},"loc":{"start":{"line":135,"column":74},"end":{"line":151,"column":3}}}},"branchMap":{"0":{"loc":{"start":{"line":44,"column":4},"end":{"line":46,"column":null}},"type":"if","locations":[{"start":{"line":44,"column":4},"end":{"line":46,"column":null}}]},"1":{"loc":{"start":{"line":54,"column":4},"end":{"line":56,"column":null}},"type":"if","locations":[{"start":{"line":54,"column":4},"end":{"line":56,"column":null}}]},"2":{"loc":{"start":{"line":72,"column":4},"end":{"line":74,"column":null}},"type":"if","locations":[{"start":{"line":72,"column":4},"end":{"line":74,"column":null}}]},"3":{"loc":{"start":{"line":94,"column":4},"end":{"line":96,"column":null}},"type":"if","locations":[{"start":{"line":94,"column":4},"end":{"line":96,"column":null}}]},"4":{"loc":{"start":{"line":98,"column":4},"end":{"line":104,"column":null}},"type":"if","locations":[{"start":{"line":98,"column":4},"end":{"line":104,"column":null}}]},"5":{"loc":{"start":{"line":99,"column":6},"end":{"line":101,"column":61}},"type":"binary-expr","locations":[{"start":{"line":99,"column":6},"end":{"line":99,"column":42}},{"start":{"line":100,"column":6},"end":{"line":100,"column":61}},{"start":{"line":101,"column":6},"end":{"line":101,"column":61}}]},"6":{"loc":{"start":{"line":112,"column":4},"end":{"line":114,"column":null}},"type":"if","locations":[{"start":{"line":112,"column":4},"end":{"line":114,"column":null}}]},"7":{"loc":{"start":{"line":126,"column":10},"end":{"line":128,"column":56}},"type":"cond-expr","locations":[{"start":{"line":127,"column":14},"end":{"line":127,"column":86}},{"start":{"line":128,"column":14},"end":{"line":128,"column":56}}]},"8":{"loc":{"start":{"line":137,"column":6},"end":{"line":139,"column":56}},"type":"cond-expr","locations":[{"start":{"line":138,"column":10},"end":{"line":138,"column":67}},{"start":{"line":139,"column":10},"end":{"line":139,"column":56}}]},"9":{"loc":{"start":{"line":147,"column":6},"end":{"line":147,"column":76}},"type":"cond-expr","locations":[{"start":{"line":147,"column":56},"end":{"line":147,"column":69}},{"start":{"line":147,"column":72},"end":{"line":147,"column":76}}]}},"s":{"0":2,"1":2,"2":2,"3":2,"4":2,"5":2,"6":2,"7":2,"8":2,"9":2,"10":2,"11":2,"12":2,"13":2,"14":2,"15":2,"16":2,"17":1,"18":1,"19":1,"20":1,"21":1,"22":1,"23":5,"24":2,"25":2,"26":1,"27":1,"28":2,"29":2,"30":1,"31":1,"32":1,"33":1,"34":1,"35":2,"36":2,"37":1,"38":1,"39":1,"40":1,"41":4,"42":4,"43":1,"44":3,"45":1,"46":2,"47":2,"48":2,"49":2,"50":2,"51":1,"52":1,"53":1,"54":1,"55":1,"56":1,"57":2,"58":2},"f":{"0":1,"1":1,"2":5,"3":2,"4":2,"5":2,"6":4,"7":1,"8":1},"b":{"0":[1],"1":[1],"2":[1],"3":[1],"4":[1],"5":[3,2,2],"6":[1],"7":[0,1],"8":[0,1],"9":[0,1]}}
,"/home/runner/work/back-end/back-end/src/core/module/image/ImageRepository.ts": {"path":"/home/runner/work/back-end/back-end/src/core/module/image/ImageRepository.ts","statementMap":{"0":{"start":{"line":1,"column":0},"end":{"line":1,"column":72}},"1":{"start":{"line":3,"column":0},"end":{"line":3,"column":52}},"2":{"start":{"line":4,"column":0},"end":{"line":4,"column":71}},"3":{"start":{"line":9,"column":19},"end":{"line":9,"column":70}},"4":{"start":{"line":11,"column":4},"end":{"line":11,"column":50}},"5":{"start":{"line":15,"column":4},"end":{"line":17,"column":7}},"6":{"start":{"line":16,"column":33},"end":{"line":16,"column":50}},"7":{"start":{"line":21,"column":4},"end":{"line":21,"column":64}},"8":{"start":{"line":29,"column":4},"end":{"line":33,"column":null}},"9":{"start":{"line":30,"column":6},"end":{"line":32,"column":9}},"10":{"start":{"line":31,"column":34},"end":{"line":31,"column":59}},"11":{"start":{"line":35,"column":4},"end":{"line":38,"column":7}},"12":{"start":{"line":37,"column":8},"end":{"line":37,"column":72}},"13":{"start":{"line":42,"column":4},"end":{"line":46,"column":7}},"14":{"start":{"line":44,"column":8},"end":{"line":44,"column":67}},"15":{"start":{"line":50,"column":4},"end":{"line":53,"column":7}},"16":{"start":{"line":57,"column":4},"end":{"line":60,"column":38}},"17":{"start":{"line":62,"column":4},"end":{"line":62,"column":34}},"18":{"start":{"line":66,"column":4},"end":{"line":66,"column":92}},"19":{"start":{"line":68,"column":4},"end":{"line":68,"column":34}},"20":{"start":{"line":72,"column":4},"end":{"line":85,"column":56}},"21":{"start":{"line":89,"column":19},"end":{"line":96,"column":null}},"22":{"start":{"line":99,"column":4},"end":{"line":99,"column":27}},"23":{"start":{"line":103,"column":19},"end":{"line":106,"column":80}},"24":{"start":{"line":108,"column":4},"end":{"line":108,"column":27}},"25":{"start":{"line":112,"column":4},"end":{"line":112,"column":90}},"26":{"start":{"line":120,"column":4},"end":{"line":125,"column":7}},"27":{"start":{"line":122,"column":8},"end":{"line":122,"column":72}},"28":{"start":{"line":7,"column":0},"end":{"line":7,"column":13}}},"fnMap":{"0":{"name":"(anonymous_0)","decl":{"start":{"line":8,"column":2},"end":{"line":8,"column":7}},"loc":{"start":{"line":8,"column":33},"end":{"line":12,"column":3}}},"1":{"name":"(anonymous_1)","decl":{"start":{"line":14,"column":2},"end":{"line":14,"column":7}},"loc":{"start":{"line":14,"column":26},"end":{"line":18,"column":3}}},"2":{"name":"(anonymous_2)","decl":{"start":{"line":16,"column":13},"end":{"line":16,"column":14}},"loc":{"start":{"line":16,"column":33},"end":{"line":16,"column":50}}},"3":{"name":"(anonymous_3)","decl":{"start":{"line":20,"column":2},"end":{"line":20,"column":7}},"loc":{"start":{"line":20,"column":29},"end":{"line":22,"column":3}}},"4":{"name":"(anonymous_4)","decl":{"start":{"line":24,"column":2},"end":{"line":24,"column":7}},"loc":{"start":{"line":27,"column":41},"end":{"line":39,"column":3}}},"5":{"name":"(anonymous_5)","decl":{"start":{"line":31,"column":15},"end":{"line":31,"column":16}},"loc":{"start":{"line":31,"column":34},"end":{"line":31,"column":59}}},"6":{"name":"(anonymous_6)","decl":{"start":{"line":36,"column":13},"end":{"line":36,"column":14}},"loc":{"start":{"line":37,"column":8},"end":{"line":37,"column":72}}},"7":{"name":"(anonymous_7)","decl":{"start":{"line":41,"column":2},"end":{"line":41,"column":7}},"loc":{"start":{"line":41,"column":68},"end":{"line":47,"column":3}}},"8":{"name":"(anonymous_8)","decl":{"start":{"line":43,"column":13},"end":{"line":43,"column":14}},"loc":{"start":{"line":44,"column":8},"end":{"line":44,"column":67}}},"9":{"name":"(anonymous_9)","decl":{"start":{"line":49,"column":2},"end":{"line":49,"column":7}},"loc":{"start":{"line":49,"column":76},"end":{"line":54,"column":3}}},"10":{"name":"(anonymous_10)","decl":{"start":{"line":56,"column":2},"end":{"line":56,"column":7}},"loc":{"start":{"line":56,"column":69},"end":{"line":63,"column":3}}},"11":{"name":"(anonymous_11)","decl":{"start":{"line":65,"column":2},"end":{"line":65,"column":7}},"loc":{"start":{"line":65,"column":60},"end":{"line":69,"column":3}}},"12":{"name":"(anonymous_12)","decl":{"start":{"line":71,"column":2},"end":{"line":71,"column":7}},"loc":{"start":{"line":71,"column":71},"end":{"line":86,"column":3}}},"13":{"name":"(anonymous_13)","decl":{"start":{"line":88,"column":2},"end":{"line":88,"column":7}},"loc":{"start":{"line":88,"column":57},"end":{"line":100,"column":3}}},"14":{"name":"(anonymous_14)","decl":{"start":{"line":102,"column":2},"end":{"line":102,"column":7}},"loc":{"start":{"line":102,"column":69},"end":{"line":109,"column":3}}},"15":{"name":"(anonymous_15)","decl":{"start":{"line":111,"column":2},"end":{"line":111,"column":7}},"loc":{"start":{"line":111,"column":66},"end":{"line":113,"column":3}}},"16":{"name":"(anonymous_16)","decl":{"start":{"line":115,"column":2},"end":{"line":115,"column":7}},"loc":{"start":{"line":118,"column":31},"end":{"line":126,"column":3}}},"17":{"name":"(anonymous_17)","decl":{"start":{"line":121,"column":13},"end":{"line":121,"column":14}},"loc":{"start":{"line":122,"column":8},"end":{"line":122,"column":72}}}},"branchMap":{"0":{"loc":{"start":{"line":26,"column":4},"end":{"line":26,"column":30}},"type":"default-arg","locations":[{"start":{"line":26,"column":26},"end":{"line":26,"column":30}}]},"1":{"loc":{"start":{"line":27,"column":4},"end":{"line":27,"column":41}},"type":"default-arg","locations":[{"start":{"line":27,"column":36},"end":{"line":27,"column":41}}]},"2":{"loc":{"start":{"line":29,"column":4},"end":{"line":33,"column":null}},"type":"if","locations":[{"start":{"line":29,"column":4},"end":{"line":33,"column":null}}]}},"s":{"0":1,"1":1,"2":1,"3":0,"4":0,"5":0,"6":0,"7":0,"8":0,"9":0,"10":0,"11":0,"12":0,"13":0,"14":0,"15":0,"16":0,"17":0,"18":0,"19":0,"20":0,"21":0,"22":0,"23":0,"24":0,"25":0,"26":0,"27":0,"28":1},"f":{"0":0,"1":0,"2":0,"3":0,"4":0,"5":0,"6":0,"7":0,"8":0,"9":0,"10":0,"11":0,"12":0,"13":0,"14":0,"15":0,"16":0,"17":0},"b":{"0":[0],"1":[0],"2":[0]}}
,"/home/runner/work/back-end/back-end/src/core/module/image/ImageService.ts": {"path":"/home/runner/work/back-end/back-end/src/core/module/image/ImageService.ts","statementMap":{"0":{"start":{"line":1,"column":0},"end":{"line":1,"column":52}},"1":{"start":{"line":2,"column":0},"end":{"line":2,"column":52}},"2":{"start":{"line":3,"column":0},"end":{"line":3,"column":61}},"3":{"start":{"line":4,"column":0},"end":{"line":4,"column":68}},"4":{"start":{"line":6,"column":0},"end":{"line":6,"column":64}},"5":{"start":{"line":8,"column":0},"end":{"line":8,"column":94}},"6":{"start":{"line":9,"column":0},"end":{"line":9,"column":74}},"7":{"start":{"line":10,"column":0},"end":{"line":10,"column":56}},"8":{"start":{"line":13,"column":0},"end":{"line":13,"column":88}},"9":{"start":{"line":14,"column":0},"end":{"line":14,"column":52}},"10":{"start":{"line":15,"column":0},"end":{"line":15,"column":118}},"11":{"start":{"line":16,"column":0},"end":{"line":16,"column":51}},"12":{"start":{"line":23,"column":7},"end":{"line":427,"column":null}},"13":{"start":{"line":25,"column":21},"end":{"line":25,"column":38}},"14":{"start":{"line":26,"column":52},"end":{"line":26,"column":93}},"15":{"start":{"line":27,"column":21},"end":{"line":27,"column":46}},"16":{"start":{"line":28,"column":21},"end":{"line":28,"column":39}},"17":{"start":{"line":35,"column":4},"end":{"line":37,"column":null}},"18":{"start":{"line":36,"column":6},"end":{"line":36,"column":56}},"19":{"start":{"line":39,"column":40},"end":{"line":39,"column":42}},"20":{"start":{"line":40,"column":54},"end":{"line":42,"column":6}},"21":{"start":{"line":44,"column":4},"end":{"line":58,"column":null}},"22":{"start":{"line":45,"column":6},"end":{"line":53,"column":null}},"23":{"start":{"line":46,"column":22},"end":{"line":51,"column":10}},"24":{"start":{"line":52,"column":8},"end":{"line":52,"column":68}},"25":{"start":{"line":55,"column":6},"end":{"line":55,"column":20}},"26":{"start":{"line":57,"column":6},"end":{"line":57,"column":51}},"27":{"start":{"line":62,"column":4},"end":{"line":64,"column":null}},"28":{"start":{"line":63,"column":6},"end":{"line":63,"column":33}},"29":{"start":{"line":68,"column":18},"end":{"line":68,"column":56}},"30":{"start":{"line":70,"column":4},"end":{"line":72,"column":null}},"31":{"start":{"line":71,"column":6},"end":{"line":71,"column":54}},"32":{"start":{"line":74,"column":4},"end":{"line":74,"column":80}},"33":{"start":{"line":75,"column":4},"end":{"line":75,"column":46}},"34":{"start":{"line":79,"column":4},"end":{"line":88,"column":null}},"35":{"start":{"line":80,"column":21},"end":{"line":80,"column":67}},"36":{"start":{"line":81,"column":42},"end":{"line":82,"column":null}},"37":{"start":{"line":82,"column":8},"end":{"line":82,"column":54}},"38":{"start":{"line":85,"column":6},"end":{"line":85,"column":20}},"39":{"start":{"line":87,"column":6},"end":{"line":87,"column":48}},"40":{"start":{"line":92,"column":26},"end":{"line":96,"column":7}},"41":{"start":{"line":98,"column":4},"end":{"line":106,"column":null}},"42":{"start":{"line":99,"column":6},"end":{"line":103,"column":9}},"43":{"start":{"line":105,"column":6},"end":{"line":105,"column":61}},"44":{"start":{"line":108,"column":4},"end":{"line":112,"column":7}},"45":{"start":{"line":114,"column":4},"end":{"line":114,"column":60}},"46":{"start":{"line":124,"column":36},"end":{"line":124,"column":38}},"47":{"start":{"line":126,"column":4},"end":{"line":136,"column":null}},"48":{"start":{"line":127,"column":29},"end":{"line":132,"column":null}},"49":{"start":{"line":135,"column":6},"end":{"line":135,"column":34}},"50":{"start":{"line":138,"column":4},"end":{"line":138,"column":18}},"51":{"start":{"line":148,"column":32},"end":{"line":148,"column":98}},"52":{"start":{"line":150,"column":32},"end":{"line":159,"column":6}},"53":{"start":{"line":161,"column":18},"end":{"line":161,"column":62}},"54":{"start":{"line":163,"column":27},"end":{"line":163,"column":64}},"55":{"start":{"line":165,"column":4},"end":{"line":165,"column":26}},"56":{"start":{"line":175,"column":36},"end":{"line":175,"column":38}},"57":{"start":{"line":177,"column":4},"end":{"line":187,"column":null}},"58":{"start":{"line":178,"column":29},"end":{"line":183,"column":null}},"59":{"start":{"line":186,"column":6},"end":{"line":186,"column":34}},"60":{"start":{"line":189,"column":4},"end":{"line":189,"column":18}},"61":{"start":{"line":199,"column":32},"end":{"line":199,"column":98}},"62":{"start":{"line":201,"column":32},"end":{"line":209,"column":6}},"63":{"start":{"line":210,"column":18},"end":{"line":210,"column":62}},"64":{"start":{"line":212,"column":27},"end":{"line":212,"column":64}},"65":{"start":{"line":214,"column":4},"end":{"line":214,"column":26}},"66":{"start":{"line":218,"column":32},"end":{"line":222,"column":6}},"67":{"start":{"line":223,"column":19},"end":{"line":225,"column":null}},"68":{"start":{"line":228,"column":31},"end":{"line":228,"column":33}},"69":{"start":{"line":230,"column":4},"end":{"line":241,"column":null}},"70":{"start":{"line":231,"column":6},"end":{"line":238,"column":null}},"71":{"start":{"line":235,"column":8},"end":{"line":237,"column":10}},"72":{"start":{"line":239,"column":29},"end":{"line":239,"column":53}},"73":{"start":{"line":240,"column":6},"end":{"line":240,"column":81}},"74":{"start":{"line":243,"column":19},"end":{"line":243,"column":84}},"75":{"start":{"line":243,"column":60},"end":{"line":243,"column":83}},"76":{"start":{"line":245,"column":4},"end":{"line":245,"column":18}},"77":{"start":{"line":252,"column":19},"end":{"line":252,"column":99}},"78":{"start":{"line":254,"column":4},"end":{"line":256,"column":null}},"79":{"start":{"line":255,"column":6},"end":{"line":255,"column":69}},"80":{"start":{"line":258,"column":28},"end":{"line":261,"column":null}},"81":{"start":{"line":264,"column":4},"end":{"line":264,"column":93}},"82":{"start":{"line":264,"column":28},"end":{"line":264,"column":91}},"83":{"start":{"line":266,"column":4},"end":{"line":266,"column":36}},"84":{"start":{"line":274,"column":18},"end":{"line":274,"column":62}},"85":{"start":{"line":276,"column":4},"end":{"line":278,"column":null}},"86":{"start":{"line":277,"column":6},"end":{"line":277,"column":54}},"87":{"start":{"line":280,"column":4},"end":{"line":282,"column":null}},"88":{"start":{"line":281,"column":6},"end":{"line":281,"column":55}},"89":{"start":{"line":284,"column":4},"end":{"line":298,"column":null}},"90":{"start":{"line":286,"column":8},"end":{"line":288,"column":null}},"91":{"start":{"line":287,"column":10},"end":{"line":287,"column":66}},"92":{"start":{"line":289,"column":8},"end":{"line":2
[...]
":{"start":{"line":13,"column":4},"end":{"line":15,"column":7}},"8":{"start":{"line":14,"column":39},"end":{"line":14,"column":71}},"9":{"start":{"line":24,"column":4},"end":{"line":43,"column":null}},"10":{"start":{"line":26,"column":8},"end":{"line":29,"column":11}},"11":{"start":{"line":30,"column":8},"end":{"line":30,"column":14}},"12":{"start":{"line":32,"column":26},"end":{"line":32,"column":36}},"13":{"start":{"line":33,"column":27},"end":{"line":33,"column":73}},"14":{"start":{"line":34,"column":8},"end":{"line":39,"column":11}},"15":{"start":{"line":40,"column":8},"end":{"line":40,"column":14}},"16":{"start":{"line":42,"column":8},"end":{"line":42,"column":70}},"17":{"start":{"line":45,"column":4},"end":{"line":45,"column":37}},"18":{"start":{"line":49,"column":4},"end":{"line":49,"column":85}},"19":{"start":{"line":58,"column":4},"end":{"line":82,"column":null}},"20":{"start":{"line":60,"column":8},"end":{"line":66,"column":51}},"21":{"start":{"line":67,"column":8},"end":{"line":67,"column":14}},"22":{"start":{"line":69,"column":26},"end":{"line":69,"column":36}},"23":{"start":{"line":70,"column":27},"end":{"line":70,"column":73}},"24":{"start":{"line":71,"column":8},"end":{"line":78,"column":51}},"25":{"start":{"line":79,"column":8},"end":{"line":79,"column":14}},"26":{"start":{"line":81,"column":8},"end":{"line":81,"column":70}},"27":{"start":{"line":84,"column":4},"end":{"line":84,"column":37}},"28":{"start":{"line":11,"column":0},"end":{"line":11,"column":13}}},"fnMap":{"0":{"name":"(anonymous_0)","decl":{"start":{"line":12,"column":2},"end":{"line":12,"column":7}},"loc":{"start":{"line":12,"column":35},"end":{"line":16,"column":3}}},"1":{"name":"(anonymous_1)","decl":{"start":{"line":14,"column":13},"end":{"line":14,"column":14}},"loc":{"start":{"line":14,"column":39},"end":{"line":14,"column":71}}},"2":{"name":"(anonymous_2)","decl":{"start":{"line":18,"column":2},"end":{"line":18,"column":7}},"loc":{"start":{"line":22,"column":24},"end":{"line":46,"column":3}}},"3":{"name":"(anonymous_3)","decl":{"start":{"line":48,"column":2},"end":{"line":48,"column":7}},"loc":{"start":{"line":48,"column":30},"end":{"line":50,"column":3}}},"4":{"name":"(anonymous_4)","decl":{"start":{"line":52,"column":2},"end":{"line":52,"column":7}},"loc":{"start":{"line":56,"column":24},"end":{"line":85,"column":3}}}},"branchMap":{"0":{"loc":{"start":{"line":20,"column":4},"end":{"line":20,"column":47}},"type":"default-arg","locations":[{"start":{"line":20,"column":25},"end":{"line":20,"column":47}}]},"1":{"loc":{"start":{"line":24,"column":4},"end":{"line":43,"column":null}},"type":"switch","locations":[{"start":{"line":25,"column":6},"end":{"line":30,"column":14}},{"start":{"line":31,"column":6},"end":{"line":40,"column":14}},{"start":{"line":41,"column":6},"end":{"line":42,"column":70}}]},"2":{"loc":{"start":{"line":54,"column":4},"end":{"line":54,"column":47}},"type":"default-arg","locations":[{"start":{"line":54,"column":25},"end":{"line":54,"column":47}}]},"3":{"loc":{"start":{"line":58,"column":4},"end":{"line":82,"column":null}},"type":"switch","locations":[{"start":{"line":59,"column":6},"end":{"line":67,"column":14}},{"start":{"line":68,"column":6},"end":{"line":79,"column":14}},{"start":{"line":80,"column":6},"end":{"line":81,"column":70}}]}},"s":{"0":1,"1":1,"2":1,"3":1,"4":1,"5":1,"6":1,"7":0,"8":0,"9":0,"10":0,"11":0,"12":0,"13":0,"14":0,"15":0,"16":0,"17":0,"18":0,"19":0,"20":0,"21":0,"22":0,"23":0,"24":0,"25":0,"26":0,"27":0,"28":1},"f":{"0":0,"1":0,"2":0,"3":0,"4":0},"b":{"0":[0],"1":[0,0,0],"2":[0],"3":[0,0,0]}}
,"/home/runner/work/back-end/back-end/src/infrastructure/external-services/ai-generate-image/comfyui/ComfyUIService.ts": {"path":"/home/runner/work/back-end/back-end/src/infrastructure/external-services/ai-generate-image/comfyui/ComfyUIService.ts","statementMap":{"0":{"start":{"line":3,"column":0},"end":{"line":3,"column":44}},"1":{"start":{"line":4,"column":0},"end":{"line":4,"column":49}},"2":{"start":{"line":5,"column":0},"end":{"line":5,"column":48}},"3":{"start":{"line":6,"column":0},"end":{"line":6,"column":54}},"4":{"start":{"line":7,"column":0},"end":{"line":7,"column":54}},"5":{"start":{"line":8,"column":0},"end":{"line":8,"column":42}},"6":{"start":{"line":9,"column":0},"end":{"line":9,"column":50}},"7":{"start":{"line":13,"column":0},"end":{"line":13,"column":78}},"8":{"start":{"line":16,"column":7},"end":{"line":142,"column":null}},"9":{"start":{"line":22,"column":21},"end":{"line":22,"column":39}},"10":{"start":{"line":23,"column":21},"end":{"line":23,"column":39}},"11":{"start":{"line":24,"column":21},"end":{"line":24,"column":33}},"12":{"start":{"line":25,"column":21},"end":{"line":25,"column":37}},"13":{"start":{"line":26,"column":21},"end":{"line":26,"column":40}},"14":{"start":{"line":28,"column":4},"end":{"line":28,"column":34}},"15":{"start":{"line":32,"column":29},"end":{"line":32,"column":84}},"16":{"start":{"line":33,"column":27},"end":{"line":33,"column":68}},"17":{"start":{"line":34,"column":30},"end":{"line":34,"column":95}},"18":{"start":{"line":36,"column":4},"end":{"line":36,"column":29}},"19":{"start":{"line":40,"column":29},"end":{"line":40,"column":93}},"20":{"start":{"line":41,"column":27},"end":{"line":41,"column":68}},"21":{"start":{"line":42,"column":30},"end":{"line":42,"column":95}},"22":{"start":{"line":44,"column":4},"end":{"line":44,"column":29}},"23":{"start":{"line":48,"column":4},"end":{"line":51,"column":6}},"24":{"start":{"line":52,"column":27},"end":{"line":52,"column":99}},"25":{"start":{"line":53,"column":27},"end":{"line":53,"column":95}},"26":{"start":{"line":54,"column":30},"end":{"line":54,"column":93}},"27":{"start":{"line":56,"column":4},"end":{"line":56,"column":29}},"28":{"start":{"line":60,"column":4},"end":{"line":63,"column":6}},"29":{"start":{"line":64,"column":27},"end":{"line":64,"column":98}},"30":{"start":{"line":65,"column":27},"end":{"line":65,"column":95}},"31":{"start":{"line":66,"column":4},"end":{"line":66,"column":88}},"32":{"start":{"line":67,"column":30},"end":{"line":67,"column":93}},"33":{"start":{"line":69,"column":4},"end":{"line":69,"column":29}},"34":{"start":{"line":73,"column":4},"end":{"line":78,"column":6}},"35":{"start":{"line":76,"column":8},"end":{"line":76,"column":34}},"36":{"start":{"line":84,"column":4},"end":{"line":84,"column":70}},"37":{"start":{"line":91,"column":4},"end":{"line":94,"column":6}},"38":{"start":{"line":95,"column":25},"end":{"line":96,"column":null}},"39":{"start":{"line":99,"column":27},"end":{"line":99,"column":96}},"40":{"start":{"line":100,"column":30},"end":{"line":100,"column":93}},"41":{"start":{"line":102,"column":4},"end":{"line":102,"column":29}},"42":{"start":{"line":108,"column":4},"end":{"line":111,"column":6}},"43":{"start":{"line":112,"column":27},"end":{"line":113,"column":null}},"44":{"start":{"line":116,"column":27},"end":{"line":116,"column":96}},"45":{"start":{"line":117,"column":30},"end":{"line":117,"column":93}},"46":{"start":{"line":119,"column":4},"end":{"line":119,"column":29}},"47":{"start":{"line":123,"column":4},"end":{"line":128,"column":6}},"48":{"start":{"line":126,"column":8},"end":{"line":126,"column":34}},"49":{"start":{"line":132,"column":24},"end":{"line":132,"column":92}},"50":{"start":{"line":133,"column":27},"end":{"line":134,"column":null}},"51":{"start":{"line":136,"column":27},"end":{"line":136,"column":68}},"52":{"start":{"line":137,"column":4},"end":{"line":137,"column":32}},"53":{"start":{"line":139,"column":17},"end":{"line":139,"column":78}},"54":{"start":{"line":140,"column":4},"end":{"line":140,"column":16}},"55":{"start":{"line":16,"column":13},"end":{"line":16,"column":27}},"56":{"start":{"line":16,"column":13},"end":{"line":142,"column":null}}},"fnMap":{"0":{"name":"(anonymous_2)","decl":{"start":{"line":21,"column":2},"end":{"line":21,"column":null}},"loc":{"start":{"line":26,"column":57},"end":{"line":29,"column":3}}},"1":{"name":"(anonymous_3)","decl":{"start":{"line":31,"column":2},"end":{"line":31,"column":7}},"loc":{"start":{"line":31,"column":36},"end":{"line":37,"column":3}}},"2":{"name":"(anonymous_4)","decl":{"start":{"line":39,"column":2},"end":{"line":39,"column":7}},"loc":{"start":{"line":39,"column":45},"end":{"line":45,"column":3}}},"3":{"name":"(anonymous_5)","decl":{"start":{"line":47,"column":2},"end":{"line":47,"column":7}},"loc":{"start":{"line":47,"column":53},"end":{"line":57,"column":3}}},"4":{"name":"(anonymous_6)","decl":{"start":{"line":59,"column":2},"end":{"line":59,"column":7}},"loc":{"start":{"line":59,"column":54},"end":{"line":70,"column":3}}},"5":{"name":"(anonymous_7)","decl":{"start":{"line":72,"column":2},"end":{"line":72,"column":11}},"loc":{"start":{"line":72,"column":11},"end":{"line":79,"column":3}}},"6":{"name":"(anonymous_8)","decl":{"start":{"line":75,"column":79},"end":{"line":75,"column":84}},"loc":{"start":{"line":76,"column":8},"end":{"line":76,"column":34}}},"7":{"name":"(anonymous_9)","decl":{"start":{"line":81,"column":2},"end":{"line":81,"column":7}},"loc":{"start":{"line":82,"column":51},"end":{"line":85,"column":3}}},"8":{"name":"(anonymous_10)","decl":{"start":{"line":87,"column":2},"end":{"line":87,"column":7}},"loc":{"start":{"line":88,"column":51},"end":{"line":103,"column":3}}},"9":{"name":"(anonymous_11)","decl":{"start":{"line":105,"column":2},"end":{"line":105,"column":7}},"loc":{"start":{"line":106,"column":51},"end":{"line":120,"column":3}}},"10":{"name":"(anonymous_12)","decl":{"start":{"line":122,"column":2},"end":{"line":122,"column":37}},"loc":{"start":{"line":122,"column":37},"end":{"line":129,"column":3}}},"11":{"name":"(anonymous_13)","decl":{"start":{"line":125,"column":87},"end":{"line":125,"column":92}},"loc":{"start":{"line":126,"column":8},"end":{"line":126,"column":34}}},"12":{"name":"(anonymous_14)","decl":{"start":{"line":131,"column":2},"end":{"line":131,"column":7}},"loc":{"start":{"line":131,"column":47},"end":{"line":141,"column":3}}}},"branchMap":{},"s":{"0":1,"1":1,"2":1,"3":1,"4":1,"5":1,"6":1,"7":1,"8":1,"9":0,"10":0,"11":0,"12":0,"13":0,"14":0,"15":0,"16":0,"17":0,"18":0,"19":0,"20":0,"21":0,"22":0,"23":0,"24":0,"25":0,"26":0,"27":0,"28":0,"29":0,"30":0,"31":0,"32":0,"33":0,"34":0,"35":0,"36":0,"37":0,"38":0,"39":0,"40":0,"41":0,"42":0,"43":0,"44":0,"45":0,"46":0,"47":0,"48":0,"49":0,"50":0,"51":0,"52":0,"53":0,"54":0,"55":1,"56":1},"f":{"0":0,"1":0,"2":0,"3":0,"4":0,"5":0,"6":0,"7":0,"8":0,"9":0,"10":0,"11":0,"12":0},"b":{}}
,"/home/runner/work/back-end/back-end/src/infrastructure/external-services/ai-generate-image/comfyui/ComfyUIUtil.ts": {"path":"/home/runner/work/back-end/back-end/src/infrastructure/external-services/ai-generate-image/comfyui/ComfyUIUtil.ts","statementMap":{"0":{"start":{"line":3,"column":4},"end":{"line":7,"column":null}},"1":{"start":{"line":4,"column":6},"end":{"line":6,"column":null}},"2":{"start":{"line":5,"column":8},"end":{"line":5,"column":18}},"3":{"start":{"line":11,"column":29},"end":{"line":11,"column":79}},"4":{"start":{"line":12,"column":4},"end":{"line":12,"column":28}},"5":{"start":{"line":16,"column":20},"end":{"line":16,"column":41}},"6":{"start":{"line":17,"column":23},"end":{"line":17,"column":69}},"7":{"start":{"line":17,"column":54},"end":{"line":17,"column":67}},"8":{"start":{"line":18,"column":4},"end":{"line":18,"column":33}},"9":{"start":{"line":1,"column":0},"end":{"line":1,"column":13}}},"fnMap":{"0":{"name":"(anonymous_0)","decl":{"start":{"line":2,"column":9},"end":{"line":2,"column":15}},"loc":{"start":{"line":2,"column":58},"end":{"line":8,"column":3}}},"1":{"name":"(anonymous_1)","decl":{"start":{"line":10,"column":9},"end":{"line":10,"column":15}},"loc":{"start":{"line":10,"column":72},"end":{"line":13,"column":3}}},"2":{"name":"(anonymous_2)","decl":{"start":{"line":15,"column":9},"end":{"line":15,"column":15}},"loc":{"start":{"line":15,"column":52},"end":{"line":19,"column":3}}},"3":{"name":"(anonymous_3)","decl":{"start":{"line":17,"column":47},"end":{"line":17,"column":50}},"loc":{"start":{"line":17,"column":54},"end":{"line":17,"column":67}}}},"branchMap":{"0":{"loc":{"start":{"line":4,"column":6},"end":{"line":6,"column":null}},"type":"if","locations":[{"start":{"line":4,"column":6},"end":{"line":6,"column":null}}]}},"s":{"0":0,"1":0,"2":0,"3":0,"4":0,"5":0,"6":0,"7":0,"8":0,"9":1},"f":{"0":0,"1":0,"2":0,"3":0},"b":{"0":[0]}}
,"/home/runner/work/back-end/back-end/src/infrastructure/external-services/elasticsearch/ElasticsearchService.ts": {"path":"/home/runner/work/back-end/back-end/src/infrastructure/external-services/elasticsearch/ElasticsearchService.ts","statementMap":{"0":{"start":{"line":2,"column":0},"end":{"line":2,"column":54}},"1":{"start":{"line":4,"column":0},"end":{"line":4,"column":44}},"2":{"start":{"line":5,"column":0},"end":{"line":5,"column":61}},"3":{"start":{"line":7,"column":30},"end":{"line":7,"column":38}},"4":{"start":{"line":10,"column":7},"end":{"line":119,"column":null}},"5":{"start":{"line":11,"column":31},"end":{"line":11,"column":53}},"6":{"start":{"line":14,"column":22},"end":{"line":47,"column":6}},"7":{"start":{"line":49,"column":4},"end":{"line":49,"column":17}},"8":{"start":{"line":58,"column":23},"end":{"line":75,"column":6}},"9":{"start":{"line":77,"column":4},"end":{"line":79,"column":null}},"10":{"start":{"line":78,"column":6},"end":{"line":78,"column":32}},"11":{"start":{"line":81,"column":18},"end":{"line":92,"column":6}},"12":{"start":{"line":94,"column":36},"end":{"line":103,"column":6}},"13":{"start":{"line":105,"column":27},"end":{"line":115,"column":6}},"14":{"start":{"line":106,"column":46},"end":{"line":106,"column":52}},"15":{"start":{"line":107,"column":6},"end":{"line":114,"column":8}},"16":{"start":{"line":117,"column":4},"end":{"line":117,"column":60}},"17":{"start":{"line":10,"column":13},"end":{"line":10,"column":35}},"18":{"start":{"line":10,"column":13},"end":{"line":119,"column":null}}},"fnMap":{"0":{"name":"(anonymous_2)","decl":{"start":{"line":11,"column":2},"end":{"line":11,"column":31}},"loc":{"start":{"line":11,"column":73},"end":{"line":11,"column":77}}},"1":{"name":"(anonymous_3)","decl":{"start":{"line":13,"column":2},"end":{"line":13,"column":7}},"loc":{"start":{"line":13,"column":78},"end":{"line":50,"column":3}}},"2":{"name":"(anonymous_4)","decl":{"start":{"line":52,"column":2},"end":{"line":52,"column":7}},"loc":{"start":{"line":56,"column":33},"end":{"line":118,"column":3}}},"3":{"name":"(anonymous_5)","decl":{"start":{"line":105,"column":49},"end":{"line":105,"column":55}},"loc":{"start":{"line":105,"column":58},"end":{"line":115,"column":5}}}},"branchMap":{"0":{"loc":{"start":{"line":71,"column":19},"end":{"line":71,"column":33}},"type":"binary-expr","locations":[{"start":{"line":71,"column":19},"end":{"line":71,"column":27}},{"start":{"line":71,"column":31},"end":{"line":71,"column":33}}]},"1":{"loc":{"start":{"line":77,"column":4},"end":{"line":79,"column":null}},"type":"if","locations":[{"start":{"line":77,"column":4},"end":{"line":79,"column":null}}]}},"s":{"0":0,"1":0,"2":0,"3":0,"4":0,"5":0,"6":0,"7":0,"8":0,"9":0,"10":0,"11":0,"12":0,"13":0,"14":0,"15":0,"16":0,"17":0,"18":0},"f":{"0":0,"1":0,"2":0,"3":0},"b":{"0":[0,0],"1":[0]}}
,"/home/runner/work/back-end/back-end/src/infrastructure/external-services/image-storage/cloudinary/CloudinaryService.ts": {"path":"/home/runner/work/back-end/back-end/src/infrastructure/external-services/image-storage/cloudinary/CloudinaryService.ts","statementMap":{"0":{"start":{"line":1,"column":0},"end":{"line":1,"column":61}},"1":{"start":{"line":3,"column":0},"end":{"line":3,"column":68}},"2":{"start":{"line":4,"column":0},"end":{"line":4,"column":75}},"3":{"start":{"line":5,"column":0},"end":{"line":5,"column":52}},"4":{"start":{"line":6,"column":0},"end":{"line":6,"column":89}},"5":{"start":{"line":9,"column":30},"end":{"line":59,"column":null}},"6":{"start":{"line":12,"column":4},"end":{"line":16,"column":7}},"7":{"start":{"line":17,"column":4},"end":{"line":17,"column":53}},"8":{"start":{"line":21,"column":47},"end":{"line":21,"column":49}},"9":{"start":{"line":22,"column":4},"end":{"line":25,"column":null}},"10":{"start":{"line":23,"column":21},"end":{"line":23,"column":67}},"11":{"start":{"line":24,"column":6},"end":{"line":24,"column":33}},"12":{"start":{"line":27,"column":4},"end":{"line":27,"column":25}},"13":{"start":{"line":31,"column":4},"end":{"line":36,"column":null}},"14":{"start":{"line":32,"column":6},"end":{"line":32,"column":64}},"15":{"start":{"line":34,"column":6},"end":{"line":34,"column":59}},"16":{"start":{"line":35,"column":6},"end":{"line":35,"column":59}},"17":{"start":{"line":40,"column":4},"end":{"line":57,"column":null}},"18":{"start":{"line":41,"column":27},"end":{"line":48,"column":null}},"19":{"start":{"line":43,"column":10},"end":{"line":47,"column":31}},"20":{"start":{"line":45,"column":14},"end":{"line":45,"column":43}},"21":{"start":{"line":51,"column":6},"end":{"line":54,"column":8}},"22":{"start":{"line":56,"column":6},"end":{"line":56,"column":59}},"23":{"start":{"line":9,"column":13},"end":{"line":9,"column":30}},"24":{"start":{"line":9,"column":13},"end":{"line":59,"column":null}}},"fnMap":{"0":{"name":"(anonymous_2)","decl":{"start":{"line":11,"column":2},"end":{"line":11,"column":null}},"loc":{"start":{"line":11,"column":2},"end":{"line":18,"column":3}}},"1":{"name":"(anonymous_3)","decl":{"start":{"line":20,"column":2},"end":{"line":20,"column":7}},"loc":{"start":{"line":20,"column":47},"end":{"line":28,"column":3}}},"2":{"name":"(anonymous_4)","decl":{"start":{"line":30,"column":2},"end":{"line":30,"column":7}},"loc":{"start":{"line":30,"column":44},"end":{"line":37,"column":3}}},"3":{"name":"(anonymous_5)","decl":{"start":{"line":39,"column":9},"end":{"line":39,"column":14}},"loc":{"start":{"line":39,"column":57},"end":{"line":58,"column":3}}},"4":{"name":"(anonymous_6)","decl":{"start":{"line":42,"column":8},"end":{"line":42,"column":15}},"loc":{"start":{"line":42,"column":18},"end":{"line":48,"column":9}}},"5":{"name":"(anonymous_7)","decl":{"start":{"line":44,"column":27},"end":{"line":44,"column":28}},"loc":{"start":{"line":44,"column":52},"end":{"line":46,"column":13}}}},"branchMap":{},"s":{"0":0,"1":0,"2":0,"3":0,"4":0,"5":0,"6":0,"7":0,"8":0,"9":0,"10":0,"11":0,"12":0,"13":0,"14":0,"15":0,"16":0,"17":0,"18":0,"19":0,"20":0,"21":0,"22":0,"23":0,"24":0},"f":{"0":0,"1":0,"2":0,"3":0,"4":0,"5":0},"b":{}}
,"/home/runner/work/back-end/back-end/src/infrastructure/external-services/mail/MailService.ts": {"path":"/home/runner/work/back-end/back-end/src/infrastructure/external-services/mail/MailService.ts","statementMap":{"0":{"start":{"line":1,"column":0},"end":{"line":1,"column":61}},"1":{"start":{"line":2,"column":0},"end":{"line":2,"column":66}},"2":{"start":{"line":3,"column":0},"end":{"line":3,"column":55}},"3":{"start":{"line":4,"column":0},"end":{"line":4,"column":52}},"4":{"start":{"line":7,"column":24},"end":{"line":28,"column":null}},"5":{"start":{"line":9,"column":31},"end":{"line":9,"column":46}},"6":{"start":{"line":10,"column":4},"end":{"line":10,"column":47}},"7":{"start":{"line":14,"column":4},"end":{"line":26,"column":null}},"8":{"start":{"line":15,"column":6},"end":{"line":22,"column":9}},"9":{"start":{"line":24,"column":6},"end":{"line":24,"column":31}},"10":{"start":{"line":25,"column":6},"end":{"line":25,"column":54}},"11":{"start":{"line":7,"column":13},"end":{"line":7,"column":24}},"12":{"start":{"line":7,"column":13},"end":{"line":28,"column":null}}},"fnMap":{"0":{"name":"(anonymous_2)","decl":{"start":{"line":9,"column":2},"end":{"line":9,"column":31}},"loc":{"start":{"line":9,"column":59},"end":{"line":11,"column":3}}},"1":{"name":"(anonymous_3)","decl":{"start":{"line":13,"column":2},"end":{"line":13,"column":7}},"loc":{"start":{"line":13,"column":82},"end":{"line":27,"column":3}}}},"branchMap":{},"s":{"0":4,"1":4,"2":4,"3":4,"4":4,"5":1,"6":1,"7":2,"8":2,"9":1,"10":1,"11":4,"12":4},"f":{"0":1,"1":2},"b":{}}
}
