TN:
SF:src/core/common/logger/ApiLoggerService.ts
FN:9,(anonymous_0)
FNF:1
FNH:0
FNDA:0,(anonymous_0)
DA:1,0
DA:3,0
DA:5,0
DA:10,0
DA:17,0
DA:29,0
LF:6
LH:0
BRF:0
BRH:0
end_of_record
TN:
SF:src/core/common/repository/BaseRepository.ts
FN:8,(anonymous_4)
FNF:1
FNH:0
FNDA:0,(anonymous_4)
DA:1,5
DA:2,5
DA:7,5
DA:10,0
LF:4
LH:3
BRF:0
BRH:0
end_of_record
TN:
SF:src/core/common/util/DateUtil.ts
FN:8,(anonymous_0)
FN:12,(anonymous_1)
FN:16,(anonymous_2)
FN:20,(anonymous_3)
FNF:4
FNH:3
FNDA:4,(anonymous_0)
FNDA:2,(anonymous_1)
FNDA:1,(anonymous_2)
FNDA:0,(anonymous_3)
DA:1,3
DA:3,3
DA:4,3
DA:5,3
DA:7,3
DA:9,4
DA:13,2
DA:17,1
DA:21,0
DA:27,0
DA:30,0
DA:31,0
LF:12
LH:8
BRDA:8,0,0,4
BRDA:21,1,0,0
BRDA:22,2,0,0
BRDA:22,2,1,0
BRDA:22,2,2,0
BRDA:22,2,3,0
BRDA:30,3,0,0
BRF:7
BRH:1
end_of_record
TN:
SF:src/core/common/util/FileUtil.ts
FN:3,(anonymous_0)
FN:7,(anonymous_1)
FNF:2
FNH:0
FNDA:0,(anonymous_0)
FNDA:0,(anonymous_1)
DA:1,0
DA:2,0
DA:4,0
DA:8,0
LF:4
LH:0
BRF:0
BRH:0
end_of_record
TN:
SF:src/core/common/util/StringUtil.ts
FN:2,(anonymous_0)
FNF:1
FNH:1
FNDA:2,(anonymous_0)
DA:1,1
DA:3,2
LF:2
LH:2
BRF:0
BRH:0
end_of_record
TN:
SF:src/core/common/util/UrlUtil.ts
FN:7,(anonymous_0)
FN:13,(anonymous_1)
FNF:2
FNH:0
FNDA:0,(anonymous_0)
FNDA:0,(anonymous_1)
DA:1,1
DA:2,1
DA:3,1
DA:5,1
DA:8,0
DA:10,0
DA:14,0
DA:15,0
DA:17,0
DA:18,0
DA:20,0
DA:23,0
LF:12
LH:4
BRDA:17,0,0,0
BRDA:17,0,1,0
BRF:2
BRH:0
end_of_record
TN:
SF:src/core/common/util/converter/ConverterUtil.ts
FN:10,(anonymous_0)
FN:14,(anonymous_1)
FN:54,(anonymous_2)
FN:58,(anonymous_3)
FN:76,(anonymous_4)
FN:92,(anonymous_5)
FN:134,(anonymous_6)
FNF:7
FNH:0
FNDA:0,(anonymous_0)
FNDA:0,(anonymous_1)
FNDA:0,(anonymous_2)
FNDA:0,(anonymous_3)
FNDA:0,(anonymous_4)
FNDA:0,(anonymous_5)
FNDA:0,(anonymous_6)
DA:9,0
DA:14,0
DA:15,0
DA:16,0
DA:21,0
DA:23,0
DA:24,0
DA:30,0
DA:33,0
DA:51,0
DA:58,0
DA:60,0
DA:64,0
DA:67,0
DA:72,0
DA:75,0
DA:77,0
DA:79,0
DA:83,0
DA:88,0
DA:92,0
DA:93,0
DA:94,0
DA:99,0
DA:101,0
DA:102,0
DA:108,0
DA:111,0
DA:130,0
DA:135,0
DA:136,0
DA:137,0
DA:139,0
DA:140,0
DA:142,0
LF:35
LH:0
BRDA:21,0,0,0
BRDA:21,0,1,0
BRDA:47,1,0,0
BRDA:47,1,1,0
BRDA:48,2,0,0
BRDA:48,2,1,0
BRDA:60,3,0,0
BRDA:60,3,1,0
BRDA:64,4,0,0
BRDA:64,4,1,0
BRDA:99,5,0,0
BRDA:99,5,1,0
BRDA:123,6,0,0
BRDA:123,6,1,0
BRDA:125,7,0,0
BRDA:125,7,1,0
BRDA:135,8,0,0
BRDA:135,8,1,0
BRDA:136,9,0,0
BRDA:139,10,0,0
BRDA:139,11,0,0
BRDA:139,11,1,0
BRF:22
BRH:0
end_of_record
TN:
SF:src/core/common/util/jwt/JwtUtil.ts
FN:20,(anonymous_2)
FN:31,(anonymous_3)
FN:36,(anonymous_4)
FN:48,(anonymous_5)
FNF:4
FNH:1
FNDA:1,(anonymous_2)
FNDA:0,(anonymous_3)
FNDA:0,(anonymous_4)
FNDA:0,(anonymous_5)
DA:2,1
DA:3,1
DA:4,1
DA:5,1
DA:6,1
DA:20,1
DA:21,1
DA:22,1
DA:23,1
DA:24,1
DA:29,1
DA:30,0
DA:32,0
DA:33,0
DA:37,0
DA:49,0
DA:50,0
DA:54,0
DA:56,0
DA:57,0
LF:20
LH:11
BRDA:20,0,0,1
BRDA:20,0,1,1
BRDA:56,1,0,0
BRF:3
BRH:2
end_of_record
TN:
SF:src/core/module/album/AlbumRepository.ts
FN:7,(anonymous_0)
FN:13,(anonymous_1)
FN:15,(anonymous_2)
FN:19,(anonymous_3)
FN:23,(anonymous_4)
FN:25,(anonymous_5)
FN:29,(anonymous_6)
FNF:7
FNH:0
FNDA:0,(anonymous_0)
FNDA:0,(anonymous_1)
FNDA:0,(anonymous_2)
FNDA:0,(anonymous_3)
FNDA:0,(anonymous_4)
FNDA:0,(anonymous_5)
FNDA:0,(anonymous_6)
DA:1,0
DA:3,0
DA:4,0
DA:6,0
DA:8,0
DA:10,0
DA:14,0
DA:15,0
DA:20,0
DA:24,0
DA:25,0
DA:30,0
DA:31,0
DA:33,0
LF:14
LH:0
BRF:0
BRH:0
end_of_record
TN:
SF:src/core/module/album/AlbumService.ts
FN:14,(anonymous_4)
FN:20,(anonymous_5)
FN:33,(anonymous_6)
FN:39,(anonymous_7)
FN:45,(anonymous_8)
FN:56,(anonymous_9)
FN:66,(anonymous_10)
FN:77,(anonymous_11)
FN:84,(anonymous_12)
FN:17,(anonymous_13)
FNF:10
FNH:0
FNDA:0,(anonymous_4)
FNDA:0,(anonymous_5)
FNDA:0,(anonymous_6)
FNDA:0,(anonymous_7)
FNDA:0,(anonymous_8)
FNDA:0,(anonymous_9)
FNDA:0,(anonymous_10)
FNDA:0,(anonymous_11)
FNDA:0,(anonymous_12)
FNDA:0,(anonymous_13)
DA:1,0
DA:2,0
DA:4,0
DA:5,0
DA:6,0
DA:8,0
DA:9,0
DA:10,0
DA:13,0
DA:15,0
DA:16,0
DA:17,0
DA:18,0
DA:21,0
DA:25,0
DA:26,0
DA:28,0
DA:30,0
DA:34,0
DA:35,0
DA:40,0
DA:41,0
DA:46,0
DA:47,0
DA:49,0
DA:50,0
DA:52,0
DA:57,0
DA:58,0
DA:59,0
DA:60,0
DA:63,0
DA:67,0
DA:68,0
DA:69,0
DA:71,0
DA:72,0
DA:74,0
DA:78,0
DA:80,0
DA:82,0
DA:85,0
DA:86,0
DA:87,0
DA:88,0
DA:90,0
DA:94,0
DA:95,0
DA:98,0
LF:49
LH:0
BRDA:40,0,0,0
BRDA:46,1,0,0
BRDA:46,2,0,0
BRDA:46,2,1,0
BRDA:49,3,0,0
BRDA:68,4,0,0
BRDA:71,5,0,0
BRDA:84,6,0,0
BRDA:90,7,0,0
BRDA:90,7,1,0
BRF:10
BRH:0
end_of_record
TN:
SF:src/core/module/auth/AuthService.ts
FN:19,(anonymous_2)
FN:27,(anonymous_3)
FN:43,(anonymous_4)
FN:75,(anonymous_5)
FN:89,(anonymous_6)
FN:93,(anonymous_7)
FN:121,(anonymous_8)
FN:131,(anonymous_9)
FN:167,(anonymous_10)
FNF:9
FNH:9
FNDA:1,(anonymous_2)
FNDA:2,(anonymous_3)
FNDA:3,(anonymous_4)
FNDA:2,(anonymous_5)
FNDA:1,(anonymous_6)
FNDA:2,(anonymous_7)
FNDA:2,(anonymous_8)
FNDA:3,(anonymous_9)
FNDA:7,(anonymous_10)
DA:1,1
DA:2,1
DA:5,1
DA:6,1
DA:7,1
DA:8,1
DA:9,1
DA:10,1
DA:11,1
DA:12,1
DA:13,1
DA:14,1
DA:15,1
DA:18,1
DA:20,1
DA:21,1
DA:22,1
DA:23,1
DA:24,1
DA:28,2
DA:30,2
DA:31,1
DA:34,1
DA:35,1
DA:44,3
DA:46,3
DA:47,1
DA:50,2
DA:52,2
DA:54,2
DA:55,1
DA:58,1
DA:64,1
DA:70,1
DA:72,1
DA:76,2
DA:78,2
DA:79,1
DA:82,1
DA:83,1
DA:90,1
DA:94,2
DA:96,2
DA:97,1
DA:100,1
DA:102,1
DA:109,1
DA:122,2
DA:124,2
DA:125,1
DA:128,1
DA:132,3
DA:134,3
DA:135,1
DA:138,2
DA:140,2
DA:141,1
DA:144,1
DA:146,1
DA:152,1
DA:158,1
DA:164,1
DA:168,7
DA:170,7
DA:171,5
DA:174,2
DA:175,2
DA:176,1
DA:177,1
DA:179,1
LF:70
LH:70
BRDA:30,0,0,1
BRDA:46,1,0,1
BRDA:54,2,0,1
BRDA:78,3,0,1
BRDA:96,4,0,1
BRDA:124,5,0,1
BRDA:134,6,0,1
BRDA:140,7,0,1
BRDA:170,8,0,5
BRDA:175,9,0,1
BRDA:175,9,1,1
BRF:11
BRH:11
end_of_record
TN:
SF:src/core/module/dashboard-image/DashboardImageRepository.ts
FN:12,(anonymous_1)
FN:41,(anonymous_2)
FN:75,(anonymous_3)
FN:106,(anonymous_4)
FN:139,(anonymous_5)
FN:159,(anonymous_6)
FN:192,(anonymous_7)
FN:198,(anonymous_8)
FNF:8
FNH:0
FNDA:0,(anonymous_1)
FNDA:0,(anonymous_2)
FNDA:0,(anonymous_3)
FNDA:0,(anonymous_4)
FNDA:0,(anonymous_5)
FNDA:0,(anonymous_6)
FNDA:0,(anonymous_7)
FNDA:0,(anonymous_8)
DA:1,0
DA:2,0
DA:3,0
DA:4,0
DA:5,0
DA:8,0
DA:11,0
DA:18,0
DA:37,0
DA:38,0
DA:48,0
DA:72,0
DA:80,0
DA:103,0
DA:110,0
DA:136,0
DA:140,0
DA:155,0
DA:156,0
DA:163,0
DA:189,0
DA:197,0
DA:199,0
LF:23
LH:0
BRDA:29,0,0,0
BRDA:29,0,1,0
BRDA:30,1,0,0
BRDA:30,1,1,0
BRDA:33,2,0,0
BRDA:33,2,1,0
BRDA:38,3,0,0
BRDA:38,3,1,0
BRDA:61,4,0,0
BRDA:61,4,1,0
BRDA:62,5,0,0
BRDA:62,5,1,0
BRDA:65,6,0,0
BRDA:65,6,1,0
BRDA:93,7,0,0
BRDA:93,7,1,0
BRDA:94,8,0,0
BRDA:94,8,1,0
BRDA:95,9,0,0
BRDA:95,9,1,0
BRDA:126,10,0,0
BRDA:126,10,1,0
BRDA:127,11,0,0
BRDA:127,11,1,0
BRDA:128,12,0,0
BRDA:128,12,1,0
BRDA:148,13,0,0
BRDA:148,13,1,0
BRDA:149,14,0,0
BRDA:149,14,1,0
BRDA:150,15,0,0
BRDA:150,15,1,0
BRDA:156,16,0,0
BRDA:156,16,1,0
BRDA:179,17,0,0
BRDA:179,17,1,0
BRDA:180,18,0,0
BRDA:180,18,1,0
BRDA:181,19,0,0
BRDA:181,19,1,0
BRDA:195,20,0,0
BRF:41
BRH:0
end_of_record
TN:
SF:src/core/module/dashboard-image/DashboardImageService.ts
FN:13,(anonymous_2)
FN:17,(anonymous_3)
FN:35,(anonymous_4)
FN:71,(anonymous_5)
FN:93,(anonymous_6)
FN:110,(anonymous_7)
FN:128,(anonymous_8)
FNF:7
FNH:0
FNDA:0,(anonymous_2)
FNDA:0,(anonymous_3)
FNDA:0,(anonymous_4)
FNDA:0,(anonymous_5)
FNDA:0,(anonymous_6)
FNDA:0,(anonymous_7)
FNDA:0,(anonymous_8)
DA:1,0
DA:2,0
DA:3,0
DA:4,0
DA:5,0
DA:6,0
DA:12,0
DA:14,0
DA:15,0
DA:23,0
DA:25,0
DA:27,0
DA:29,0
DA:31,0
DA:41,0
DA:42,0
DA:43,0
DA:44,0
DA:46,0
DA:53,0
DA:61,0
DA:63,0
DA:76,0
DA:77,0
DA:83,0
DA:85,0
DA:98,0
DA:99,0
DA:101,0
DA:103,0
DA:115,0
DA:116,0
DA:118,0
DA:120,0
DA:132,0
DA:133,0
DA:134,0
DA:135,0
DA:137,0
DA:140,0
LF:40
LH:0
BRDA:23,0,0,0
BRDA:23,0,1,0
BRDA:23,0,2,0
BRDA:23,0,3,0
BRF:4
BRH:0
end_of_record
TN:
SF:src/core/module/generate-image/GenerateImageService.ts
FN:12,(anonymous_2)
FN:18,(anonymous_3)
FN:32,(anonymous_4)
FN:36,(anonymous_5)
FN:49,(anonymous_6)
FN:53,(anonymous_7)
FN:57,(anonymous_8)
FN:79,(anonymous_9)
FN:83,(anonymous_10)
FNF:9
FNH:0
FNDA:0,(anonymous_2)
FNDA:0,(anonymous_3)
FNDA:0,(anonymous_4)
FNDA:0,(anonymous_5)
FNDA:0,(anonymous_6)
FNDA:0,(anonymous_7)
FNDA:0,(anonymous_8)
FNDA:0,(anonymous_9)
FNDA:0,(anonymous_10)
DA:1,0
DA:2,0
DA:4,0
DA:5,0
DA:6,0
DA:7,0
DA:11,0
DA:13,0
DA:14,0
DA:15,0
DA:19,0
DA:20,0
DA:25,0
DA:32,0
DA:33,0
DA:37,0
DA:38,0
DA:42,0
DA:49,0
DA:50,0
DA:54,0
DA:62,0
DA:68,0
DA:72,0
DA:79,0
DA:80,0
DA:84,0
LF:27
LH:0
BRF:0
BRH:0
end_of_record
TN:
SF:src/core/module/generate-tag/GenerateTagService.ts
FN:9,(anonymous_2)
FN:11,(anonymous_3)
FNF:2
FNH:0
FNDA:0,(anonymous_2)
FNDA:0,(anonymous_3)
DA:1,0
DA:2,0
DA:3,0
DA:4,0
DA:5,0
DA:8,0
DA:9,0
DA:12,0
DA:13,0
DA:15,0
DA:20,0
LF:11
LH:0
BRDA:12,0,0,0
BRF:1
BRH:0
end_of_record
TN:
SF:src/core/module/generation/GenerationRepository.ts
FN:8,(anonymous_0)
FN:18,(anonymous_1)
FN:24,(anonymous_2)
FN:40,(anonymous_3)
FN:49,(anonymous_4)
FN:58,(anonymous_5)
FN:62,(anonymous_6)
FNF:7
FNH:0
FNDA:0,(anonymous_0)
FNDA:0,(anonymous_1)
FNDA:0,(anonymous_2)
FNDA:0,(anonymous_3)
FNDA:0,(anonymous_4)
FNDA:0,(anonymous_5)
FNDA:0,(anonymous_6)
DA:2,2
DA:3,2
DA:5,2
DA:7,2
DA:9,0
DA:15,0
DA:19,0
DA:29,0
DA:37,0
DA:41,0
DA:50,0
DA:59,0
DA:63,0
LF:13
LH:4
BRDA:27,0,0,0
BRF:1
BRH:0
end_of_record
TN:
SF:src/core/module/generation/GenerationService.ts
FN:23,(anonymous_2)
FN:30,(anonymous_3)
FN:33,(anonymous_4)
FN:38,(anonymous_5)
FN:51,(anonymous_6)
FN:69,(anonymous_7)
FN:102,(anonymous_8)
FN:130,(anonymous_9)
FN:148,(anonymous_10)
FNF:9
FNH:9
FNDA:1,(anonymous_2)
FNDA:1,(anonymous_3)
FNDA:5,(anonymous_4)
FNDA:2,(anonymous_5)
FNDA:2,(anonymous_6)
FNDA:2,(anonymous_7)
FNDA:4,(anonymous_8)
FNDA:1,(anonymous_9)
FNDA:1,(anonymous_10)
DA:1,2
DA:2,2
DA:4,2
DA:5,2
DA:6,2
DA:7,2
DA:8,2
DA:9,2
DA:10,2
DA:11,2
DA:14,2
DA:15,2
DA:16,2
DA:17,2
DA:18,2
DA:19,2
DA:22,2
DA:24,1
DA:25,1
DA:26,1
DA:27,1
DA:31,1
DA:33,1
DA:34,5
DA:42,2
DA:44,2
DA:45,1
DA:48,1
DA:52,2
DA:54,2
DA:55,1
DA:58,1
DA:59,1
DA:64,1
DA:66,1
DA:70,2
DA:72,2
DA:73,1
DA:76,1
DA:78,1
DA:79,1
DA:87,1
DA:99,1
DA:106,4
DA:107,4
DA:108,1
DA:111,3
DA:116,1
DA:119,2
DA:120,2
DA:122,2
DA:123,2
DA:125,2
DA:126,1
DA:131,1
DA:145,1
DA:150,1
DA:154,1
DA:163,1
LF:59
LH:59
BRDA:44,0,0,1
BRDA:54,1,0,1
BRDA:69,2,0,2
BRDA:72,3,0,1
BRDA:78,4,0,1
BRDA:107,5,0,1
BRDA:111,6,0,1
BRDA:112,7,0,3
BRDA:112,7,1,2
BRDA:112,7,2,2
BRDA:125,8,0,1
BRDA:139,9,0,0
BRDA:139,9,1,1
BRDA:150,10,0,0
BRDA:150,10,1,1
BRDA:160,11,0,0
BRDA:160,11,1,1
BRF:17
BRH:14
end_of_record
TN:
SF:src/core/module/image/ImageRepository.ts
FN:9,(anonymous_0)
FN:15,(anonymous_1)
FN:17,(anonymous_2)
FN:21,(anonymous_3)
FN:25,(anonymous_4)
FN:32,(anonymous_5)
FN:37,(anonymous_6)
FN:42,(anonymous_7)
FN:44,(anonymous_8)
FN:50,(anonymous_9)
FN:57,(anonymous_10)
FN:66,(anonymous_11)
FN:72,(anonymous_12)
FN:89,(anonymous_13)
FN:103,(anonymous_14)
FN:112,(anonymous_15)
FN:116,(anonymous_16)
FN:122,(anonymous_17)
FN:129,(anonymous_18)
FNF:19
FNH:0
FNDA:0,(anonymous_0)
FNDA:0,(anonymous_1)
FNDA:0,(anonymous_2)
FNDA:0,(anonymous_3)
FNDA:0,(anonymous_4)
FNDA:0,(anonymous_5)
FNDA:0,(anonymous_6)
FNDA:0,(anonymous_7)
FNDA:0,(anonymous_8)
FNDA:0,(anonymous_9)
FNDA:0,(anonymous_10)
FNDA:0,(anonymous_11)
FNDA:0,(anonymous_12)
FNDA:0,(anonymous_13)
FNDA:0,(anonymous_14)
FNDA:0,(anonymous_15)
FNDA:0,(anonymous_16)
FNDA:0,(anonymous_17)
FNDA:0,(anonymous_18)
DA:1,1
DA:3,1
DA:4,1
DA:5,1
DA:8,1
DA:10,0
DA:12,0
DA:16,0
DA:17,0
DA:22,0
DA:30,0
DA:31,0
DA:32,0
DA:36,0
DA:38,0
DA:43,0
DA:45,0
DA:51,0
DA:58,0
DA:63,0
DA:67,0
DA:69,0
DA:73,0
DA:90,0
DA:100,0
DA:104,0
DA:109,0
DA:113,0
DA:121,0
DA:123,0
DA:130,0
DA:148,0
LF:32
LH:5
BRDA:27,0,0,0
BRDA:28,1,0,0
BRDA:30,2,0,0
BRDA:137,3,0,0
BRDA:137,3,1,0
BRDA:138,4,0,0
BRDA:138,4,1,0
BRDA:139,5,0,0
BRDA:139,5,1,0
BRDA:148,6,0,0
BRDA:148,6,1,0
BRF:11
BRH:0
end_of_record
TN:
SF:src/core/module/image/ImageService.ts
FN:24,(anonymous_4)
FN:31,(anonymous_5)
FN:61,(anonymous_6)
FN:67,(anonymous_7)
FN:78,(anonymous_8)
FN:81,(anonymous_9)
FN:91,(anonymous_10)
FN:118,(anonymous_11)
FN:141,(anonymous_12)
FN:169,(anonymous_13)
FN:192,(anonymous_14)
FN:217,(anonymous_15)
FN:243,(anonymous_16)
FN:248,(anonymous_17)
FN:264,(anonymous_18)
FN:269,(anonymous_19)
FN:329,(anonymous_20)
FN:360,(anonymous_21)
FN:369,(anonymous_22)
FN:376,(anonymous_23)
FN:390,(anonymous_24)
FN:410,(anonymous_25)
FN:415,(anonymous_26)
FNF:23
FNH:7
FNDA:1,(anonymous_4)
FNDA:3,(anonymous_5)
FNDA:1,(anonymous_6)
FNDA:2,(anonymous_7)
FNDA:2,(anonymous_8)
FNDA:2,(anonymous_9)
FNDA:2,(anonymous_10)
FNDA:0,(anonymous_11)
FNDA:0,(anonymous_12)
FNDA:0,(anonymous_13)
FNDA:0,(anonymous_14)
FNDA:0,(anonymous_15)
FNDA:0,(anonymous_16)
FNDA:0,(anonymous_17)
FNDA:0,(anonymous_18)
FNDA:0,(anonymous_19)
FNDA:0,(anonymous_20)
FNDA:0,(anonymous_21)
FNDA:0,(anonymous_22)
FNDA:0,(anonymous_23)
FNDA:0,(anonymous_24)
FNDA:0,(anonymous_25)
FNDA:0,(anonymous_26)
DA:1,1
DA:2,1
DA:3,1
DA:4,1
DA:6,1
DA:8,1
DA:9,1
DA:10,1
DA:13,1
DA:14,1
DA:15,1
DA:16,1
DA:23,1
DA:25,1
DA:26,1
DA:27,1
DA:28,1
DA:35,3
DA:36,1
DA:39,2
DA:40,2
DA:44,2
DA:45,2
DA:46,3
DA:52,2
DA:55,1
DA:57,1
DA:62,1
DA:63,3
DA:68,2
DA:70,2
DA:71,1
DA:74,1
DA:75,1
DA:79,2
DA:80,2
DA:81,1
DA:82,2
DA:85,1
DA:87,1
DA:92,2
DA:98,2
DA:99,1
DA:105,1
DA:108,1
DA:114,1
DA:124,0
DA:126,0
DA:127,0
DA:135,0
DA:138,0
DA:148,0
DA:150,0
DA:161,0
DA:163,0
DA:165,0
DA:175,0
DA:177,0
DA:178,0
DA:186,0
DA:189,0
DA:199,0
DA:201,0
DA:210,0
DA:212,0
DA:214,0
DA:218,0
DA:223,0
DA:228,0
DA:230,0
DA:231,0
DA:235,0
DA:239,0
DA:240,0
DA:243,0
DA:245,0
DA:252,0
DA:254,0
DA:255,0
DA:258,0
DA:264,0
DA:266,0
DA:274,0
DA:276,0
DA:277,0
DA:280,0
DA:281,0
DA:284,0
DA:286,0
DA:287,0
DA:289,0
DA:292,0
DA:293,0
DA:295,0
DA:297,0
DA:300,0
DA:303,0
DA:305,0
DA:309,0
DA:311,0
DA:315,0
DA:317,0
DA:320,0
DA:326,0
DA:334,0
DA:338,0
DA:340,0
DA:344,0
DA:346,0
DA:350,0
DA:352,0
DA:355,0
DA:357,0
DA:363,0
DA:368,0
DA:369,0
DA:370,0
DA:372,0
DA:373,0
DA:377,0
DA:379,0
DA:380,0
DA:383,0
DA:384,0
DA:387,0
DA:391,0
DA:393,0
DA:394,0
DA:397,0
DA:398,0
DA:401,0
DA:403,0
DA:404,0
DA:406,0
DA:414,0
DA:415,0
DA:416,0
DA:418,0
DA:420,0
LF:139
LH:46
BRDA:35,0,0,1
BRDA:70,1,0,1
BRDA:98,2,0,1
BRDA:231,3,0,0
BRDA:232,4,0,0
BRDA:232,4,1,0
BRDA:254,5,0,0
BRDA:276,6,0,0
BRDA:280,7,0,0
BRDA:280,8,0,0
BRDA:280,8,1,0
BRDA:284,9,0,0
BRDA:284,9,1,0
BRDA:284,9,2,0
BRDA:286,10,0,0
BRDA:292,11,0,0
BRDA:303,12,0,0
BRDA:303,12,1,0
BRDA:303,12,2,0
BRDA:338,13,0,0
BRDA:338,13,1,0
BRDA:338,13,2,0
BRDA:379,14,0,0
BRDA:383,15,0,0
BRDA:393,16,0,0
BRDA:397,17,0,0
BRF:26
BRH:3
end_of_record
TN:
SF:src/core/module/image-statistics/ImageStatisticsService.ts
FN:11,(anonymous_2)
FN:13,(anonymous_3)
FNF:2
FNH:0
FNDA:0,(anonymous_2)
FNDA:0,(anonymous_3)
DA:1,0
DA:2,0
DA:6,0
DA:7,0
DA:10,0
DA:11,0
DA:14,0
DA:19,0
DA:20,0
DA:22,0
DA:23,0
DA:28,0
DA:33,0
DA:36,0
LF:14
LH:0
BRF:0
BRH:0
end_of_record
TN:
SF:src/core/module/images-album/ImageAlbumRepository.ts
FN:7,(anonymous_0)
FN:13,(anonymous_1)
FN:27,(anonymous_2)
FN:33,(anonymous_3)
FN:42,(anonymous_4)
FNF:5
FNH:0
FNDA:0,(anonymous_0)
FNDA:0,(anonymous_1)
FNDA:0,(anonymous_2)
FNDA:0,(anonymous_3)
FNDA:0,(anonymous_4)
DA:1,0
DA:2,0
DA:3,0
DA:6,0
DA:8,0
DA:14,0
DA:24,0
DA:28,0
DA:34,0
DA:39,0
DA:43,0
DA:53,0
LF:12
LH:0
BRF:0
BRH:0
end_of_record
TN:
SF:src/core/module/images-album/ImageAlbumService.ts
FN:12,(anonymous_4)
FN:18,(anonymous_5)
FN:35,(anonymous_6)
FN:41,(anonymous_7)
FN:52,(anonymous_8)
FN:59,(anonymous_9)
FN:65,(anonymous_10)
FN:68,(anonymous_11)
FN:14,(anonymous_12)
FNF:9
FNH:0
FNDA:0,(anonymous_4)
FNDA:0,(anonymous_5)
FNDA:0,(anonymous_6)
FNDA:0,(anonymous_7)
FNDA:0,(anonymous_8)
FNDA:0,(anonymous_9)
FNDA:0,(anonymous_10)
FNDA:0,(anonymous_11)
FNDA:0,(anonymous_12)
DA:1,0
DA:2,0
DA:5,0
DA:6,0
DA:7,0
DA:8,0
DA:11,0
DA:13,0
DA:14,0
DA:15,0
DA:23,0
DA:24,0
DA:25,0
DA:26,0
DA:28,0
DA:29,0
DA:31,0
DA:34,0
DA:35,0
DA:36,0
DA:38,0
DA:46,0
DA:47,0
DA:48,0
DA:56,0
DA:57,0
DA:59,0
DA:60,0
DA:62,0
DA:66,0
DA:68,0
DA:69,0
DA:71,0
LF:33
LH:0
BRDA:25,0,0,0
BRF:1
BRH:0
end_of_record
TN:
SF:src/core/module/images-interaction/ImageInteractionRepository.ts
FN:8,(anonymous_0)
FN:22,(anonymous_1)
FN:34,(anonymous_2)
FNF:3
FNH:0
FNDA:0,(anonymous_0)
FNDA:0,(anonymous_1)
FNDA:0,(anonymous_2)
DA:2,1
DA:3,1
DA:5,1
DA:7,1
DA:13,0
DA:15,0
DA:23,0
DA:39,0
LF:8
LH:4
BRF:0
BRH:0
end_of_record
TN:
SF:src/core/module/images-interaction/ImageInteractionService.ts
FN:6,(anonymous_2)
FNF:1
FNH:0
FNDA:0,(anonymous_2)
DA:1,0
DA:2,0
DA:5,0
DA:6,0
LF:4
LH:0
BRF:0
BRH:0
end_of_record
TN:
SF:src/core/module/log-monitoring/LogMonitoringService.ts
FN:8,(anonymous_2)
FN:10,(anonymous_3)
FNF:2
FNH:0
FNDA:0,(anonymous_2)
FNDA:0,(anonymous_3)
DA:1,0
DA:2,0
DA:7,0
DA:8,0
DA:16,0
DA:23,0
LF:6
LH:0
BRF:0
BRH:0
end_of_record
TN:
SF:src/core/module/notifications/NotificationRepository.ts
FN:8,(anonymous_0)
FN:28,(anonymous_1)
FN:37,(anonymous_2)
FN:60,(anonymous_3)
FN:69,(anonymous_4)
FN:78,(anonymous_5)
FN:82,(anonymous_6)
FNF:7
FNH:0
FNDA:0,(anonymous_0)
FNDA:0,(anonymous_1)
FNDA:0,(anonymous_2)
FNDA:0,(anonymous_3)
FNDA:0,(anonymous_4)
FNDA:0,(anonymous_5)
FNDA:0,(anonymous_6)
DA:2,3
DA:3,3
DA:4,3
DA:7,3
DA:16,0
DA:25,0
DA:29,0
DA:42,0
DA:43,0
DA:52,0
DA:61,0
DA:70,0
DA:79,0
DA:83,0
LF:14
LH:4
BRDA:14,0,0,0
BRDA:39,1,0,0
BRDA:40,2,0,0
BRDA:42,3,0,0
BRF:4
BRH:0
end_of_record
TN:
SF:src/core/module/notifications/NotificationService.ts
FN:11,(anonymous_2)
FN:13,(anonymous_3)
FN:22,(anonymous_4)
FN:27,(anonymous_5)
FN:41,(anonymous_6)
FNF:5
FNH:5
FNDA:1,(anonymous_2)
FNDA:1,(anonymous_3)
FNDA:5,(anonymous_4)
FNDA:3,(anonymous_5)
FNDA:1,(anonymous_6)
DA:1,1
DA:2,1
DA:4,1
DA:6,1
DA:7,1
DA:10,1
DA:11,1
DA:17,1
DA:22,1
DA:23,5
DA:28,3
DA:30,3
DA:31,1
DA:34,2
DA:35,1
DA:38,1
DA:42,1
LF:17
LH:17
BRDA:19,0,0,1
BRDA:19,0,1,1
BRDA:30,1,0,1
BRDA:34,2,0,1
BRF:4
BRH:4
end_of_record
TN:
SF:src/core/module/user/UserRepository.ts
FN:10,(anonymous_0)
FN:22,(anonymous_1)
FN:24,(anonymous_2)
FN:28,(anonymous_3)
FN:30,(anonymous_4)
FN:34,(anonymous_5)
FN:51,(anonymous_6)
FN:63,(anonymous_7)
FN:72,(anonymous_8)
FN:88,(anonymous_9)
FN:98,(anonymous_10)
FN:108,(anonymous_11)
FN:124,(anonymous_12)
FNF:13
FNH:0
FNDA:0,(anonymous_0)
FNDA:0,(anonymous_1)
FNDA:0,(anonymous_2)
FNDA:0,(anonymous_3)
FNDA:0,(anonymous_4)
FNDA:0,(anonymous_5)
FNDA:0,(anonymous_6)
FNDA:0,(anonymous_7)
FNDA:0,(anonymous_8)
FNDA:0,(anonymous_9)
FNDA:0,(anonymous_10)
FNDA:0,(anonymous_11)
FNDA:0,(anonymous_12)
DA:1,4
DA:2,4
DA:4,4
DA:9,4
DA:17,0
DA:19,0
DA:23,0
DA:24,0
DA:29,0
DA:30,0
DA:39,0
DA:48,0
DA:52,0
DA:60,0
DA:64,0
DA:73,0
DA:89,0
DA:99,0
DA:109,0
DA:117,0
DA:118,0
DA:121,0
DA:125,0
DA:134,0
LF:24
LH:4
BRDA:36,0,0,0
BRDA:37,1,0,0
BRDA:117,2,0,0
BRF:3
BRH:0
end_of_record
TN:
SF:src/core/module/user/UserService.ts
FN:14,(anonymous_4)
FN:19,(anonymous_5)
FN:29,(anonymous_6)
FN:35,(anonymous_7)
FN:44,(anonymous_8)
FN:52,(anonymous_9)
FN:59,(anonymous_10)
FN:72,(anonymous_11)
FN:85,(anonymous_12)
FNF:9
FNH:8
FNDA:1,(anonymous_4)
FNDA:3,(anonymous_5)
FNDA:2,(anonymous_6)
FNDA:1,(anonymous_7)
FNDA:2,(anonymous_8)
FNDA:1,(anonymous_9)
FNDA:2,(anonymous_10)
FNDA:2,(anonymous_11)
FNDA:0,(anonymous_12)
DA:1,1
DA:2,1
DA:3,1
DA:4,1
DA:5,1
DA:7,1
DA:13,1
DA:15,1
DA:16,1
DA:20,3
DA:22,3
DA:23,1
DA:26,2
DA:30,2
DA:32,1
DA:39,1
DA:41,1
DA:42,1
DA:44,1
DA:45,2
DA:48,1
DA:49,1
DA:53,1
DA:54,1
DA:55,1
DA:56,1
DA:60,2
DA:62,2
DA:64,2
DA:65,2
DA:66,1
DA:68,1
DA:73,2
DA:75,2
DA:77,2
DA:78,2
DA:79,1
DA:81,1
DA:86,0
DA:88,0
LF:40
LH:38
BRDA:22,0,0,1
BRF:1
BRH:1
end_of_record
TN:
SF:src/core/module/user-management/UserManagementService.ts
FN:23,(anonymous_2)
FN:30,(anonymous_3)
FN:63,(anonymous_4)
FN:87,(anonymous_5)
FN:93,(anonymous_6)
FN:114,(anonymous_7)
FN:136,(anonymous_8)
FNF:7
FNH:0
FNDA:0,(anonymous_2)
FNDA:0,(anonymous_3)
FNDA:0,(anonymous_4)
FNDA:0,(anonymous_5)
FNDA:0,(anonymous_6)
FNDA:0,(anonymous_7)
FNDA:0,(anonymous_8)
DA:1,0
DA:2,0
DA:3,0
DA:6,0
DA:7,0
DA:8,0
DA:9,0
DA:10,0
DA:11,0
DA:12,0
DA:14,0
DA:15,0
DA:16,0
DA:18,0
DA:19,0
DA:22,0
DA:24,0
DA:25,0
DA:26,0
DA:27,0
DA:31,0
DA:33,0
DA:34,0
DA:37,0
DA:39,0
DA:40,0
DA:43,0
DA:50,0
DA:60,0
DA:64,0
DA:66,0
DA:67,0
DA:70,0
DA:71,0
DA:72,0
DA:75,0
DA:84,0
DA:90,0
DA:91,0
DA:93,0
DA:94,0
DA:95,0
DA:100,0
DA:106,0
DA:118,0
DA:119,0
DA:121,0
DA:122,0
DA:125,0
DA:130,0
DA:133,0
DA:142,0
DA:143,0
DA:145,0
DA:146,0
DA:152,0
DA:157,0
DA:160,0
LF:58
LH:0
BRDA:33,0,0,0
BRDA:39,1,0,0
BRDA:66,2,0,0
BRDA:71,3,0,0
BRDA:94,4,0,0
BRDA:107,5,0,0
BRDA:107,5,1,0
BRDA:108,6,0,0
BRDA:108,6,1,0
BRF:9
BRH:0
end_of_record
TN:
SF:src/core/module/user-management/repositories/LockedUserRepository.ts
FN:12,(anonymous_0)
FN:14,(anonymous_1)
FN:18,(anonymous_2)
FN:48,(anonymous_3)
FN:52,(anonymous_4)
FNF:5
FNH:0
FNDA:0,(anonymous_0)
FNDA:0,(anonymous_1)
FNDA:0,(anonymous_2)
FNDA:0,(anonymous_3)
FNDA:0,(anonymous_4)
DA:1,1
DA:3,1
DA:4,1
DA:5,1
DA:7,1
DA:8,1
DA:9,1
DA:11,1
DA:13,0
DA:14,0
DA:24,0
DA:26,0
DA:30,0
DA:32,0
DA:33,0
DA:34,0
DA:40,0
DA:42,0
DA:45,0
DA:49,0
DA:58,0
DA:60,0
DA:67,0
DA:69,0
DA:70,0
DA:71,0
DA:79,0
DA:81,0
DA:84,0
LF:29
LH:8
BRDA:20,0,0,0
BRDA:24,1,0,0
BRDA:24,1,1,0
BRDA:24,1,2,0
BRDA:54,2,0,0
BRDA:58,3,0,0
BRDA:58,3,1,0
BRDA:58,3,2,0
BRF:8
BRH:0
end_of_record
TN:
SF:src/infrastructure/external-services/ai-generate-image/comfyui/ComfyUIService.ts
FN:21,(anonymous_2)
FN:31,(anonymous_3)
FN:40,(anonymous_4)
FN:49,(anonymous_5)
FN:61,(anonymous_6)
FN:74,(anonymous_7)
FN:77,(anonymous_8)
FN:83,(anonymous_9)
FN:89,(anonymous_10)
FN:107,(anonymous_11)
FN:124,(anonymous_12)
FN:127,(anonymous_13)
FN:133,(anonymous_14)
FNF:13
FNH:0
FNDA:0,(anonymous_2)
FNDA:0,(anonymous_3)
FNDA:0,(anonymous_4)
FNDA:0,(anonymous_5)
FNDA:0,(anonymous_6)
FNDA:0,(anonymous_7)
FNDA:0,(anonymous_8)
FNDA:0,(anonymous_9)
FNDA:0,(anonymous_10)
FNDA:0,(anonymous_11)
FNDA:0,(anonymous_12)
FNDA:0,(anonymous_13)
FNDA:0,(anonymous_14)
DA:3,1
DA:4,1
DA:5,1
DA:6,1
DA:7,1
DA:8,1
DA:9,1
DA:13,1
DA:16,1
DA:22,0
DA:23,0
DA:24,0
DA:25,0
DA:26,0
DA:28,0
DA:32,0
DA:33,0
DA:34,0
DA:35,0
DA:37,0
DA:41,0
DA:42,0
DA:43,0
DA:44,0
DA:46,0
DA:50,0
DA:54,0
DA:55,0
DA:56,0
DA:58,0
DA:62,0
DA:66,0
DA:67,0
DA:68,0
DA:69,0
DA:71,0
DA:75,0
DA:78,0
DA:86,0
DA:93,0
DA:97,0
DA:101,0
DA:102,0
DA:104,0
DA:110,0
DA:114,0
DA:118,0
DA:119,0
DA:121,0
DA:125,0
DA:128,0
DA:134,0
DA:135,0
DA:138,0
DA:139,0
DA:141,0
DA:142,0
LF:57
LH:9
BRF:0
BRH:0
end_of_record
TN:
SF:src/infrastructure/external-services/ai-generate-image/comfyui/ComfyUIUtil.ts
FN:2,(anonymous_0)
FN:10,(anonymous_1)
FN:15,(anonymous_2)
FN:17,(anonymous_3)
FNF:4
FNH:0
FNDA:0,(anonymous_0)
FNDA:0,(anonymous_1)
FNDA:0,(anonymous_2)
FNDA:0,(anonymous_3)
DA:1,1
DA:3,0
DA:4,0
DA:5,0
DA:11,0
DA:12,0
DA:16,0
DA:17,0
DA:18,0
LF:9
LH:1
BRDA:4,0,0,0
BRF:1
BRH:0
end_of_record
TN:
SF:src/infrastructure/external-services/elasticsearch/ElasticsearchService.ts
FN:11,(anonymous_2)
FN:13,(anonymous_3)
FN:52,(anonymous_4)
FN:105,(anonymous_5)
FNF:4
FNH:0
FNDA:0,(anonymous_2)
FNDA:0,(anonymous_3)
FNDA:0,(anonymous_4)
FNDA:0,(anonymous_5)
DA:2,0
DA:4,0
DA:5,0
DA:7,0
DA:10,0
DA:11,0
DA:14,0
DA:49,0
DA:58,0
DA:77,0
DA:78,0
DA:81,0
DA:94,0
DA:105,0
DA:106,0
DA:107,0
DA:117,0
LF:17
LH:0
BRDA:71,0,0,0
BRDA:71,0,1,0
BRDA:77,1,0,0
BRF:3
BRH:0
end_of_record
TN:
SF:src/infrastructure/external-services/image-storage/cloudinary/CloudinaryService.ts
FN:11,(anonymous_2)
FN:20,(anonymous_3)
FN:30,(anonymous_4)
FN:39,(anonymous_5)
FN:42,(anonymous_6)
FN:44,(anonymous_7)
FNF:6
FNH:0
FNDA:0,(anonymous_2)
FNDA:0,(anonymous_3)
FNDA:0,(anonymous_4)
FNDA:0,(anonymous_5)
FNDA:0,(anonymous_6)
FNDA:0,(anonymous_7)
DA:1,0
DA:3,0
DA:4,0
DA:5,0
DA:6,0
DA:9,0
DA:12,0
DA:17,0
DA:21,0
DA:22,0
DA:23,0
DA:24,0
DA:27,0
DA:31,0
DA:32,0
DA:34,0
DA:35,0
DA:40,0
DA:41,0
DA:43,0
DA:45,0
DA:51,0
DA:56,0
LF:23
LH:0
BRF:0
BRH:0
end_of_record
TN:
SF:src/infrastructure/external-services/mail/MailService.ts
FN:9,(anonymous_2)
FN:13,(anonymous_3)
FNF:2
FNH:2
FNDA:1,(anonymous_2)
FNDA:2,(anonymous_3)
DA:1,4
DA:2,4
DA:3,4
DA:4,4
DA:7,4
DA:9,1
DA:10,1
DA:14,2
DA:15,2
DA:24,1
DA:25,1
LF:11
LH:11
BRF:0
BRH:0
end_of_record
